[1013/135816.183:ERROR:process_info.cc(359)] UncheckedAllocate
[1020/195828.814:ERROR:process_memory_win.cc(73)] ReadMemory at 0x7ff697ab0000 of 64 bytes failed: Only part of a ReadProcessMemory or WriteProcessMemory request was completed. (0x12B)
[1020/195828.945:WARNING:pe_image_reader.cc(340)] could not read dos header from C:\Program Files (x86)\Google\Chrome\Application\chrome.exe
[1020/195828.946:ERROR:process_memory_win.cc(73)] ReadMemory at 0x7ffdc85e0000 of 64 bytes failed: Only part of a ReadProcessMemory or WriteProcessMemory request was completed. (0x12B)
[1020/195828.946:WARNING:pe_image_reader.cc(340)] could not read dos header from C:\WINDOWS\SYSTEM32\ntdll.dll
[1020/195828.946:ERROR:process_memory_win.cc(73)] ReadMemory at 0x7ffdc7e40000 of 64 bytes failed: Only part of a ReadProcessMemory or WriteProcessMemory request was completed. (0x12B)
[1020/195828.956:WARNING:pe_image_reader.cc(340)] could not read dos header from C:\WINDOWS\System32\KERNEL32.DLL
[1020/195828.956:ERROR:process_memory_win.cc(73)] ReadMemory at 0x7ffdc6290000 of 64 bytes failed: Only part of a ReadProcessMemory or WriteProcessMemory request was completed. (0x12B)
[1020/195828.956:WARNING:pe_image_reader.cc(340)] could not read dos header from C:\WINDOWS\System32\KERNELBASE.dll
[1020/195828.956:ERROR:process_memory_win.cc(73)] ReadMemory at 0x7ffd88b70000 of 64 bytes failed: Only part of a ReadProcessMemory or WriteProcessMemory request was completed. (0x12B)
[1020/195828.956:WARNING:pe_image_reader.cc(340)] could not read dos header from C:\Program Files (x86)\Google\Chrome\Application\77.0.3865.120\chrome_elf.dll
[1020/195828.956:ERROR:process_memory_win.cc(73)] ReadMemory at 0x7ffdbbd60000 of 64 bytes failed: Only part of a ReadProcessMemory or WriteProcessMemory request was completed. (0x12B)
[1020/195828.956:WARNING:pe_image_reader.cc(340)] could not read dos header from C:\WINDOWS\SYSTEM32\VERSION.dll
[1020/195828.956:ERROR:process_memory_win.cc(73)] ReadMemory at 0x7ffdc6fb0000 of 64 bytes failed: Only part of a ReadProcessMemory or WriteProcessMemory request was completed. (0x12B)
[1020/195828.956:WARNING:pe_image_reader.cc(340)] could not read dos header from C:\WINDOWS\System32\msvcrt.dll
[1020/195828.956:ERROR:process_memory_win.cc(73)] ReadMemory at 0x7ffdc6110000 of 64 bytes failed: Only part of a ReadProcessMemory or WriteProcessMemory request was completed. (0x12B)
[1020/195828.956:WARNING:pe_image_reader.cc(340)] could not read dos header from C:\WINDOWS\System32\bcryptPrimitives.dll
[1020/195828.956:ERROR:process_memory_win.cc(73)] ReadMemory at 0x7ffdc83d0000 of 64 bytes failed: Only part of a ReadProcessMemory or WriteProcessMemory request was completed. (0x12B)
[1020/195828.956:WARNING:pe_image_reader.cc(340)] could not read dos header from C:\WINDOWS\System32\ADVAPI32.dll
[1020/195828.956:ERROR:process_memory_win.cc(73)] ReadMemory at 0x7ffdc6f10000 of 64 bytes failed: Only part of a ReadProcessMemory or WriteProcessMemory request was completed. (0x12B)
[1020/195828.956:WARNING:pe_image_reader.cc(340)] could not read dos header from C:\WINDOWS\System32\sechost.dll
[1020/195828.956:ERROR:process_memory_win.cc(73)] ReadMemory at 0x7ffdc7560000 of 64 bytes failed: Only part of a ReadProcessMemory or WriteProcessMemory request was completed. (0x12B)
[1020/195828.956:WARNING:pe_image_reader.cc(340)] could not read dos header from C:\WINDOWS\System32\RPCRT4.dll
[1020/195828.956:ERROR:process_memory_win.cc(73)] ReadMemory at 0x7ffd5f060000 of 64 bytes failed: Only part of a ReadProcessMemory or WriteProcessMemory request was completed. (0x12B)
[1020/195828.956:WARNING:pe_image_reader.cc(340)] could not read dos header from C:\Program Files (x86)\Google\Chrome\Application\77.0.3865.120\chrome_child.dll
[1020/195828.957:ERROR:process_memory_win.cc(73)] ReadMemory at 0x7ffdc7d70000 of 64 bytes failed: Only part of a ReadProcessMemory or WriteProcessMemory request was completed. (0x12B)
[1020/195828.957:WARNING:pe_image_reader.cc(340)] could not read dos header from C:\WINDOWS\System32\OLEAUT32.dll
[1020/195828.957:ERROR:process_memory_win.cc(73)] ReadMemory at 0x7ffdc6570000 of 64 bytes failed: Only part of a ReadProcessMemory or WriteProcessMemory request was completed. (0x12B)
[1020/195828.957:WARNING:pe_image_reader.cc(340)] could not read dos header from C:\WINDOWS\System32\msvcp_win.dll
[1020/195828.957:ERROR:process_memory_win.cc(73)] ReadMemory at 0x7ffdc6190000 of 64 bytes failed: Only part of a ReadProcessMemory or WriteProcessMemory request was completed. (0x12B)
[1020/195828.957:WARNING:pe_image_reader.cc(340)] could not read dos header from C:\WINDOWS\System32\ucrtbase.dll
[1020/195828.957:ERROR:process_memory_win.cc(73)] ReadMemory at 0x7ffdc8090000 of 64 bytes failed: Only part of a ReadProcessMemory or WriteProcessMemory request was completed. (0x12B)
[1020/195828.957:WARNING:pe_image_reader.cc(340)] could not read dos header from C:\WINDOWS\System32\combase.dll
[1020/195828.957:ERROR:process_memory_win.cc(73)] ReadMemory at 0x7ffdc74f0000 of 64 bytes failed: Only part of a ReadProcessMemory or WriteProcessMemory request was completed. (0x12B)
[1020/195828.957:WARNING:pe_image_reader.cc(340)] could not read dos header from C:\WINDOWS\System32\WS2_32.dll
[1020/195828.957:ERROR:process_memory_win.cc(73)] ReadMemory at 0x140967a0000 of 64 bytes failed: Only part of a ReadProcessMemory or WriteProcessMemory request was completed. (0x12B)
[1020/195828.957:WARNING:pe_image_reader.cc(340)] could not read dos header from C:\WINDOWS\System32\GDI32.dll
[1020/195828.957:ERROR:process_memory_win.cc(73)] ReadMemory at 0x7ffdc6540000 of 64 bytes failed: Only part of a ReadProcessMemory or WriteProcessMemory request was completed. (0x12B)
[1020/195828.957:WARNING:pe_image_reader.cc(340)] could not read dos header from C:\WINDOWS\System32\win32u.dll
[1020/195828.957:ERROR:process_memory_win.cc(73)] ReadMemory at 0x7ffdc5570000 of 64 bytes failed: Only part of a ReadProcessMemory or WriteProcessMemory request was completed. (0x12B)
[1020/195828.957:WARNING:pe_image_reader.cc(340)] could not read dos header from C:\WINDOWS\System32\gdi32full.dll
[1020/195828.957:ERROR:process_memory_win.cc(73)] ReadMemory at 0x7ffdc6900000 of 64 bytes failed: Only part of a ReadProcessMemory or WriteProcessMemory request was completed. (0x12B)
[1020/195828.957:WARNING:pe_image_reader.cc(340)] could not read dos header from C:\WINDOWS\System32\USER32.dll
[1020/195828.957:ERROR:process_memory_win.cc(73)] ReadMemory at 0x7ffdc6610000 of 64 bytes failed: Only part of a ReadProcessMemory or WriteProcessMemory request was completed. (0x12B)
[1020/195828.957:WARNING:pe_image_reader.cc(340)] could not read dos header from C:\WINDOWS\System32\WINTRUST.dll
[1020/195828.957:ERROR:process_memory_win.cc(73)] ReadMemory at 0x7ffdc5550000 of 64 bytes failed: Only part of a ReadProcessMemory or WriteProcessMemory request was completed. (0x12B)
[1020/195828.957:WARNING:pe_image_reader.cc(340)] could not read dos header from C:\WINDOWS\System32\MSASN1.dll
[1020/195828.957:ERROR:process_memory_win.cc(73)] ReadMemory at 0x7ffdc5ec0000 of 64 bytes failed: Only part of a ReadProcessMemory or WriteProcessMemory request was completed. (0x12B)
[1020/195828.957:WARNING:pe_image_reader.cc(340)] could not read dos header from C:\WINDOWS\System32\CRYPT32.dll
[1020/195828.957:ERROR:process_memory_win.cc(73)] ReadMemory at 0x7ffdc49d0000 of 64 bytes failed: Only part of a ReadProcessMemory or WriteProcessMemory request was completed. (0x12B)
[1020/195828.957:WARNING:pe_image_reader.cc(340)] could not read dos header from C:\WINDOWS\SYSTEM32\IPHLPAPI.DLL
[1020/195828.957:ERROR:process_memory_win.cc(73)] ReadMemory at 0x7ffdbd000000 of 64 bytes failed: Only part of a ReadProcessMemory or WriteProcessMemory request was completed. (0x12B)
[1020/195828.957:WARNING:pe_image_reader.cc(340)] could not read dos header from C:\WINDOWS\SYSTEM32\WINMM.dll
[1020/195828.957:ERROR:process_memory_win.cc(73)] ReadMemory at 0x7ffdc53a0000 of 64 bytes failed: Only part of a ReadProcessMemory or WriteProcessMemory request was completed. (0x12B)
[1020/195828.957:WARNING:pe_image_reader.cc(340)] could not read dos header from C:\WINDOWS\SYSTEM32\USERENV.dll
[1020/195828.958:ERROR:process_memory_win.cc(73)] ReadMemory at 0x7ffdc54e0000 of 64 bytes failed: Only part of a ReadProcessMemory or WriteProcessMemory request was completed. (0x12B)
[1020/195828.958:WARNING:pe_image_reader.cc(340)] could not read dos header from C:\WINDOWS\System32\profapi.dll
[1020/195828.958:ERROR:process_memory_win.cc(73)] ReadMemory at 0x7ffda3730000 of 64 bytes failed: Only part of a ReadProcessMemory or WriteProcessMemory request was completed. (0x12B)
[1020/195828.958:WARNING:pe_image_reader.cc(340)] could not read dos header from C:\WINDOWS\SYSTEM32\DWrite.dll
[1020/195828.958:ERROR:process_memory_win.cc(73)] ReadMemory at 0x7ffda8030000 of 64 bytes failed: Only part of a ReadProcessMemory or WriteProcessMemory request was completed. (0x12B)
[1020/195828.958:WARNING:pe_image_reader.cc(340)] could not read dos header from C:\WINDOWS\SYSTEM32\WINSPOOL.DRV
[1020/195828.958:ERROR:process_memory_win.cc(73)] ReadMemory at 0x7ffdc54c0000 of 64 bytes failed: Only part of a ReadProcessMemory or WriteProcessMemory request was completed. (0x12B)
[1020/195828.958:WARNING:pe_image_reader.cc(340)] could not read dos header from C:\WINDOWS\System32\kernel.appcore.dll
[1020/195828.958:ERROR:process_memory_win.cc(73)] ReadMemory at 0x7ffdc5710000 of 64 bytes failed: Only part of a ReadProcessMemory or WriteProcessMemory request was completed. (0x12B)
[1020/195828.958:WARNING:pe_image_reader.cc(340)] could not read dos header from C:\WINDOWS\System32\bcrypt.dll
[1020/195828.958:ERROR:process_memory_win.cc(73)] ReadMemory at 0x7ffdbe170000 of 64 bytes failed: Only part of a ReadProcessMemory or WriteProcessMemory request was completed. (0x12B)
[1020/195828.958:WARNING:pe_image_reader.cc(340)] could not read dos header from C:\WINDOWS\SYSTEM32\dbghelp.dll
[1020/195828.958:ERROR:process_memory_win.cc(73)] ReadMemory at 0x7ffdbdb50000 of 64 bytes failed: Only part of a ReadProcessMemory or WriteProcessMemory request was completed. (0x12B)
[1020/195828.958:WARNING:pe_image_reader.cc(340)] could not read dos header from C:\WINDOWS\SYSTEM32\WINHTTP.dll
[1020/195828.958:ERROR:process_memory_win.cc(73)] ReadMemory at 0x7ffdba800000 of 64 bytes failed: Only part of a ReadProcessMemory or WriteProcessMemory request was completed. (0x12B)
[1020/195828.958:WARNING:pe_image_reader.cc(340)] could not read dos header from C:\WINDOWS\SYSTEM32\Secur32.dll
[1020/195828.958:ERROR:process_memory_win.cc(73)] ReadMemory at 0x7ffdc0240000 of 64 bytes failed: Only part of a ReadProcessMemory or WriteProcessMemory request was completed. (0x12B)
[1020/195828.958:WARNING:pe_image_reader.cc(340)] could not read dos header from C:\WINDOWS\SYSTEM32\dhcpcsvc.DLL
[1020/195828.958:ERROR:process_memory_win.cc(73)] ReadMemory at 0x7ffdc6690000 of 64 bytes failed: Only part of a ReadProcessMemory or WriteProcessMemory request was completed. (0x12B)
[1020/195828.958:WARNING:pe_image_reader.cc(340)] could not read dos header from C:\WINDOWS\System32\NSI.dll
[1020/195828.958:ERROR:process_memory_win.cc(73)] ReadMemory at 0x7ffdbcfd0000 of 64 bytes failed: Only part of a ReadProcessMemory or WriteProcessMemory request was completed. (0x12B)
[1020/195828.958:WARNING:pe_image_reader.cc(340)] could not read dos header from C:\WINDOWS\SYSTEM32\WINMMBASE.dll
[1020/195828.958:ERROR:process_memory_win.cc(73)] ReadMemory at 0x7ffdc60c0000 of 64 bytes failed: Only part of a ReadProcessMemory or WriteProcessMemory request was completed. (0x12B)
[1020/195828.958:WARNING:pe_image_reader.cc(340)] could not read dos header from C:\WINDOWS\System32\cfgmgr32.dll
[1020/195828.958:ERROR:process_memory_win.cc(73)] ReadMemory at 0x7ffdc17d0000 of 64 bytes failed: Only part of a ReadProcessMemory or WriteProcessMemory request was completed. (0x12B)
[1020/195828.958:WARNING:pe_image_reader.cc(340)] could not read dos header from C:\WINDOWS\SYSTEM32\PROPSYS.dll
[1020/195828.958:ERROR:process_memory_win.cc(73)] ReadMemory at 0x7ffdc84f0000 of 64 bytes failed: Only part of a ReadProcessMemory or WriteProcessMemory request was completed. (0x12B)
[1020/195828.958:WARNING:pe_image_reader.cc(340)] could not read dos header from C:\WINDOWS\System32\shcore.dll
[1020/195828.958:ERROR:process_memory_win.cc(73)] ReadMemory at 0x7ffdc53d0000 of 64 bytes failed: Only part of a ReadProcessMemory or WriteProcessMemory request was completed. (0x12B)
[1020/195828.958:WARNING:pe_image_reader.cc(340)] could not read dos header from C:\WINDOWS\SYSTEM32\SSPICLI.DLL
[1020/195828.958:ERROR:process_memory_win.cc(73)] ReadMemory at 0x7ffdc6710000 of 64 bytes failed: Only part of a ReadProcessMemory or WriteProcessMemory request was completed. (0x12B)
[1020/195828.958:WARNING:pe_image_reader.cc(340)] could not read dos header from C:\WINDOWS\System32\IMM32.DLL
[1020/195828.958:ERROR:process_memory_win.cc(73)] ReadMemory at 0x7ffdc4e90000 of 64 bytes failed: Only part of a ReadProcessMemory or WriteProcessMemory request was completed. (0x12B)
[1020/195828.959:WARNING:pe_image_reader.cc(340)] could not read dos header from C:\WINDOWS\SYSTEM32\CRYPTBASE.DLL
[1020/195828.959:ERROR:process_memory_win.cc(73)] ReadMemory at 0x7ff697ab0000 of 64 bytes failed: Only part of a ReadProcessMemory or WriteProcessMemory request was completed. (0x12B)
[1020/195828.959:WARNING:pe_image_reader.cc(340)] could not read dos header from C:\Program Files (x86)\Google\Chrome\Application\chrome.exe
[1020/195828.959:ERROR:process_memory_win.cc(73)] ReadMemory at 0x7ffdc85e0000 of 64 bytes failed: Only part of a ReadProcessMemory or WriteProcessMemory request was completed. (0x12B)
[1020/195828.959:WARNING:pe_image_reader.cc(340)] could not read dos header from C:\WINDOWS\SYSTEM32\ntdll.dll
[1020/195828.959:ERROR:process_memory_win.cc(73)] ReadMemory at 0x7ffdc7e40000 of 64 bytes failed: Only part of a ReadProcessMemory or WriteProcessMemory request was completed. (0x12B)
[1020/195828.959:WARNING:pe_image_reader.cc(340)] could not read dos header from C:\WINDOWS\System32\KERNEL32.DLL
[1020/195828.959:ERROR:process_memory_win.cc(73)] ReadMemory at 0x7ffdc6290000 of 64 bytes failed: Only part of a ReadProcessMemory or WriteProcessMemory request was completed. (0x12B)
[1020/195828.959:WARNING:pe_image_reader.cc(340)] could not read dos header from C:\WINDOWS\System32\KERNELBASE.dll
[1020/195828.959:ERROR:process_memory_win.cc(73)] ReadMemory at 0x7ffd88b70000 of 64 bytes failed: Only part of a ReadProcessMemory or WriteProcessMemory request was completed. (0x12B)
[1020/195828.959:WARNING:pe_image_reader.cc(340)] could not read dos header from C:\Program Files (x86)\Google\Chrome\Application\77.0.3865.120\chrome_elf.dll
[1020/195828.959:ERROR:process_memory_win.cc(73)] ReadMemory at 0x7ffdbbd60000 of 64 bytes failed: Only part of a ReadProcessMemory or WriteProcessMemory request was completed. (0x12B)
[1020/195828.959:WARNING:pe_image_reader.cc(340)] could not read dos header from C:\WINDOWS\SYSTEM32\VERSION.dll
[1020/195828.959:ERROR:process_memory_win.cc(73)] ReadMemory at 0x7ffdc6fb0000 of 64 bytes failed: Only part of a ReadProcessMemory or WriteProcessMemory request was completed. (0x12B)
[1020/195828.959:WARNING:pe_image_reader.cc(340)] could not read dos header from C:\WINDOWS\System32\msvcrt.dll
[1020/195828.959:ERROR:process_memory_win.cc(73)] ReadMemory at 0x7ffdc6110000 of 64 bytes failed: Only part of a ReadProcessMemory or WriteProcessMemory request was completed. (0x12B)
[1020/195828.959:WARNING:pe_image_reader.cc(340)] could not read dos header from C:\WINDOWS\System32\bcryptPrimitives.dll
[1020/195828.959:ERROR:process_memory_win.cc(73)] ReadMemory at 0x7ffdc83d0000 of 64 bytes failed: Only part of a ReadProcessMemory or WriteProcessMemory request was completed. (0x12B)
[1020/195828.959:WARNING:pe_image_reader.cc(340)] could not read dos header from C:\WINDOWS\System32\ADVAPI32.dll
[1020/195828.959:ERROR:process_memory_win.cc(73)] ReadMemory at 0x7ffdc6f10000 of 64 bytes failed: Only part of a ReadProcessMemory or WriteProcessMemory request was completed. (0x12B)
[1020/195828.959:WARNING:pe_image_reader.cc(340)] could not read dos header from C:\WINDOWS\System32\sechost.dll
[1020/195828.959:ERROR:process_memory_win.cc(73)] ReadMemory at 0x7ffdc7560000 of 64 bytes failed: Only part of a ReadProcessMemory or WriteProcessMemory request was completed. (0x12B)
[1020/195828.959:WARNING:pe_image_reader.cc(340)] could not read dos header from C:\WINDOWS\System32\RPCRT4.dll
[1020/195828.959:ERROR:process_memory_win.cc(73)] ReadMemory at 0x7ffd5f060000 of 64 bytes failed: Only part of a ReadProcessMemory or WriteProcessMemory request was completed. (0x12B)
[1020/195828.959:WARNING:pe_image_reader.cc(340)] could not read dos header from C:\Program Files (x86)\Google\Chrome\Application\77.0.3865.120\chrome_child.dll
[1020/195828.959:ERROR:process_memory_win.cc(73)] ReadMemory at 0x7ffdc7d70000 of 64 bytes failed: Only part of a ReadProcessMemory or WriteProcessMemory request was completed. (0x12B)
[1020/195828.959:WARNING:pe_image_reader.cc(340)] could not read dos header from C:\WINDOWS\System32\OLEAUT32.dll
[1020/195828.959:ERROR:process_memory_win.cc(73)] ReadMemory at 0x7ffdc6570000 of 64 bytes failed: Only part of a ReadProcessMemory or WriteProcessMemory request was completed. (0x12B)
[1020/195828.959:WARNING:pe_image_reader.cc(340)] could not read dos header from C:\WINDOWS\System32\msvcp_win.dll
[1020/195828.959:ERROR:process_memory_win.cc(73)] ReadMemory at 0x7ffdc6190000 of 64 bytes failed: Only part of a ReadProcessMemory or WriteProcessMemory request was completed. (0x12B)
[1020/195828.959:WARNING:pe_image_reader.cc(340)] could not read dos header from C:\WINDOWS\System32\ucrtbase.dll
[1020/195828.959:ERROR:process_memory_win.cc(73)] ReadMemory at 0x7ffdc8090000 of 64 bytes failed: Only part of a ReadProcessMemory or WriteProcessMemory request was completed. (0x12B)
[1020/195828.959:WARNING:pe_image_reader.cc(340)] could not read dos header from C:\WINDOWS\System32\combase.dll
[1020/195828.960:ERROR:process_memory_win.cc(73)] ReadMemory at 0x7ffdc74f0000 of 64 bytes failed: Only part of a ReadProcessMemory or WriteProcessMemory request was completed. (0x12B)
[1020/195828.960:WARNING:pe_image_reader.cc(340)] could not read dos header from C:\WINDOWS\System32\WS2_32.dll
[1020/195828.960:ERROR:process_memory_win.cc(73)] ReadMemory at 0x140967a0000 of 64 bytes failed: Only part of a ReadProcessMemory or WriteProcessMemory request was completed. (0x12B)
[1020/195828.960:WARNING:pe_image_reader.cc(340)] could not read dos header from C:\WINDOWS\System32\GDI32.dll
[1020/195828.960:ERROR:process_memory_win.cc(73)] ReadMemory at 0x7ffdc6540000 of 64 bytes failed: Only part of a ReadProcessMemory or WriteProcessMemory request was completed. (0x12B)
[1020/195828.960:WARNING:pe_image_reader.cc(340)] could not read dos header from C:\WINDOWS\System32\win32u.dll
[1020/195828.960:ERROR:process_memory_win.cc(73)] ReadMemory at 0x7ffdc5570000 of 64 bytes failed: Only part of a ReadProcessMemory or WriteProcessMemory request was completed. (0x12B)
[1020/195828.960:WARNING:pe_image_reader.cc(340)] could not read dos header from C:\WINDOWS\System32\gdi32full.dll
[1020/195828.960:ERROR:process_memory_win.cc(73)] ReadMemory at 0x7ffdc6900000 of 64 bytes failed: Only part of a ReadProcessMemory or WriteProcessMemory request was completed. (0x12B)
[1020/195828.960:WARNING:pe_image_reader.cc(340)] could not read dos header from C:\WINDOWS\System32\USER32.dll
[1020/195828.960:ERROR:process_memory_win.cc(73)] ReadMemory at 0x7ffdc6610000 of 64 bytes failed: Only part of a ReadProcessMemory or WriteProcessMemory request was completed. (0x12B)
[1020/195828.960:WARNING:pe_image_reader.cc(340)] could not read dos header from C:\WINDOWS\System32\WINTRUST.dll
[1020/195828.960:ERROR:process_memory_win.cc(73)] ReadMemory at 0x7ffdc5550000 of 64 bytes failed: Only part of a ReadProcessMemory or WriteProcessMemory request was completed. (0x12B)
[1020/195828.960:WARNING:pe_image_reader.cc(340)] could not read dos header from C:\WINDOWS\System32\MSASN1.dll
[1020/195828.960:ERROR:process_memory_win.cc(73)] ReadMemory at 0x7ffdc5ec0000 of 64 bytes failed: Only part of a ReadProcessMemory or WriteProcessMemory request was completed. (0x12B)
[1020/195828.960:WARNING:pe_image_reader.cc(340)] could not read dos header from C:\WINDOWS\System32\CRYPT32.dll
[1020/195828.960:ERROR:process_memory_win.cc(73)] ReadMemory at 0x7ffdc49d0000 of 64 bytes failed: Only part of a ReadProcessMemory or WriteProcessMemory request was completed. (0x12B)
[1020/195828.960:WARNING:pe_image_reader.cc(340)] could not read dos header from C:\WINDOWS\SYSTEM32\IPHLPAPI.DLL
[1020/195828.960:ERROR:process_memory_win.cc(73)] ReadMemory at 0x7ffdbd000000 of 64 bytes failed: Only part of a ReadProcessMemory or WriteProcessMemory request was completed. (0x12B)
[1020/195828.960:WARNING:pe_image_reader.cc(340)] could not read dos header from C:\WINDOWS\SYSTEM32\WINMM.dll
[1020/195828.960:ERROR:process_memory_win.cc(73)] ReadMemory at 0x7ffdc53a0000 of 64 bytes failed: Only part of a ReadProcessMemory or WriteProcessMemory request was completed. (0x12B)
[1020/195828.960:WARNING:pe_image_reader.cc(340)] could not read dos header from C:\WINDOWS\SYSTEM32\USERENV.dll
[1020/195828.960:ERROR:process_memory_win.cc(73)] ReadMemory at 0x7ffdc54e0000 of 64 bytes failed: Only part of a ReadProcessMemory or WriteProcessMemory request was completed. (0x12B)
[1020/195828.960:WARNING:pe_image_reader.cc(340)] could not read dos header from C:\WINDOWS\System32\profapi.dll
[1020/195828.960:ERROR:process_memory_win.cc(73)] ReadMemory at 0x7ffda3730000 of 64 bytes failed: Only part of a ReadProcessMemory or WriteProcessMemory request was completed. (0x12B)
[1020/195828.960:WARNING:pe_image_reader.cc(340)] could not read dos header from C:\WINDOWS\SYSTEM32\DWrite.dll
[1020/195828.960:ERROR:process_memory_win.cc(73)] ReadMemory at 0x7ffda8030000 of 64 bytes failed: Only part of a ReadProcessMemory or WriteProcessMemory request was completed. (0x12B)
[1020/195828.960:WARNING:pe_image_reader.cc(340)] could not read dos header from C:\WINDOWS\SYSTEM32\WINSPOOL.DRV
[1020/195828.960:ERROR:process_memory_win.cc(73)] ReadMemory at 0x7ffdc54c0000 of 64 bytes failed: Only part of a ReadProcessMemory or WriteProcessMemory request was completed. (0x12B)
[1020/195828.960:WARNING:pe_image_reader.cc(340)] could not read dos header from C:\WINDOWS\System32\kernel.appcore.dll
[1020/195828.961:ERROR:process_memory_win.cc(73)] ReadMemory at 0x7ffdc5710000 of 64 bytes failed: Only part of a ReadProcessMemory or WriteProcessMemory request was completed. (0x12B)
[1020/195828.961:WARNING:pe_image_reader.cc(340)] could not read dos header from C:\WINDOWS\System32\bcrypt.dll
[1020/195828.961:ERROR:process_memory_win.cc(73)] ReadMemory at 0x7ffdbe170000 of 64 bytes failed: Only part of a ReadProcessMemory or WriteProcessMemory request was completed. (0x12B)
[1020/195828.961:WARNING:pe_image_reader.cc(340)] could not read dos header from C:\WINDOWS\SYSTEM32\dbghelp.dll
[1020/195828.961:ERROR:process_memory_win.cc(73)] ReadMemory at 0x7ffdbdb50000 of 64 bytes failed: Only part of a ReadProcessMemory or WriteProcessMemory request was completed. (0x12B)
[1020/195828.961:WARNING:pe_image_reader.cc(340)] could not read dos header from C:\WINDOWS\SYSTEM32\WINHTTP.dll
[1020/195828.961:ERROR:process_memory_win.cc(73)] ReadMemory at 0x7ffdba800000 of 64 bytes failed: Only part of a ReadProcessMemory or WriteProcessMemory request was completed. (0x12B)
[1020/195828.961:WARNING:pe_image_reader.cc(340)] could not read dos header from C:\WINDOWS\SYSTEM32\Secur32.dll
[1020/195828.961:ERROR:process_memory_win.cc(73)] ReadMemory at 0x7ffdc0240000 of 64 bytes failed: Only part of a ReadProcessMemory or WriteProcessMemory request was completed. (0x12B)
[1020/195828.961:WARNING:pe_image_reader.cc(340)] could not read dos header from C:\WINDOWS\SYSTEM32\dhcpcsvc.DLL
[1020/195828.961:ERROR:process_memory_win.cc(73)] ReadMemory at 0x7ffdc6690000 of 64 bytes failed: Only part of a ReadProcessMemory or WriteProcessMemory request was completed. (0x12B)
[1020/195828.961:WARNING:pe_image_reader.cc(340)] could not read dos header from C:\WINDOWS\System32\NSI.dll
[1020/195828.961:ERROR:process_memory_win.cc(73)] ReadMemory at 0x7ffdbcfd0000 of 64 bytes failed: Only part of a ReadProcessMemory or WriteProcessMemory request was completed. (0x12B)
[1020/195828.961:WARNING:pe_image_reader.cc(340)] could not read dos header from C:\WINDOWS\SYSTEM32\WINMMBASE.dll
[1020/195828.961:ERROR:process_memory_win.cc(73)] ReadMemory at 0x7ffdc60c0000 of 64 bytes failed: Only part of a ReadProcessMemory or WriteProcessMemory request was completed. (0x12B)
[1020/195828.961:WARNING:pe_image_reader.cc(340)] could not read dos header from C:\WINDOWS\System32\cfgmgr32.dll
[1020/195828.961:ERROR:process_memory_win.cc(73)] ReadMemory at 0x7ffdc17d0000 of 64 bytes failed: Only part of a ReadProcessMemory or WriteProcessMemory request was completed. (0x12B)
[1020/195828.961:WARNING:pe_image_reader.cc(340)] could not read dos header from C:\WINDOWS\SYSTEM32\PROPSYS.dll
[1020/195828.961:ERROR:process_memory_win.cc(73)] ReadMemory at 0x7ffdc84f0000 of 64 bytes failed: Only part of a ReadProcessMemory or WriteProcessMemory request was completed. (0x12B)
[1020/195828.961:WARNING:pe_image_reader.cc(340)] could not read dos header from C:\WINDOWS\System32\shcore.dll
[1020/195828.961:ERROR:process_memory_win.cc(73)] ReadMemory at 0x7ffdc53d0000 of 64 bytes failed: Only part of a ReadProcessMemory or WriteProcessMemory request was completed. (0x12B)
[1020/195828.961:WARNING:pe_image_reader.cc(340)] could not read dos header from C:\WINDOWS\SYSTEM32\SSPICLI.DLL
[1020/195828.961:ERROR:process_memory_win.cc(73)] ReadMemory at 0x7ffdc6710000 of 64 bytes failed: Only part of a ReadProcessMemory or WriteProcessMemory request was completed. (0x12B)
[1020/195828.961:WARNING:pe_image_reader.cc(340)] could not read dos header from C:\WINDOWS\System32\IMM32.DLL
[1020/195828.961:ERROR:process_memory_win.cc(73)] ReadMemory at 0x7ffdc4e90000 of 64 bytes failed: Only part of a ReadProcessMemory or WriteProcessMemory request was completed. (0x12B)
[1020/195828.961:WARNING:pe_image_reader.cc(340)] could not read dos header from C:\WINDOWS\SYSTEM32\CRYPTBASE.DLL
[1020/195828.977:ERROR:process_memory_win.cc(73)] ReadMemory at 0x2f41ded000 of 77824 bytes failed: Only part of a ReadProcessMemory or WriteProcessMemory request was completed. (0x12B)
[1020/195828.977:ERROR:process_memory_win.cc(73)] ReadMemory at 0x2f425fd000 of 12288 bytes failed: Only part of a ReadProcessMemory or WriteProcessMemory request was completed. (0x12B)
[1020/195828.977:ERROR:process_memory_win.cc(73)] ReadMemory at 0x2f435fd000 of 12288 bytes failed: Only part of a ReadProcessMemory or WriteProcessMemory request was completed. (0x12B)
[1020/195828.977:ERROR:process_memory_win.cc(73)] ReadMemory at 0x2f43dfb000 of 20480 bytes failed: Only part of a ReadProcessMemory or WriteProcessMemory request was completed. (0x12B)
[1020/195828.977:ERROR:process_memory_win.cc(73)] ReadMemory at 0x2f445ff000 of 4096 bytes failed: Only part of a ReadProcessMemory or WriteProcessMemory request was completed. (0x12B)
[1020/195828.978:ERROR:process_memory_win.cc(73)] ReadMemory at 0x2f44dfd000 of 12288 bytes failed: Only part of a ReadProcessMemory or WriteProcessMemory request was completed. (0x12B)
[1020/195828.978:ERROR:process_memory_win.cc(73)] ReadMemory at 0x2f455fb000 of 20480 bytes failed: Only part of a ReadProcessMemory or WriteProcessMemory request was completed. (0x12B)
[1020/195828.978:ERROR:process_memory_win.cc(73)] ReadMemory at 0x2f465f8000 of 32768 bytes failed: Only part of a ReadProcessMemory or WriteProcessMemory request was completed. (0x12B)
[1020/195828.978:ERROR:process_memory_win.cc(73)] ReadMemory at 0x2f46df8000 of 32768 bytes failed: Only part of a ReadProcessMemory or WriteProcessMemory request was completed. (0x12B)
[1020/195828.978:ERROR:process_memory_win.cc(73)] ReadMemory at 0x2f475f8000 of 32768 bytes failed: Only part of a ReadProcessMemory or WriteProcessMemory request was completed. (0x12B)
[1020/195828.978:ERROR:process_memory_win.cc(73)] ReadMemory at 0x2f47df7000 of 36864 bytes failed: Only part of a ReadProcessMemory or WriteProcessMemory request was completed. (0x12B)
[1020/195828.978:ERROR:process_memory_win.cc(73)] ReadMemory at 0x2f485fd000 of 12288 bytes failed: Only part of a ReadProcessMemory or WriteProcessMemory request was completed. (0x12B)
[1020/195828.979:ERROR:process_memory_win.cc(73)] ReadMemory at 0x2f4a5f9000 of 28672 bytes failed: Only part of a ReadProcessMemory or WriteProcessMemory request was completed. (0x12B)
[1020/195828.979:ERROR:process_memory_win.cc(73)] ReadMemory at 0x2f42dfb000 of 20480 bytes failed: Only part of a ReadProcessMemory or WriteProcessMemory request was completed. (0x12B)
[1020/195828.979:ERROR:process_memory_win.cc(73)] ReadMemory at 0x2f45df7000 of 36864 bytes failed: Only part of a ReadProcessMemory or WriteProcessMemory request was completed. (0x12B)
[1020/195828.979:ERROR:process_memory_win.cc(73)] ReadMemory at 0x2f48dfa000 of 24576 bytes failed: Only part of a ReadProcessMemory or WriteProcessMemory request was completed. (0x12B)
[1020/195828.979:ERROR:process_memory_win.cc(73)] ReadMemory at 0x2f495fc000 of 16384 bytes failed: Only part of a ReadProcessMemory or WriteProcessMemory request was completed. (0x12B)
[1020/195828.979:ERROR:process_memory_win.cc(73)] ReadMemory at 0x2f49dfc000 of 16384 bytes failed: Only part of a ReadProcessMemory or WriteProcessMemory request was completed. (0x12B)
[1020/195828.979:ERROR:process_memory_win.cc(73)] ReadMemory at 0x2f4adfc000 of 16384 bytes failed: Only part of a ReadProcessMemory or WriteProcessMemory request was completed. (0x12B)
[1020/195828.980:ERROR:process_memory_win.cc(73)] ReadMemory at 0x2f4b5fc000 of 16384 bytes failed: Only part of a ReadProcessMemory or WriteProcessMemory request was completed. (0x12B)
[1020/195828.980:ERROR:process_memory_win.cc(73)] ReadMemory at 0x2f4bdfe000 of 8192 bytes failed: Only part of a ReadProcessMemory or WriteProcessMemory request was completed. (0x12B)
[1020/195828.980:ERROR:process_memory_win.cc(73)] ReadMemory at 0x2f41546000 of 852 bytes failed: Only part of a ReadProcessMemory or WriteProcessMemory request was completed. (0x12B)
[1020/195828.980:ERROR:process_memory_win.cc(73)] ReadMemory at 0x2f41547000 of 6024 bytes failed: Only part of a ReadProcessMemory or WriteProcessMemory request was completed. (0x12B)
[1020/195828.980:ERROR:process_memory_win.cc(73)] ReadMemory at 0x2f41549000 of 6024 bytes failed: Only part of a ReadProcessMemory or WriteProcessMemory request was completed. (0x12B)
[1020/195828.980:ERROR:process_memory_win.cc(73)] ReadMemory at 0x2f4154d000 of 6024 bytes failed: Only part of a ReadProcessMemory or WriteProcessMemory request was completed. (0x12B)
[1020/195828.980:ERROR:process_memory_win.cc(73)] ReadMemory at 0x2f4154f000 of 6024 bytes failed: Only part of a ReadProcessMemory or WriteProcessMemory request was completed. (0x12B)
[1020/195828.980:ERROR:process_memory_win.cc(73)] ReadMemory at 0x2f41551000 of 6024 bytes failed: Only part of a ReadProcessMemory or WriteProcessMemory request was completed. (0x12B)
[1020/195828.980:ERROR:process_memory_win.cc(73)] ReadMemory at 0x2f41553000 of 6024 bytes failed: Only part of a ReadProcessMemory or WriteProcessMemory request was completed. (0x12B)
[1020/195828.980:ERROR:process_memory_win.cc(73)] ReadMemory at 0x2f41555000 of 6024 bytes failed: Only part of a ReadProcessMemory or WriteProcessMemory request was completed. (0x12B)
[1020/195828.980:ERROR:process_memory_win.cc(73)] ReadMemory at 0x2f41559000 of 6024 bytes failed: Only part of a ReadProcessMemory or WriteProcessMemory request was completed. (0x12B)
[1020/195828.980:ERROR:process_memory_win.cc(73)] ReadMemory at 0x2f4155b000 of 6024 bytes failed: Only part of a ReadProcessMemory or WriteProcessMemory request was completed. (0x12B)
[1020/195828.981:ERROR:process_memory_win.cc(73)] ReadMemory at 0x2f4155d000 of 6024 bytes failed: Only part of a ReadProcessMemory or WriteProcessMemory request was completed. (0x12B)
[1020/195828.981:ERROR:process_memory_win.cc(73)] ReadMemory at 0x2f4155f000 of 6024 bytes failed: Only part of a ReadProcessMemory or WriteProcessMemory request was completed. (0x12B)
[1020/195828.981:ERROR:process_memory_win.cc(73)] ReadMemory at 0x2f41561000 of 6024 bytes failed: Only part of a ReadProcessMemory or WriteProcessMemory request was completed. (0x12B)
[1020/195828.981:ERROR:process_memory_win.cc(73)] ReadMemory at 0x2f41577000 of 6024 bytes failed: Only part of a ReadProcessMemory or WriteProcessMemory request was completed. (0x12B)
[1020/195828.981:ERROR:process_memory_win.cc(73)] ReadMemory at 0x2f4157b000 of 6024 bytes failed: Only part of a ReadProcessMemory or WriteProcessMemory request was completed. (0x12B)
[1020/195828.981:ERROR:process_memory_win.cc(73)] ReadMemory at 0x2f4157d000 of 6024 bytes failed: Only part of a ReadProcessMemory or WriteProcessMemory request was completed. (0x12B)
[1020/195828.981:ERROR:process_memory_win.cc(73)] ReadMemory at 0x2f4157f000 of 6024 bytes failed: Only part of a ReadProcessMemory or WriteProcessMemory request was completed. (0x12B)
[1020/195828.981:ERROR:process_memory_win.cc(73)] ReadMemory at 0x2f41581000 of 6024 bytes failed: Only part of a ReadProcessMemory or WriteProcessMemory request was completed. (0x12B)
[1020/195828.981:ERROR:process_memory_win.cc(73)] ReadMemory at 0x2f41583000 of 6024 bytes failed: Only part of a ReadProcessMemory or WriteProcessMemory request was completed. (0x12B)
[1020/195828.981:ERROR:process_memory_win.cc(73)] ReadMemory at 0x2f41585000 of 6024 bytes failed: Only part of a ReadProcessMemory or WriteProcessMemory request was completed. (0x12B)
[1020/195828.981:ERROR:process_memory_win.cc(73)] ReadMemory at 0x2f41587000 of 6024 bytes failed: Only part of a ReadProcessMemory or WriteProcessMemory request was completed. (0x12B)
[1020/195828.981:ERROR:process_memory_win.cc(73)] ReadMemory at 0x2f41589000 of 6024 bytes failed: Only part of a ReadProcessMemory or WriteProcessMemory request was completed. (0x12B)
[1020/195828.981:ERROR:process_memory_win.cc(73)] ReadMemory at 0x14096530fe0 of 7400 bytes failed: Only part of a ReadProcessMemory or WriteProcessMemory request was completed. (0x12B)
[1020/195828.982:ERROR:process_memory_win.cc(73)] ReadMemory at 0x14096532cd0 of 1012 bytes failed: Only part of a ReadProcessMemory or WriteProcessMemory request was completed. (0x12B)
[1020/195828.982:ERROR:process_memory_win.cc(73)] ReadMemory at 0x14096533318 of 118 bytes failed: Only part of a ReadProcessMemory or WriteProcessMemory request was completed. (0x12B)
[1020/195828.982:ERROR:process_memory_win.cc(73)] ReadMemory at 0x14096533390 of 866 bytes failed: Only part of a ReadProcessMemory or WriteProcessMemory request was completed. (0x12B)
[1020/195828.982:ERROR:process_memory_win.cc(73)] ReadMemory at 0x140965336f4 of 118 bytes failed: Only part of a ReadProcessMemory or WriteProcessMemory request was completed. (0x12B)
[1020/195828.982:ERROR:process_memory_win.cc(73)] ReadMemory at 0x1409653376c of 98 bytes failed: Only part of a ReadProcessMemory or WriteProcessMemory request was completed. (0x12B)
[1020/195828.982:ERROR:process_memory_win.cc(73)] ReadMemory at 0x140965337e0 of 58 bytes failed: Only part of a ReadProcessMemory or WriteProcessMemory request was completed. (0x12B)
[1020/195828.982:ERROR:process_memory_win.cc(73)] ReadMemory at 0x140965338e0 of 132 bytes failed: Only part of a ReadProcessMemory or WriteProcessMemory request was completed. (0x12B)
[1020/195828.982:ERROR:process_memory_win.cc(73)] ReadMemory at 0x14096533a70 of 132 bytes failed: Only part of a ReadProcessMemory or WriteProcessMemory request was completed. (0x12B)
[1020/195828.982:ERROR:process_memory_win.cc(73)] ReadMemory at 0x14096533c30 of 126 bytes failed: Only part of a ReadProcessMemory or WriteProcessMemory request was completed. (0x12B)
[1020/195828.982:ERROR:process_memory_win.cc(73)] ReadMemory at 0x14096534010 of 132 bytes failed: Only part of a ReadProcessMemory or WriteProcessMemory request was completed. (0x12B)
[1020/195828.982:ERROR:process_memory_win.cc(73)] ReadMemory at 0x140965341a0 of 64 bytes failed: Only part of a ReadProcessMemory or WriteProcessMemory request was completed. (0x12B)
[1020/195828.982:ERROR:process_memory_win.cc(73)] ReadMemory at 0x140965341f0 of 132 bytes failed: Only part of a ReadProcessMemory or WriteProcessMemory request was completed. (0x12B)
[1020/195828.982:ERROR:process_memory_win.cc(73)] ReadMemory at 0x14096534360 of 132 bytes failed: Only part of a ReadProcessMemory or WriteProcessMemory request was completed. (0x12B)
[1020/195828.982:ERROR:process_memory_win.cc(73)] ReadMemory at 0x14096534600 of 132 bytes failed: Only part of a ReadProcessMemory or WriteProcessMemory request was completed. (0x12B)
[1020/195828.982:ERROR:process_memory_win.cc(73)] ReadMemory at 0x14096534790 of 68 bytes failed: Only part of a ReadProcessMemory or WriteProcessMemory request was completed. (0x12B)
[1020/195828.982:ERROR:process_memory_win.cc(73)] ReadMemory at 0x14096535890 of 132 bytes failed: Only part of a ReadProcessMemory or WriteProcessMemory request was completed. (0x12B)
[1020/195828.983:ERROR:process_memory_win.cc(73)] ReadMemory at 0x14096535a20 of 154 bytes failed: Only part of a ReadProcessMemory or WriteProcessMemory request was completed. (0x12B)
[1020/195828.983:ERROR:process_memory_win.cc(73)] ReadMemory at 0x14096536a40 of 132 bytes failed: Only part of a ReadProcessMemory or WriteProcessMemory request was completed. (0x12B)
[1020/195828.983:ERROR:process_memory_win.cc(73)] ReadMemory at 0x14096536d20 of 132 bytes failed: Only part of a ReadProcessMemory or WriteProcessMemory request was completed. (0x12B)
[1020/195828.983:ERROR:process_memory_win.cc(73)] ReadMemory at 0x14096538440 of 62 bytes failed: Only part of a ReadProcessMemory or WriteProcessMemory request was completed. (0x12B)
[1020/195828.983:ERROR:process_memory_win.cc(73)] ReadMemory at 0x140965384c0 of 158 bytes failed: Only part of a ReadProcessMemory or WriteProcessMemory request was completed. (0x12B)
[1020/195828.983:ERROR:process_memory_win.cc(73)] ReadMemory at 0x140965385a0 of 132 bytes failed: Only part of a ReadProcessMemory or WriteProcessMemory request was completed. (0x12B)
[1020/195828.983:ERROR:process_memory_win.cc(73)] ReadMemory at 0x14096538730 of 60 bytes failed: Only part of a ReadProcessMemory or WriteProcessMemory request was completed. (0x12B)
[1020/195828.983:ERROR:process_memory_win.cc(73)] ReadMemory at 0x1409653b0c0 of 58 bytes failed: Only part of a ReadProcessMemory or WriteProcessMemory request was completed. (0x12B)
[1020/195828.983:ERROR:process_memory_win.cc(73)] ReadMemory at 0x1409653b430 of 64 bytes failed: Only part of a ReadProcessMemory or WriteProcessMemory request was completed. (0x12B)
[1020/195828.983:ERROR:process_memory_win.cc(73)] ReadMemory at 0x1409653b4d0 of 62 bytes failed: Only part of a ReadProcessMemory or WriteProcessMemory request was completed. (0x12B)
[1020/195828.983:ERROR:process_memory_win.cc(73)] ReadMemory at 0x1409653b520 of 66 bytes failed: Only part of a ReadProcessMemory or WriteProcessMemory request was completed. (0x12B)
[1020/195828.983:ERROR:process_memory_win.cc(73)] ReadMemory at 0x1409653b570 of 64 bytes failed: Only part of a ReadProcessMemory or WriteProcessMemory request was completed. (0x12B)
[1020/195828.983:ERROR:process_memory_win.cc(73)] ReadMemory at 0x1409653b5c0 of 60 bytes failed: Only part of a ReadProcessMemory or WriteProcessMemory request was completed. (0x12B)
[1020/195828.983:ERROR:process_memory_win.cc(73)] ReadMemory at 0x1409653b610 of 64 bytes failed: Only part of a ReadProcessMemory or WriteProcessMemory request was completed. (0x12B)
[1020/195828.983:ERROR:process_memory_win.cc(73)] ReadMemory at 0x1409653b6b0 of 62 bytes failed: Only part of a ReadProcessMemory or WriteProcessMemory request was completed. (0x12B)
[1020/195828.983:ERROR:process_memory_win.cc(73)] ReadMemory at 0x1409653b750 of 60 bytes failed: Only part of a ReadProcessMemory or WriteProcessMemory request was completed. (0x12B)
[1020/195828.984:ERROR:process_memory_win.cc(73)] ReadMemory at 0x1409653bbe0 of 132 bytes failed: Only part of a ReadProcessMemory or WriteProcessMemory request was completed. (0x12B)
[1020/195828.984:ERROR:process_memory_win.cc(73)] ReadMemory at 0x1409653bd10 of 132 bytes failed: Only part of a ReadProcessMemory or WriteProcessMemory request was completed. (0x12B)
[1020/195828.984:ERROR:process_memory_win.cc(73)] ReadMemory at 0x1409653bea0 of 80 bytes failed: Only part of a ReadProcessMemory or WriteProcessMemory request was completed. (0x12B)
[1020/195828.984:ERROR:process_memory_win.cc(73)] ReadMemory at 0x1409653c2f0 of 76 bytes failed: Only part of a ReadProcessMemory or WriteProcessMemory request was completed. (0x12B)
[1020/195828.984:ERROR:process_memory_win.cc(73)] ReadMemory at 0x1409653d8c0 of 512 bytes failed: Only part of a ReadProcessMemory or WriteProcessMemory request was completed. (0x12B)
[1020/195828.984:ERROR:process_memory_win.cc(73)] ReadMemory at 0x1409653f940 of 54 bytes failed: Only part of a ReadProcessMemory or WriteProcessMemory request was completed. (0x12B)
[1020/195828.984:ERROR:process_memory_win.cc(73)] ReadMemory at 0x14096541130 of 132 bytes failed: Only part of a ReadProcessMemory or WriteProcessMemory request was completed. (0x12B)
[1020/195828.984:ERROR:process_memory_win.cc(73)] ReadMemory at 0x14096541730 of 132 bytes failed: Only part of a ReadProcessMemory or WriteProcessMemory request was completed. (0x12B)
[1020/195828.984:ERROR:process_memory_win.cc(73)] ReadMemory at 0x140965437a0 of 132 bytes failed: Only part of a ReadProcessMemory or WriteProcessMemory request was completed. (0x12B)
[1020/195828.984:ERROR:process_memory_win.cc(73)] ReadMemory at 0x14096543af0 of 132 bytes failed: Only part of a ReadProcessMemory or WriteProcessMemory request was completed. (0x12B)
[1020/195828.984:ERROR:process_memory_win.cc(73)] ReadMemory at 0x14096543d60 of 132 bytes failed: Only part of a ReadProcessMemory or WriteProcessMemory request was completed. (0x12B)
[1020/195828.984:ERROR:process_memory_win.cc(73)] ReadMemory at 0x14096545940 of 132 bytes failed: Only part of a ReadProcessMemory or WriteProcessMemory request was completed. (0x12B)
[1020/195828.984:ERROR:process_memory_win.cc(73)] ReadMemory at 0x14096545a70 of 132 bytes failed: Only part of a ReadProcessMemory or WriteProcessMemory request was completed. (0x12B)
[1020/195828.984:ERROR:process_memory_win.cc(73)] ReadMemory at 0x14096545ba0 of 132 bytes failed: Only part of a ReadProcessMemory or WriteProcessMemory request was completed. (0x12B)
[1020/195828.984:ERROR:process_memory_win.cc(73)] ReadMemory at 0x14096545cd0 of 132 bytes failed: Only part of a ReadProcessMemory or WriteProcessMemory request was completed. (0x12B)
[1020/195828.985:ERROR:process_memory_win.cc(73)] ReadMemory at 0x14096545e00 of 132 bytes failed: Only part of a ReadProcessMemory or WriteProcessMemory request was completed. (0x12B)
[1020/195828.985:ERROR:process_memory_win.cc(73)] ReadMemory at 0x14096545f30 of 132 bytes failed: Only part of a ReadProcessMemory or WriteProcessMemory request was completed. (0x12B)
[1020/195828.985:ERROR:process_memory_win.cc(73)] ReadMemory at 0x14096546060 of 132 bytes failed: Only part of a ReadProcessMemory or WriteProcessMemory request was completed. (0x12B)
[1020/195828.985:ERROR:process_memory_win.cc(73)] ReadMemory at 0x14096546190 of 132 bytes failed: Only part of a ReadProcessMemory or WriteProcessMemory request was completed. (0x12B)
[1020/195828.985:ERROR:process_memory_win.cc(73)] ReadMemory at 0x140965462c0 of 132 bytes failed: Only part of a ReadProcessMemory or WriteProcessMemory request was completed. (0x12B)
[1020/195828.985:ERROR:process_memory_win.cc(73)] ReadMemory at 0x14096546520 of 132 bytes failed: Only part of a ReadProcessMemory or WriteProcessMemory request was completed. (0x12B)
[1020/195828.985:ERROR:process_memory_win.cc(73)] ReadMemory at 0x14096546650 of 132 bytes failed: Only part of a ReadProcessMemory or WriteProcessMemory request was completed. (0x12B)
[1020/195828.985:ERROR:process_memory_win.cc(73)] ReadMemory at 0x14096546780 of 132 bytes failed: Only part of a ReadProcessMemory or WriteProcessMemory request was completed. (0x12B)
[1020/195828.985:ERROR:process_memory_win.cc(73)] ReadMemory at 0x140965469a0 of 62 bytes failed: Only part of a ReadProcessMemory or WriteProcessMemory request was completed. (0x12B)
[1020/195828.985:ERROR:process_memory_win.cc(73)] ReadMemory at 0x14096546b30 of 58 bytes failed: Only part of a ReadProcessMemory or WriteProcessMemory request was completed. (0x12B)
[1020/195828.985:ERROR:process_memory_win.cc(73)] ReadMemory at 0x14096546b80 of 60 bytes failed: Only part of a ReadProcessMemory or WriteProcessMemory request was completed. (0x12B)
[1020/195828.985:ERROR:process_memory_win.cc(73)] ReadMemory at 0x14096546bd0 of 66 bytes failed: Only part of a ReadProcessMemory or WriteProcessMemory request was completed. (0x12B)
[1020/195828.985:ERROR:process_memory_win.cc(73)] ReadMemory at 0x14096546c20 of 64 bytes failed: Only part of a ReadProcessMemory or WriteProcessMemory request was completed. (0x12B)
[1020/195828.985:ERROR:process_memory_win.cc(73)] ReadMemory at 0x14096546c70 of 64 bytes failed: Only part of a ReadProcessMemory or WriteProcessMemory request was completed. (0x12B)
[1020/195828.986:ERROR:process_memory_win.cc(73)] ReadMemory at 0x14096546cc0 of 60 bytes failed: Only part of a ReadProcessMemory or WriteProcessMemory request was completed. (0x12B)
[1020/195828.986:ERROR:process_memory_win.cc(73)] ReadMemory at 0x14096546d10 of 62 bytes failed: Only part of a ReadProcessMemory or WriteProcessMemory request was completed. (0x12B)
[1020/195828.986:ERROR:process_memory_win.cc(73)] ReadMemory at 0x14096546d60 of 62 bytes failed: Only part of a ReadProcessMemory or WriteProcessMemory request was completed. (0x12B)
[1020/195828.986:ERROR:process_memory_win.cc(73)] ReadMemory at 0x14096546db0 of 64 bytes failed: Only part of a ReadProcessMemory or WriteProcessMemory request was completed. (0x12B)
[1020/195828.986:ERROR:process_memory_win.cc(73)] ReadMemory at 0x14096546e00 of 62 bytes failed: Only part of a ReadProcessMemory or WriteProcessMemory request was completed. (0x12B)
[1020/195828.986:ERROR:process_memory_win.cc(73)] ReadMemory at 0x14096546e50 of 64 bytes failed: Only part of a ReadProcessMemory or WriteProcessMemory request was completed. (0x12B)
[1020/195828.986:ERROR:process_memory_win.cc(73)] ReadMemory at 0x14096546fe0 of 62 bytes failed: Only part of a ReadProcessMemory or WriteProcessMemory request was completed. (0x12B)
[1020/195828.986:ERROR:process_memory_win.cc(73)] ReadMemory at 0x14096547210 of 60 bytes failed: Only part of a ReadProcessMemory or WriteProcessMemory request was completed. (0x12B)
[1020/195828.986:ERROR:process_memory_win.cc(73)] ReadMemory at 0x14096547260 of 62 bytes failed: Only part of a ReadProcessMemory or WriteProcessMemory request was completed. (0x12B)
[1020/195828.986:ERROR:process_memory_win.cc(73)] ReadMemory at 0x14096547490 of 64 bytes failed: Only part of a ReadProcessMemory or WriteProcessMemory request was completed. (0x12B)
[1020/195828.986:ERROR:process_memory_win.cc(73)] ReadMemory at 0x140965474e0 of 62 bytes failed: Only part of a ReadProcessMemory or WriteProcessMemory request was completed. (0x12B)
[1020/195828.986:ERROR:process_memory_win.cc(73)] ReadMemory at 0x14096547530 of 58 bytes failed: Only part of a ReadProcessMemory or WriteProcessMemory request was completed. (0x12B)
[1020/195828.986:ERROR:process_memory_win.cc(73)] ReadMemory at 0x14096547580 of 60 bytes failed: Only part of a ReadProcessMemory or WriteProcessMemory request was completed. (0x12B)
[1020/195828.986:ERROR:process_memory_win.cc(73)] ReadMemory at 0x140965475d0 of 66 bytes failed: Only part of a ReadProcessMemory or WriteProcessMemory request was completed. (0x12B)
[1020/195828.986:ERROR:process_memory_win.cc(73)] ReadMemory at 0x14096547620 of 60 bytes failed: Only part of a ReadProcessMemory or WriteProcessMemory request was completed. (0x12B)
[1020/195828.986:ERROR:process_memory_win.cc(73)] ReadMemory at 0x14096547710 of 60 bytes failed: Only part of a ReadProcessMemory or WriteProcessMemory request was completed. (0x12B)
[1020/195828.986:ERROR:process_memory_win.cc(73)] ReadMemory at 0x14096547850 of 62 bytes failed: Only part of a ReadProcessMemory or WriteProcessMemory request was completed. (0x12B)
[1020/195828.986:ERROR:process_memory_win.cc(73)] ReadMemory at 0x14096547a90 of 132 bytes failed: Only part of a ReadProcessMemory or WriteProcessMemory request was completed. (0x12B)
[1020/195828.986:ERROR:process_memory_win.cc(73)] ReadMemory at 0x14096547bc0 of 132 bytes failed: Only part of a ReadProcessMemory or WriteProcessMemory request was completed. (0x12B)
[1020/195828.986:ERROR:process_memory_win.cc(73)] ReadMemory at 0x14096547cf0 of 132 bytes failed: Only part of a ReadProcessMemory or WriteProcessMemory request was completed. (0x12B)
[1020/195828.987:ERROR:process_memory_win.cc(73)] ReadMemory at 0x14096547e20 of 132 bytes failed: Only part of a ReadProcessMemory or WriteProcessMemory request was completed. (0x12B)
[1020/195828.987:ERROR:process_memory_win.cc(73)] ReadMemory at 0x14096547f50 of 132 bytes failed: Only part of a ReadProcessMemory or WriteProcessMemory request was completed. (0x12B)
[1020/195828.987:ERROR:process_memory_win.cc(73)] ReadMemory at 0x14096548080 of 132 bytes failed: Only part of a ReadProcessMemory or WriteProcessMemory request was completed. (0x12B)
[1020/195828.987:ERROR:process_memory_win.cc(73)] ReadMemory at 0x140965482e0 of 132 bytes failed: Only part of a ReadProcessMemory or WriteProcessMemory request was completed. (0x12B)
[1020/195828.987:ERROR:process_memory_win.cc(73)] ReadMemory at 0x14096548410 of 132 bytes failed: Only part of a ReadProcessMemory or WriteProcessMemory request was completed. (0x12B)
[1020/195828.987:ERROR:process_memory_win.cc(73)] ReadMemory at 0x14096548540 of 132 bytes failed: Only part of a ReadProcessMemory or WriteProcessMemory request was completed. (0x12B)
[1020/195828.987:ERROR:process_memory_win.cc(73)] ReadMemory at 0x14096548b30 of 132 bytes failed: Only part of a ReadProcessMemory or WriteProcessMemory request was completed. (0x12B)
[1020/195828.987:ERROR:process_memory_win.cc(73)] ReadMemory at 0x14096548c60 of 132 bytes failed: Only part of a ReadProcessMemory or WriteProcessMemory request was completed. (0x12B)
[1020/195828.987:ERROR:process_memory_win.cc(73)] ReadMemory at 0x14096548d90 of 132 bytes failed: Only part of a ReadProcessMemory or WriteProcessMemory request was completed. (0x12B)
[1020/195828.987:ERROR:process_memory_win.cc(73)] ReadMemory at 0x14096548ec0 of 132 bytes failed: Only part of a ReadProcessMemory or WriteProcessMemory request was completed. (0x12B)
[1020/195828.987:ERROR:process_memory_win.cc(73)] ReadMemory at 0x140965494b0 of 132 bytes failed: Only part of a ReadProcessMemory or WriteProcessMemory request was completed. (0x12B)
[1020/195828.987:ERROR:process_memory_win.cc(73)] ReadMemory at 0x1409654cd90 of 512 bytes failed: Only part of a ReadProcessMemory or WriteProcessMemory request was completed. (0x12B)
[1020/195828.987:ERROR:process_memory_win.cc(73)] ReadMemory at 0x14096834540 of 512 bytes failed: Only part of a ReadProcessMemory or WriteProcessMemory request was completed. (0x12B)
[1020/195828.987:ERROR:process_memory_win.cc(73)] ReadMemory at 0x14096890000 of 384 bytes failed: Only part of a ReadProcessMemory or WriteProcessMemory request was completed. (0x12B)
[1020/195828.987:ERROR:process_memory_win.cc(73)] ReadMemory at 0x140968c7048 of 512 bytes failed: Only part of a ReadProcessMemory or WriteProcessMemory request was completed. (0x12B)
[1020/195828.987:ERROR:process_memory_win.cc(73)] ReadMemory at 0x140968d7cb0 of 512 bytes failed: Only part of a ReadProcessMemory or WriteProcessMemory request was completed. (0x12B)
[1020/195828.987:ERROR:process_memory_win.cc(73)] ReadMemory at 0x140968e4e78 of 512 bytes failed: Only part of a ReadProcessMemory or WriteProcessMemory request was completed. (0x12B)
[1020/195828.987:ERROR:process_memory_win.cc(73)] ReadMemory at 0x140968e5db8 of 512 bytes failed: Only part of a ReadProcessMemory or WriteProcessMemory request was completed. (0x12B)
[1020/195828.987:ERROR:process_memory_win.cc(73)] ReadMemory at 0x140968e6bc0 of 512 bytes failed: Only part of a ReadProcessMemory or WriteProcessMemory request was completed. (0x12B)
[1020/195828.988:ERROR:process_memory_win.cc(73)] ReadMemory at 0x140968e7120 of 512 bytes failed: Only part of a ReadProcessMemory or WriteProcessMemory request was completed. (0x12B)
[1020/195828.988:ERROR:process_memory_win.cc(73)] ReadMemory at 0x140968ecf70 of 512 bytes failed: Only part of a ReadProcessMemory or WriteProcessMemory request was completed. (0x12B)
[1020/195828.988:ERROR:process_memory_win.cc(73)] ReadMemory at 0x140968fa250 of 712 bytes failed: Only part of a ReadProcessMemory or WriteProcessMemory request was completed. (0x12B)
[1020/195828.988:ERROR:process_memory_win.cc(73)] ReadMemory at 0x14096917738 of 512 bytes failed: Only part of a ReadProcessMemory or WriteProcessMemory request was completed. (0x12B)
[1020/195828.988:ERROR:process_memory_win.cc(73)] ReadMemory at 0x14096917cd8 of 512 bytes failed: Only part of a ReadProcessMemory or WriteProcessMemory request was completed. (0x12B)
[1020/195828.988:ERROR:process_memory_win.cc(73)] ReadMemory at 0x14096918a58 of 800 bytes failed: Only part of a ReadProcessMemory or WriteProcessMemory request was completed. (0x12B)
[1020/195828.988:ERROR:process_memory_win.cc(73)] ReadMemory at 0x14096919508 of 512 bytes failed: Only part of a ReadProcessMemory or WriteProcessMemory request was completed. (0x12B)
[1020/195828.988:ERROR:process_memory_win.cc(73)] ReadMemory at 0x1409691c350 of 512 bytes failed: Only part of a ReadProcessMemory or WriteProcessMemory request was completed. (0x12B)
[1020/195828.988:ERROR:process_memory_win.cc(73)] ReadMemory at 0x140969663c0 of 512 bytes failed: Only part of a ReadProcessMemory or WriteProcessMemory request was completed. (0x12B)
[1020/195828.988:ERROR:process_memory_win.cc(73)] ReadMemory at 0x140988e81e0 of 512 bytes failed: Only part of a ReadProcessMemory or WriteProcessMemory request was completed. (0x12B)
[1020/195828.988:ERROR:process_memory_win.cc(73)] ReadMemory at 0x14098900770 of 512 bytes failed: Only part of a ReadProcessMemory or WriteProcessMemory request was completed. (0x12B)
[1020/195828.988:ERROR:process_memory_win.cc(73)] ReadMemory at 0x140989069f0 of 512 bytes failed: Only part of a ReadProcessMemory or WriteProcessMemory request was completed. (0x12B)
[1020/195828.988:ERROR:process_memory_win.cc(73)] ReadMemory at 0x14098a74e28 of 512 bytes failed: Only part of a ReadProcessMemory or WriteProcessMemory request was completed. (0x12B)
[1020/195828.988:ERROR:process_memory_win.cc(73)] ReadMemory at 0x14098d3cad0 of 512 bytes failed: Only part of a ReadProcessMemory or WriteProcessMemory request was completed. (0x12B)
[1020/195828.988:ERROR:process_memory_win.cc(73)] ReadMemory at 0x14098d73370 of 512 bytes failed: Only part of a ReadProcessMemory or WriteProcessMemory request was completed. (0x12B)
[1020/195828.989:ERROR:process_memory_win.cc(73)] ReadMemory at 0x14098da71c0 of 512 bytes failed: Only part of a ReadProcessMemory or WriteProcessMemory request was completed. (0x12B)
[1020/195828.989:ERROR:process_memory_win.cc(73)] ReadMemory at 0x14098dd3650 of 512 bytes failed: Only part of a ReadProcessMemory or WriteProcessMemory request was completed. (0x12B)
[1020/195828.989:ERROR:process_memory_win.cc(73)] ReadMemory at 0x14098f469f8 of 512 bytes failed: Only part of a ReadProcessMemory or WriteProcessMemory request was completed. (0x12B)
[1020/195828.989:ERROR:process_memory_win.cc(73)] ReadMemory at 0x140990dd780 of 512 bytes failed: Only part of a ReadProcessMemory or WriteProcessMemory request was completed. (0x12B)
[1020/195828.989:ERROR:process_memory_win.cc(73)] ReadMemory at 0x14099bca2f0 of 512 bytes failed: Only part of a ReadProcessMemory or WriteProcessMemory request was completed. (0x12B)
[1020/195828.989:ERROR:process_memory_win.cc(73)] ReadMemory at 0x1409d45df38 of 512 bytes failed: Only part of a ReadProcessMemory or WriteProcessMemory request was completed. (0x12B)
[1020/195828.989:ERROR:process_memory_win.cc(73)] ReadMemory at 0x34f2bace32e9 of 512 bytes failed: Only part of a ReadProcessMemory or WriteProcessMemory request was completed. (0x12B)
[1020/195828.989:ERROR:process_memory_win.cc(73)] ReadMemory at 0x7ffd60a96b5c of 512 bytes failed: Only part of a ReadProcessMemory or WriteProcessMemory request was completed. (0x12B)
[1020/195828.989:ERROR:process_memory_win.cc(73)] ReadMemory at 0x7ffd60d7214e of 512 bytes failed: Only part of a ReadProcessMemory or WriteProcessMemory request was completed. (0x12B)
[1020/195828.989:ERROR:process_memory_win.cc(73)] ReadMemory at 0x7ffd88b957e6 of 512 bytes failed: Only part of a ReadProcessMemory or WriteProcessMemory request was completed. (0x12B)
[1020/195828.989:ERROR:process_memory_win.cc(73)] ReadMemory at 0x7ffd88b9603d of 512 bytes failed: Only part of a ReadProcessMemory or WriteProcessMemory request was completed. (0x12B)
[1020/195828.989:ERROR:process_memory_win.cc(73)] ReadMemory at 0x7ffdc7e61f80 of 512 bytes failed: Only part of a ReadProcessMemory or WriteProcessMemory request was completed. (0x12B)
[1020/195828.989:ERROR:process_memory_win.cc(73)] ReadMemory at 0x7ffdc8620005 of 512 bytes failed: Only part of a ReadProcessMemory or WriteProcessMemory request was completed. (0x12B)
[1020/195828.989:ERROR:process_memory_win.cc(73)] ReadMemory at 0x7ffdc867c0c4 of 672 bytes failed: Only part of a ReadProcessMemory or WriteProcessMemory request was completed. (0x12B)
[1020/195828.989:ERROR:process_memory_win.cc(73)] ReadMemory at 0x7ffdc867f974 of 608 bytes failed: Only part of a ReadProcessMemory or WriteProcessMemory request was completed. (0x12B)
[1020/195828.989:ERROR:process_memory_win.cc(73)] ReadMemory at 0x7ffdc870c428 of 18 bytes failed: Only part of a ReadProcessMemory or WriteProcessMemory request was completed. (0x12B)
[1020/195828.989:ERROR:process_memory_win.cc(73)] ReadMemory at 0x7ffdc873f4f8 of 40 bytes failed: Only part of a ReadProcessMemory or WriteProcessMemory request was completed. (0x12B)
[1020/195828.990:ERROR:process_memory_win.cc(73)] ReadMemory at 0x7ffdc873f978 of 48 bytes failed: Only part of a ReadProcessMemory or WriteProcessMemory request was completed. (0x12B)
[1020/195828.990:ERROR:process_memory_win.cc(73)] ReadMemory at 0x7ffdc87453c0 of 64 bytes failed: Only part of a ReadProcessMemory or WriteProcessMemory request was completed. (0x12B)
[1020/195829.011:ERROR:scoped_process_suspend.cc(40)] NtResumeProcess: An attempt was made to access an exiting process. (0xc000010a)
