#
# There is insufficient memory for the Java Runtime Environment to continue.
# Native memory allocation (malloc) failed to allocate 1801616 bytes for Chunk::new
# Possible reasons:
#   The system is out of physical RAM or swap space
#   The process is running with CompressedOops enabled, and the Java Heap may be blocking the growth of the native heap
# Possible solutions:
#   Reduce memory load on the system
#   Increase physical memory or swap space
#   Check if swap backing store is full
#   Decrease Java heap size (-Xmx/-Xms)
#   Decrease number of Java threads
#   Decrease Java thread stack sizes (-Xss)
#   Set larger code cache with -XX:ReservedCodeCacheSize=
#   JVM is running with Unscaled Compressed Oops mode in which the Java heap is
#     placed in the first 4GB address space. The Java Heap base address is the
#     maximum limit for the native heap growth. Please use -XX:HeapBaseMinAddress
#     to set the Java Heap base and to place the Java Heap above 4GB virtual address.
# This output file may be truncated or incomplete.
#
#  Out of Memory Error (t:/workspace/hotspot/src/share/vm/memory/allocation.cpp:372), pid=648, tid=12208
#
# JRE version: Java(TM) SE Runtime Environment (9.0+11) (build 9.0.4+11)
# Java VM: Java HotSpot(TM) 64-Bit Server VM (9.0.4+11, mixed mode, tiered, compressed oops, g1 gc, windows-amd64)
# No core dump will be written. Minidumps are not enabled by default on client versions of Windows
#

---------------  S U M M A R Y ------------

Command Line: -javaagent:C:\Program Files\JetBrains\IntelliJ IDEA Community Edition 2019.2.3\lib\idea_rt.jar=63907:C:\Program Files\JetBrains\IntelliJ IDEA Community Edition 2019.2.3\bin -Dfile.encoding=UTF-8 eu.execom.pomodoro.PomodoroApplication

Host: Intel(R) Core(TM) i5-8250U CPU @ 1.60GHz, 8 cores, 7G,  Windows 10 , 64 bit Build 18362 (10.0.18362.329)
Time: Sun Oct 13 17:08:24 2019 Central Europe Daylight Time elapsed time: 21 seconds (0d 0h 0m 21s)

---------------  T H R E A D  ---------------

Current thread (0x0000017037ed7000):  JavaThread "C2 CompilerThread0" daemon [_thread_in_native, id=12208, stack(0x0000004d02000000,0x0000004d02100000)]


Current CompileTask:
C2:  21825 5873       4       org.springframework.core.BridgeMethodResolver::findBridgedMethod (106 bytes)

Stack: [0x0000004d02000000,0x0000004d02100000]
Native frames: (J=compiled Java code, j=interpreted, Vv=VM code, C=native code)
V  [jvm.dll+0x587068]
V  [jvm.dll+0x69c25e]
V  [jvm.dll+0x69d17a]
V  [jvm.dll+0x69d7b3]
V  [jvm.dll+0x21d198]
V  [jvm.dll+0xa7aac]
V  [jvm.dll+0xa83ec]
V  [jvm.dll+0x320eac]
V  [jvm.dll+0x17b6ac]
V  [jvm.dll+0x1e9bed]
V  [jvm.dll+0x1e8d86]
V  [jvm.dll+0x1691cb]
V  [jvm.dll+0x1f6570]
V  [jvm.dll+0x1f51f6]
V  [jvm.dll+0x66b44f]
V  [jvm.dll+0x586490]
C  [msvcr120.dll+0x24f7f]
C  [msvcr120.dll+0x25126]
C  [KERNEL32.DLL+0x17bd4]
C  [ntdll.dll+0x6cee1]


---------------  P R O C E S S  ---------------

Java Threads: ( => current thread )
  0x000001703d71c000 JavaThread "DestroyJavaVM" [_thread_blocked, id=8360, stack(0x0000004d00600000,0x0000004d00700000)]
  0x000001703d719800 JavaThread "http-nio-8081-Acceptor-0" daemon [_thread_in_native, id=4592, stack(0x0000004d03c00000,0x0000004d03d00000)]
  0x000001703d718000 JavaThread "http-nio-8081-ClientPoller-1" daemon [_thread_in_native, id=9148, stack(0x0000004d03b00000,0x0000004d03c00000)]
  0x000001703d71b000 JavaThread "http-nio-8081-ClientPoller-0" daemon [_thread_in_native, id=13328, stack(0x0000004d03a00000,0x0000004d03b00000)]
  0x00000170392d6800 JavaThread "http-nio-8081-exec-10" daemon [_thread_blocked, id=7612, stack(0x0000004d03900000,0x0000004d03a00000)]
  0x00000170392d0800 JavaThread "http-nio-8081-exec-9" daemon [_thread_blocked, id=17924, stack(0x0000004d03800000,0x0000004d03900000)]
  0x00000170392d7000 JavaThread "http-nio-8081-exec-8" daemon [_thread_blocked, id=10700, stack(0x0000004d03700000,0x0000004d03800000)]
  0x00000170392d5000 JavaThread "http-nio-8081-exec-7" daemon [_thread_blocked, id=8152, stack(0x0000004d03600000,0x0000004d03700000)]
  0x00000170392d2800 JavaThread "http-nio-8081-exec-6" daemon [_thread_blocked, id=14740, stack(0x0000004d03500000,0x0000004d03600000)]
  0x00000170392d2000 JavaThread "http-nio-8081-exec-5" daemon [_thread_blocked, id=8208, stack(0x0000004d03400000,0x0000004d03500000)]
  0x00000170392d3800 JavaThread "http-nio-8081-exec-4" daemon [_thread_blocked, id=15176, stack(0x0000004d03300000,0x0000004d03400000)]
  0x00000170392d5800 JavaThread "http-nio-8081-exec-3" daemon [_thread_blocked, id=17208, stack(0x0000004d03200000,0x0000004d03300000)]
  0x00000170392d4000 JavaThread "http-nio-8081-exec-2" daemon [_thread_blocked, id=15592, stack(0x0000004d03100000,0x0000004d03200000)]
  0x000001703c90f800 JavaThread "http-nio-8081-exec-1" daemon [_thread_blocked, id=18968, stack(0x0000004d03000000,0x0000004d03100000)]
  0x00000170420c0800 JavaThread "NioBlockingSelector.BlockPoller-1" daemon [_thread_in_native, id=11108, stack(0x0000004d02f00000,0x0000004d03000000)]
  0x00000170398a6000 JavaThread "container-0" [_thread_blocked, id=17884, stack(0x0000004d02e00000,0x0000004d02f00000)]
  0x0000017039e0a800 JavaThread "Catalina-utility-2" [_thread_blocked, id=3352, stack(0x0000004d02d00000,0x0000004d02e00000)]
  0x000001703ccee800 JavaThread "Catalina-utility-1" [_thread_blocked, id=15704, stack(0x0000004d02c00000,0x0000004d02d00000)]
  0x000001703dd7d800 JavaThread "HikariPool-1 housekeeper" daemon [_thread_blocked, id=17464, stack(0x0000004d02b00000,0x0000004d02c00000)]
  0x000001703ba3b800 JavaThread "mysql-cj-abandoned-connection-cleanup" daemon [_thread_blocked, id=16824, stack(0x0000004d02900000,0x0000004d02a00000)]
  0x0000017038679800 JavaThread "Service Thread" daemon [_thread_blocked, id=17440, stack(0x0000004d02700000,0x0000004d02800000)]
  0x0000017038325800 JavaThread "Monitor Ctrl-Break" daemon [_thread_in_native, id=12852, stack(0x0000004d02600000,0x0000004d02700000)]
  0x0000017037f4d000 JavaThread "Common-Cleaner" daemon [_thread_blocked, id=2484, stack(0x0000004d02500000,0x0000004d02600000)]
  0x0000017037ef0000 JavaThread "Sweeper thread" daemon [_thread_blocked, id=18592, stack(0x0000004d02400000,0x0000004d02500000)]
  0x0000017037edf800 JavaThread "C1 CompilerThread3" daemon [_thread_blocked, id=9392, stack(0x0000004d02300000,0x0000004d02400000)]
  0x0000017037edb800 JavaThread "C2 CompilerThread2" daemon [_thread_in_native, id=12936, stack(0x0000004d02200000,0x0000004d02300000)]
  0x0000017037ed7800 JavaThread "C2 CompilerThread1" daemon [_thread_in_native, id=16028, stack(0x0000004d02100000,0x0000004d02200000)]
=>0x0000017037ed7000 JavaThread "C2 CompilerThread0" daemon [_thread_in_native, id=12208, stack(0x0000004d02000000,0x0000004d02100000)]
  0x0000017037ec2000 JavaThread "Attach Listener" daemon [_thread_blocked, id=13204, stack(0x0000004d01f00000,0x0000004d02000000)]
  0x0000017037ec1800 JavaThread "Signal Dispatcher" daemon [_thread_blocked, id=16724, stack(0x0000004d01e00000,0x0000004d01f00000)]
  0x0000017037e75000 JavaThread "Finalizer" daemon [_thread_blocked, id=1748, stack(0x0000004d01d00000,0x0000004d01e00000)]
  0x0000017037e6c000 JavaThread "Reference Handler" daemon [_thread_blocked, id=14588, stack(0x0000004d01c00000,0x0000004d01d00000)]

Other Threads:
  0x0000017037e65800 VMThread "VM Thread" [stack: 0x0000004d01b00000,0x0000004d01c00000] [id=17656]
  0x0000017038300800 WatcherThread [stack: 0x0000004d02800000,0x0000004d02900000] [id=15880]
  0x00000170142ac800 GCTaskThread "GC Thread#0" [stack: 0x0000004d00700000,0x0000004d00800000] [id=16752]
  0x00000170142ae000 GCTaskThread "GC Thread#1" [stack: 0x0000004d00800000,0x0000004d00900000] [id=1468]
  0x00000170142af800 GCTaskThread "GC Thread#2" [stack: 0x0000004d00900000,0x0000004d00a00000] [id=18728]
  0x00000170142b2800 GCTaskThread "GC Thread#3" [stack: 0x0000004d00a00000,0x0000004d00b00000] [id=13272]
  0x00000170142b4000 GCTaskThread "GC Thread#4" [stack: 0x0000004d00b00000,0x0000004d00c00000] [id=8500]
  0x00000170142b9000 GCTaskThread "GC Thread#5" [stack: 0x0000004d00c00000,0x0000004d00d00000] [id=18352]
  0x00000170142bc800 GCTaskThread "GC Thread#6" [stack: 0x0000004d00d00000,0x0000004d00e00000] [id=844]
  0x00000170142c2800 GCTaskThread "GC Thread#7" [stack: 0x0000004d00e00000,0x0000004d00f00000] [id=11996]
  0x000001701430f000 ConcurrentGCThread "G1 Main Marker" [stack: 0x0000004d01800000,0x0000004d01900000] [id=2236]
  0x0000017014315800 ConcurrentGCThread "G1 Marker#0" [stack: 0x0000004d01900000,0x0000004d01a00000] [id=19036]
  0x0000017014316000 ConcurrentGCThread "G1 Marker#1" [stack: 0x0000004d01a00000,0x0000004d01b00000] [id=12108]
  0x00000170142de000 ConcurrentGCThread "G1 Refine#0" [stack: 0x0000004d01600000,0x0000004d01700000] [id=15484]
  0x00000170142db000 ConcurrentGCThread "G1 Refine#1" [stack: 0x0000004d01500000,0x0000004d01600000] [id=10812]
  0x00000170142d8000 ConcurrentGCThread "G1 Refine#2" [stack: 0x0000004d01400000,0x0000004d01500000] [id=5612]
  0x00000170142d7000 ConcurrentGCThread "G1 Refine#3" [stack: 0x0000004d01300000,0x0000004d01400000] [id=13780]
  0x00000170142d6000 ConcurrentGCThread "G1 Refine#4" [stack: 0x0000004d01200000,0x0000004d01300000] [id=18000]
  0x00000170142ca800 ConcurrentGCThread "G1 Refine#5" [stack: 0x0000004d01100000,0x0000004d01200000] [id=12280]
  0x00000170142ca000 ConcurrentGCThread "G1 Refine#6" [stack: 0x0000004d01000000,0x0000004d01100000] [id=11620]
  0x00000170142c9000 ConcurrentGCThread "G1 Refine#7" [stack: 0x0000004d00f00000,0x0000004d01000000] [id=18232]
  0x00000170142df000 ConcurrentGCThread "G1 Young RemSet Sampling" [stack: 0x0000004d01700000,0x0000004d01800000] [id=13892]

Threads with active compile tasks:
C2 CompilerThread25799   !   4       org.springframework.core.annotation.AnnotatedElementUtils::searchWithFindSemantics (774 bytes)
C2 CompilerThread15844   !   4       org.springframework.util.ReflectionUtils::doWithMethods (176 bytes)
C2 CompilerThread05873       4       org.springframework.core.BridgeMethodResolver::findBridgedMethod (106 bytes)

VM state:not at safepoint (normal execution)

VM Mutex/Monitor currently owned by a thread: None

Heap address: 0x0000000081e00000, size: 2018 MB, Compressed Oops mode: 32-bit
Narrow klass base: 0x0000000000000000, Narrow klass shift: 3
Compressed class space size: 1073741824 Address: 0x0000000100000000

Heap:
 garbage-first heap   total 157696K, used 83697K [0x0000000081e00000, 0x0000000081f004d0, 0x0000000100000000)
  region size 1024K, 56 young (57344K), 9 survivors (9216K)
 Metaspace       used 65826K, capacity 69272K, committed 69448K, reserved 1110016K
  class space    used 8602K, capacity 9176K, committed 9288K, reserved 1048576K
Heap Regions: E=young(eden), S=young(survivor), O=old, HS=humongous(starts), HC=humongous(continues), CS=collection set, F=free, A=archive, TS=gc time stamp, AC=allocation context, TAMS=top-at-mark-start (previous, next)
|   0|0x0000000081e00000, 0x0000000081f00000, 0x0000000081f00000|100%|HS|  |TS  0|AC  0|TAMS 0x0000000081f00000, 0x0000000081f00000|
|   1|0x0000000081f00000, 0x0000000082000000, 0x0000000082000000|100%| O|  |TS  0|AC  0|TAMS 0x0000000082000000, 0x0000000082000000|
|   2|0x0000000082000000, 0x0000000082100000, 0x0000000082100000|100%| O|  |TS  0|AC  0|TAMS 0x0000000082100000, 0x0000000082100000|
|   3|0x0000000082100000, 0x0000000082200000, 0x0000000082200000|100%| O|  |TS  0|AC  0|TAMS 0x0000000082200000, 0x0000000082200000|
|   4|0x0000000082200000, 0x0000000082300000, 0x0000000082300000|100%| O|  |TS  0|AC  0|TAMS 0x0000000082300000, 0x0000000082300000|
|   5|0x0000000082300000, 0x0000000082400000, 0x0000000082400000|100%| O|  |TS  0|AC  0|TAMS 0x0000000082400000, 0x0000000082400000|
|   6|0x0000000082400000, 0x0000000082500000, 0x0000000082500000|100%| O|  |TS  0|AC  0|TAMS 0x0000000082500000, 0x0000000082500000|
|   7|0x0000000082500000, 0x0000000082600000, 0x0000000082600000|100%| O|  |TS  0|AC  0|TAMS 0x0000000082600000, 0x0000000082600000|
|   8|0x0000000082600000, 0x0000000082700000, 0x0000000082700000|100%| O|  |TS  0|AC  0|TAMS 0x0000000082700000, 0x0000000082700000|
|   9|0x0000000082700000, 0x0000000082800000, 0x0000000082800000|100%| O|  |TS  0|AC  0|TAMS 0x0000000082800000, 0x0000000082800000|
|  10|0x0000000082800000, 0x0000000082900000, 0x0000000082900000|100%| O|  |TS  0|AC  0|TAMS 0x0000000082900000, 0x0000000082900000|
|  11|0x0000000082900000, 0x0000000082a00000, 0x0000000082a00000|100%| O|  |TS  0|AC  0|TAMS 0x0000000082a00000, 0x0000000082a00000|
|  12|0x0000000082a00000, 0x0000000082b00000, 0x0000000082b00000|100%| O|  |TS  0|AC  0|TAMS 0x0000000082b00000, 0x0000000082b00000|
|  13|0x0000000082b00000, 0x0000000082c00000, 0x0000000082c00000|100%| O|  |TS  0|AC  0|TAMS 0x0000000082c00000, 0x0000000082c00000|
|  14|0x0000000082c00000, 0x0000000082d00000, 0x0000000082d00000|100%| O|  |TS  0|AC  0|TAMS 0x0000000082d00000, 0x0000000082d00000|
|  15|0x0000000082d00000, 0x0000000082e00000, 0x0000000082e00000|100%| O|  |TS  0|AC  0|TAMS 0x0000000082e00000, 0x0000000082e00000|
|  16|0x0000000082e00000, 0x0000000082f00000, 0x0000000082f00000|100%| O|  |TS  0|AC  0|TAMS 0x0000000082f00000, 0x0000000082f00000|
|  17|0x0000000082f00000, 0x0000000083000000, 0x0000000083000000|100%| O|  |TS  0|AC  0|TAMS 0x0000000083000000, 0x0000000083000000|
|  18|0x0000000083000000, 0x0000000083100000, 0x0000000083100000|100%| O|  |TS  0|AC  0|TAMS 0x0000000083100000, 0x0000000083100000|
|  19|0x0000000083100000, 0x0000000083200000, 0x0000000083200000|100%| O|  |TS  0|AC  0|TAMS 0x0000000083200000, 0x0000000083200000|
|  20|0x0000000083200000, 0x0000000083300000, 0x0000000083300000|100%| O|  |TS  0|AC  0|TAMS 0x0000000083300000, 0x0000000083300000|
|  21|0x0000000083300000, 0x0000000083400000, 0x0000000083400000|100%| O|  |TS  0|AC  0|TAMS 0x0000000083400000, 0x0000000083400000|
|  22|0x0000000083400000, 0x0000000083500000, 0x0000000083500000|100%| O|  |TS  0|AC  0|TAMS 0x0000000083500000, 0x0000000083500000|
|  23|0x0000000083500000, 0x0000000083600000, 0x0000000083600000|100%| O|  |TS  0|AC  0|TAMS 0x0000000083600000, 0x0000000083600000|
|  24|0x0000000083600000, 0x0000000083700000, 0x0000000083700000|100%| O|  |TS  0|AC  0|TAMS 0x0000000083700000, 0x0000000083700000|
|  25|0x0000000083700000, 0x0000000083800000, 0x0000000083800000|100%| O|  |TS  0|AC  0|TAMS 0x0000000083800000, 0x0000000083800000|
|  26|0x0000000083800000, 0x0000000083900000, 0x0000000083900000|100%| O|  |TS  0|AC  0|TAMS 0x0000000083900000, 0x0000000083900000|
|  27|0x0000000083900000, 0x000000008397e000, 0x0000000083a00000| 49%| O|  |TS  1|AC  0|TAMS 0x000000008397e000, 0x000000008397e000|
|  28|0x0000000083a00000, 0x0000000083a00000, 0x0000000083b00000|  0%| F|  |TS  0|AC  0|TAMS 0x0000000083a00000, 0x0000000083a00000|
|  29|0x0000000083b00000, 0x0000000083b00000, 0x0000000083c00000|  0%| F|  |TS  0|AC  0|TAMS 0x0000000083b00000, 0x0000000083b00000|
|  30|0x0000000083c00000, 0x0000000083c00000, 0x0000000083d00000|  0%| F|  |TS  0|AC  0|TAMS 0x0000000083c00000, 0x0000000083c00000|
|  31|0x0000000083d00000, 0x0000000083d00000, 0x0000000083e00000|  0%| F|  |TS  0|AC  0|TAMS 0x0000000083d00000, 0x0000000083d00000|
|  32|0x0000000083e00000, 0x0000000083e00000, 0x0000000083f00000|  0%| F|  |TS  0|AC  0|TAMS 0x0000000083e00000, 0x0000000083e00000|
|  33|0x0000000083f00000, 0x0000000083f00000, 0x0000000084000000|  0%| F|  |TS  0|AC  0|TAMS 0x0000000083f00000, 0x0000000083f00000|
|  34|0x0000000084000000, 0x0000000084000000, 0x0000000084100000|  0%| F|  |TS  0|AC  0|TAMS 0x0000000084000000, 0x0000000084000000|
|  35|0x0000000084100000, 0x0000000084100000, 0x0000000084200000|  0%| F|  |TS  0|AC  0|TAMS 0x0000000084100000, 0x0000000084100000|
|  36|0x0000000084200000, 0x0000000084200000, 0x0000000084300000|  0%| F|  |TS  0|AC  0|TAMS 0x0000000084200000, 0x0000000084200000|
|  37|0x0000000084300000, 0x0000000084300000, 0x0000000084400000|  0%| F|  |TS  0|AC  0|TAMS 0x0000000084300000, 0x0000000084300000|
|  38|0x0000000084400000, 0x0000000084400000, 0x0000000084500000|  0%| F|  |TS  0|AC  0|TAMS 0x0000000084400000, 0x0000000084400000|
|  39|0x0000000084500000, 0x0000000084500000, 0x0000000084600000|  0%| F|  |TS  0|AC  0|TAMS 0x0000000084500000, 0x0000000084500000|
|  40|0x0000000084600000, 0x0000000084600000, 0x0000000084700000|  0%| F|  |TS  0|AC  0|TAMS 0x0000000084600000, 0x0000000084600000|
|  41|0x0000000084700000, 0x0000000084700000, 0x0000000084800000|  0%| F|  |TS  0|AC  0|TAMS 0x0000000084700000, 0x0000000084700000|
|  42|0x0000000084800000, 0x0000000084800000, 0x0000000084900000|  0%| F|  |TS  0|AC  0|TAMS 0x0000000084800000, 0x0000000084800000|
|  43|0x0000000084900000, 0x0000000084900000, 0x0000000084a00000|  0%| F|  |TS  0|AC  0|TAMS 0x0000000084900000, 0x0000000084900000|
|  44|0x0000000084a00000, 0x0000000084a00000, 0x0000000084b00000|  0%| F|  |TS  0|AC  0|TAMS 0x0000000084a00000, 0x0000000084a00000|
|  45|0x0000000084b00000, 0x0000000084b00000, 0x0000000084c00000|  0%| F|  |TS  0|AC  0|TAMS 0x0000000084b00000, 0x0000000084b00000|
|  46|0x0000000084c00000, 0x0000000084c00000, 0x0000000084d00000|  0%| F|  |TS  0|AC  0|TAMS 0x0000000084c00000, 0x0000000084c00000|
|  47|0x0000000084d00000, 0x0000000084d00000, 0x0000000084e00000|  0%| F|  |TS  0|AC  0|TAMS 0x0000000084d00000, 0x0000000084d00000|
|  48|0x0000000084e00000, 0x0000000084e00000, 0x0000000084f00000|  0%| F|  |TS  0|AC  0|TAMS 0x0000000084e00000, 0x0000000084e00000|
|  49|0x0000000084f00000, 0x0000000084f00000, 0x0000000085000000|  0%| F|  |TS  0|AC  0|TAMS 0x0000000084f00000, 0x0000000084f00000|
|  50|0x0000000085000000, 0x0000000085000000, 0x0000000085100000|  0%| F|  |TS  0|AC  0|TAMS 0x0000000085000000, 0x0000000085000000|
|  51|0x0000000085100000, 0x0000000085100000, 0x0000000085200000|  0%| F|  |TS  0|AC  0|TAMS 0x0000000085100000, 0x0000000085100000|
|  52|0x0000000085200000, 0x0000000085200000, 0x0000000085300000|  0%| F|  |TS  0|AC  0|TAMS 0x0000000085200000, 0x0000000085200000|
|  53|0x0000000085300000, 0x0000000085300000, 0x0000000085400000|  0%| F|  |TS  0|AC  0|TAMS 0x0000000085300000, 0x0000000085300000|
|  54|0x0000000085400000, 0x0000000085400000, 0x0000000085500000|  0%| F|  |TS  0|AC  0|TAMS 0x0000000085400000, 0x0000000085400000|
|  55|0x0000000085500000, 0x000000008553e5e0, 0x0000000085600000| 24%| S|CS|TS  1|AC  0|TAMS 0x0000000085500000, 0x0000000085500000|
|  56|0x0000000085600000, 0x0000000085700000, 0x0000000085700000|100%| S|CS|TS  1|AC  0|TAMS 0x0000000085600000, 0x0000000085600000|
|  57|0x0000000085700000, 0x0000000085800000, 0x0000000085800000|100%| S|CS|TS  1|AC  0|TAMS 0x0000000085700000, 0x0000000085700000|
|  58|0x0000000085800000, 0x0000000085900000, 0x0000000085900000|100%| S|CS|TS  1|AC  0|TAMS 0x0000000085800000, 0x0000000085800000|
|  59|0x0000000085900000, 0x0000000085a00000, 0x0000000085a00000|100%| S|CS|TS  1|AC  0|TAMS 0x0000000085900000, 0x0000000085900000|
|  60|0x0000000085a00000, 0x0000000085b00000, 0x0000000085b00000|100%| S|CS|TS  1|AC  0|TAMS 0x0000000085a00000, 0x0000000085a00000|
|  61|0x0000000085b00000, 0x0000000085c00000, 0x0000000085c00000|100%| S|CS|TS  1|AC  0|TAMS 0x0000000085b00000, 0x0000000085b00000|
|  62|0x0000000085c00000, 0x0000000085d00000, 0x0000000085d00000|100%| S|CS|TS  1|AC  0|TAMS 0x0000000085c00000, 0x0000000085c00000|
|  63|0x0000000085d00000, 0x0000000085e00000, 0x0000000085e00000|100%| S|CS|TS  1|AC  0|TAMS 0x0000000085d00000, 0x0000000085d00000|
|  64|0x0000000085e00000, 0x0000000085e00000, 0x0000000085f00000|  0%| F|  |TS  1|AC  0|TAMS 0x0000000085e00000, 0x0000000085e00000|
|  65|0x0000000085f00000, 0x0000000085f00000, 0x0000000086000000|  0%| F|  |TS  1|AC  0|TAMS 0x0000000085f00000, 0x0000000085f00000|
|  66|0x0000000086000000, 0x0000000086000000, 0x0000000086100000|  0%| F|  |TS  1|AC  0|TAMS 0x0000000086000000, 0x0000000086000000|
|  67|0x0000000086100000, 0x0000000086100000, 0x0000000086200000|  0%| F|  |TS  1|AC  0|TAMS 0x0000000086100000, 0x0000000086100000|
|  68|0x0000000086200000, 0x0000000086200000, 0x0000000086300000|  0%| F|  |TS  1|AC  0|TAMS 0x0000000086200000, 0x0000000086200000|
|  69|0x0000000086300000, 0x0000000086300000, 0x0000000086400000|  0%| F|  |TS  1|AC  0|TAMS 0x0000000086300000, 0x0000000086300000|
|  70|0x0000000086400000, 0x0000000086400000, 0x0000000086500000|  0%| F|  |TS  1|AC  0|TAMS 0x0000000086400000, 0x0000000086400000|
|  71|0x0000000086500000, 0x0000000086500000, 0x0000000086600000|  0%| F|  |TS  1|AC  0|TAMS 0x0000000086500000, 0x0000000086500000|
|  72|0x0000000086600000, 0x0000000086600000, 0x0000000086700000|  0%| F|  |TS  1|AC  0|TAMS 0x0000000086600000, 0x0000000086600000|
|  73|0x0000000086700000, 0x0000000086700000, 0x0000000086800000|  0%| F|  |TS  1|AC  0|TAMS 0x0000000086700000, 0x0000000086700000|
|  74|0x0000000086800000, 0x0000000086800000, 0x0000000086900000|  0%| F|  |TS  1|AC  0|TAMS 0x0000000086800000, 0x0000000086800000|
|  75|0x0000000086900000, 0x0000000086900000, 0x0000000086a00000|  0%| F|  |TS  1|AC  0|TAMS 0x0000000086900000, 0x0000000086900000|
|  76|0x0000000086a00000, 0x0000000086a00000, 0x0000000086b00000|  0%| F|  |TS  1|AC  0|TAMS 0x0000000086a00000, 0x0000000086a00000|
|  77|0x0000000086b00000, 0x0000000086b00000, 0x0000000086c00000|  0%| F|  |TS  1|AC  0|TAMS 0x0000000086b00000, 0x0000000086b00000|
|  78|0x0000000086c00000, 0x0000000086c00000, 0x0000000086d00000|  0%| F|  |TS  1|AC  0|TAMS 0x0000000086c00000, 0x0000000086c00000|
|  79|0x0000000086d00000, 0x0000000086d00000, 0x0000000086e00000|  0%| F|  |TS  1|AC  0|TAMS 0x0000000086d00000, 0x0000000086d00000|
|  80|0x0000000086e00000, 0x0000000086e00000, 0x0000000086f00000|  0%| F|  |TS  1|AC  0|TAMS 0x0000000086e00000, 0x0000000086e00000|
|  81|0x0000000086f00000, 0x0000000086f00000, 0x0000000087000000|  0%| F|  |TS  1|AC  0|TAMS 0x0000000086f00000, 0x0000000086f00000|
|  82|0x0000000087000000, 0x0000000087000000, 0x0000000087100000|  0%| F|  |TS  1|AC  0|TAMS 0x0000000087000000, 0x0000000087000000|
|  83|0x0000000087100000, 0x0000000087100000, 0x0000000087200000|  0%| F|  |TS  1|AC  0|TAMS 0x0000000087100000, 0x0000000087100000|
|  84|0x0000000087200000, 0x0000000087200000, 0x0000000087300000|  0%| F|  |TS  1|AC  0|TAMS 0x0000000087200000, 0x0000000087200000|
|  85|0x0000000087300000, 0x0000000087300000, 0x0000000087400000|  0%| F|  |TS  1|AC  0|TAMS 0x0000000087300000, 0x0000000087300000|
|  86|0x0000000087400000, 0x0000000087400000, 0x0000000087500000|  0%| F|  |TS  1|AC  0|TAMS 0x0000000087400000, 0x0000000087400000|
|  87|0x0000000087500000, 0x0000000087500000, 0x0000000087600000|  0%| F|  |TS  1|AC  0|TAMS 0x0000000087500000, 0x0000000087500000|
|  88|0x0000000087600000, 0x0000000087600000, 0x0000000087700000|  0%| F|  |TS  1|AC  0|TAMS 0x0000000087600000, 0x0000000087600000|
|  89|0x0000000087700000, 0x0000000087700000, 0x0000000087800000|  0%| F|  |TS  1|AC  0|TAMS 0x0000000087700000, 0x0000000087700000|
|  90|0x0000000087800000, 0x0000000087800000, 0x0000000087900000|  0%| F|  |TS  1|AC  0|TAMS 0x0000000087800000, 0x0000000087800000|
|  91|0x0000000087900000, 0x0000000087900000, 0x0000000087a00000|  0%| F|  |TS  1|AC  0|TAMS 0x0000000087900000, 0x0000000087900000|
|  92|0x0000000087a00000, 0x0000000087a00000, 0x0000000087b00000|  0%| F|  |TS  1|AC  0|TAMS 0x0000000087a00000, 0x0000000087a00000|
|  93|0x0000000087b00000, 0x0000000087b00000, 0x0000000087c00000|  0%| F|  |TS  1|AC  0|TAMS 0x0000000087b00000, 0x0000000087b00000|
|  94|0x0000000087c00000, 0x0000000087c00000, 0x0000000087d00000|  0%| F|  |TS  1|AC  0|TAMS 0x0000000087c00000, 0x0000000087c00000|
|  95|0x0000000087d00000, 0x0000000087d00000, 0x0000000087e00000|  0%| F|  |TS  1|AC  0|TAMS 0x0000000087d00000, 0x0000000087d00000|
|  96|0x0000000087e00000, 0x0000000087e00000, 0x0000000087f00000|  0%| F|  |TS  1|AC  0|TAMS 0x0000000087e00000, 0x0000000087e00000|
|  97|0x0000000087f00000, 0x0000000087f00000, 0x0000000088000000|  0%| F|  |TS  1|AC  0|TAMS 0x0000000087f00000, 0x0000000087f00000|
|  98|0x0000000088000000, 0x0000000088000000, 0x0000000088100000|  0%| F|  |TS  1|AC  0|TAMS 0x0000000088000000, 0x0000000088000000|
|  99|0x0000000088100000, 0x0000000088100000, 0x0000000088200000|  0%| F|  |TS  1|AC  0|TAMS 0x0000000088100000, 0x0000000088100000|
| 100|0x0000000088200000, 0x0000000088200000, 0x0000000088300000|  0%| F|  |TS  1|AC  0|TAMS 0x0000000088200000, 0x0000000088200000|
| 101|0x0000000088300000, 0x0000000088300000, 0x0000000088400000|  0%| F|  |TS  1|AC  0|TAMS 0x0000000088300000, 0x0000000088300000|
| 102|0x0000000088400000, 0x0000000088400000, 0x0000000088500000|  0%| F|  |TS  1|AC  0|TAMS 0x0000000088400000, 0x0000000088400000|
| 103|0x0000000088500000, 0x0000000088500000, 0x0000000088600000|  0%| F|  |TS  1|AC  0|TAMS 0x0000000088500000, 0x0000000088500000|
| 104|0x0000000088600000, 0x0000000088600000, 0x0000000088700000|  0%| F|  |TS  1|AC  0|TAMS 0x0000000088600000, 0x0000000088600000|
| 105|0x0000000088700000, 0x0000000088700000, 0x0000000088800000|  0%| F|  |TS  1|AC  0|TAMS 0x0000000088700000, 0x0000000088700000|
| 106|0x0000000088800000, 0x0000000088800000, 0x0000000088900000|  0%| F|  |TS  1|AC  0|TAMS 0x0000000088800000, 0x0000000088800000|
| 107|0x0000000088900000, 0x00000000889fd8b8, 0x0000000088a00000| 99%| E|  |TS  1|AC  0|TAMS 0x0000000088900000, 0x0000000088900000|
| 108|0x0000000088a00000, 0x0000000088b00000, 0x0000000088b00000|100%| E|CS|TS  1|AC  0|TAMS 0x0000000088a00000, 0x0000000088a00000|
| 109|0x0000000088b00000, 0x0000000088c00000, 0x0000000088c00000|100%| E|CS|TS  1|AC  0|TAMS 0x0000000088b00000, 0x0000000088b00000|
| 110|0x0000000088c00000, 0x0000000088d00000, 0x0000000088d00000|100%| E|CS|TS  1|AC  0|TAMS 0x0000000088c00000, 0x0000000088c00000|
| 111|0x0000000088d00000, 0x0000000088e00000, 0x0000000088e00000|100%| E|CS|TS  1|AC  0|TAMS 0x0000000088d00000, 0x0000000088d00000|
| 112|0x0000000088e00000, 0x0000000088f00000, 0x0000000088f00000|100%| E|CS|TS  1|AC  0|TAMS 0x0000000088e00000, 0x0000000088e00000|
| 113|0x0000000088f00000, 0x0000000089000000, 0x0000000089000000|100%| E|CS|TS  1|AC  0|TAMS 0x0000000088f00000, 0x0000000088f00000|
| 114|0x0000000089000000, 0x0000000089100000, 0x0000000089100000|100%| E|CS|TS  1|AC  0|TAMS 0x0000000089000000, 0x0000000089000000|
| 115|0x0000000089100000, 0x0000000089200000, 0x0000000089200000|100%| E|CS|TS  1|AC  0|TAMS 0x0000000089100000, 0x0000000089100000|
| 116|0x0000000089200000, 0x0000000089300000, 0x0000000089300000|100%| E|CS|TS  1|AC  0|TAMS 0x0000000089200000, 0x0000000089200000|
| 117|0x0000000089300000, 0x0000000089400000, 0x0000000089400000|100%| E|CS|TS  1|AC  0|TAMS 0x0000000089300000, 0x0000000089300000|
| 118|0x0000000089400000, 0x0000000089500000, 0x0000000089500000|100%| E|CS|TS  1|AC  0|TAMS 0x0000000089400000, 0x0000000089400000|
| 119|0x0000000089500000, 0x0000000089600000, 0x0000000089600000|100%| E|CS|TS  1|AC  0|TAMS 0x0000000089500000, 0x0000000089500000|
| 120|0x0000000089600000, 0x0000000089700000, 0x0000000089700000|100%| E|CS|TS  1|AC  0|TAMS 0x0000000089600000, 0x0000000089600000|
| 121|0x0000000089700000, 0x0000000089800000, 0x0000000089800000|100%| E|CS|TS  1|AC  0|TAMS 0x0000000089700000, 0x0000000089700000|
| 122|0x0000000089800000, 0x0000000089900000, 0x0000000089900000|100%| E|CS|TS  1|AC  0|TAMS 0x0000000089800000, 0x0000000089800000|
| 123|0x0000000089900000, 0x0000000089a00000, 0x0000000089a00000|100%| E|CS|TS  1|AC  0|TAMS 0x0000000089900000, 0x0000000089900000|
| 124|0x0000000089a00000, 0x0000000089b00000, 0x0000000089b00000|100%| E|CS|TS  1|AC  0|TAMS 0x0000000089a00000, 0x0000000089a00000|
| 125|0x0000000089b00000, 0x0000000089c00000, 0x0000000089c00000|100%| E|CS|TS  1|AC  0|TAMS 0x0000000089b00000, 0x0000000089b00000|
| 126|0x0000000089c00000, 0x0000000089d00000, 0x0000000089d00000|100%| E|CS|TS  1|AC  0|TAMS 0x0000000089c00000, 0x0000000089c00000|
| 127|0x0000000089d00000, 0x0000000089e00000, 0x0000000089e00000|100%| E|CS|TS  1|AC  0|TAMS 0x0000000089d00000, 0x0000000089d00000|
| 128|0x0000000089e00000, 0x0000000089f00000, 0x0000000089f00000|100%| E|CS|TS  1|AC  0|TAMS 0x0000000089e00000, 0x0000000089e00000|
| 129|0x0000000089f00000, 0x000000008a000000, 0x000000008a000000|100%| E|CS|TS  1|AC  0|TAMS 0x0000000089f00000, 0x0000000089f00000|
| 130|0x000000008a000000, 0x000000008a100000, 0x000000008a100000|100%| E|CS|TS  1|AC  0|TAMS 0x000000008a000000, 0x000000008a000000|
| 131|0x000000008a100000, 0x000000008a200000, 0x000000008a200000|100%| E|CS|TS  1|AC  0|TAMS 0x000000008a100000, 0x000000008a100000|
| 132|0x000000008a200000, 0x000000008a300000, 0x000000008a300000|100%| E|CS|TS  1|AC  0|TAMS 0x000000008a200000, 0x000000008a200000|
| 133|0x000000008a300000, 0x000000008a400000, 0x000000008a400000|100%| E|CS|TS  1|AC  0|TAMS 0x000000008a300000, 0x000000008a300000|
| 134|0x000000008a400000, 0x000000008a500000, 0x000000008a500000|100%| E|CS|TS  1|AC  0|TAMS 0x000000008a400000, 0x000000008a400000|
| 135|0x000000008a500000, 0x000000008a600000, 0x000000008a600000|100%| E|CS|TS  1|AC  0|TAMS 0x000000008a500000, 0x000000008a500000|
| 136|0x000000008a600000, 0x000000008a700000, 0x000000008a700000|100%| E|CS|TS  1|AC  0|TAMS 0x000000008a600000, 0x000000008a600000|
| 137|0x000000008a700000, 0x000000008a800000, 0x000000008a800000|100%| E|CS|TS  1|AC  0|TAMS 0x000000008a700000, 0x000000008a700000|
| 138|0x000000008a800000, 0x000000008a900000, 0x000000008a900000|100%| E|CS|TS  1|AC  0|TAMS 0x000000008a800000, 0x000000008a800000|
| 139|0x000000008a900000, 0x000000008aa00000, 0x000000008aa00000|100%| E|CS|TS  1|AC  0|TAMS 0x000000008a900000, 0x000000008a900000|
| 140|0x000000008aa00000, 0x000000008ab00000, 0x000000008ab00000|100%| E|CS|TS  1|AC  0|TAMS 0x000000008aa00000, 0x000000008aa00000|
| 141|0x000000008ab00000, 0x000000008ac00000, 0x000000008ac00000|100%| E|CS|TS  1|AC  0|TAMS 0x000000008ab00000, 0x000000008ab00000|
| 142|0x000000008ac00000, 0x000000008ad00000, 0x000000008ad00000|100%| E|CS|TS  1|AC  0|TAMS 0x000000008ac00000, 0x000000008ac00000|
| 143|0x000000008ad00000, 0x000000008ae00000, 0x000000008ae00000|100%| E|CS|TS  1|AC  0|TAMS 0x000000008ad00000, 0x000000008ad00000|
| 144|0x000000008ae00000, 0x000000008af00000, 0x000000008af00000|100%| E|CS|TS  1|AC  0|TAMS 0x000000008ae00000, 0x000000008ae00000|
| 145|0x000000008af00000, 0x000000008b000000, 0x000000008b000000|100%| E|CS|TS  1|AC  0|TAMS 0x000000008af00000, 0x000000008af00000|
| 146|0x000000008b000000, 0x000000008b100000, 0x000000008b100000|100%| E|CS|TS  1|AC  0|TAMS 0x000000008b000000, 0x000000008b000000|
| 147|0x000000008b100000, 0x000000008b200000, 0x000000008b200000|100%| E|CS|TS  1|AC  0|TAMS 0x000000008b100000, 0x000000008b100000|
| 148|0x000000008b200000, 0x000000008b300000, 0x000000008b300000|100%| E|CS|TS  1|AC  0|TAMS 0x000000008b200000, 0x000000008b200000|
| 149|0x000000008b300000, 0x000000008b400000, 0x000000008b400000|100%| E|CS|TS  1|AC  0|TAMS 0x000000008b300000, 0x000000008b300000|
| 150|0x000000008b400000, 0x000000008b500000, 0x000000008b500000|100%| E|CS|TS  1|AC  0|TAMS 0x000000008b400000, 0x000000008b400000|
| 151|0x000000008b500000, 0x000000008b600000, 0x000000008b600000|100%| E|CS|TS  1|AC  0|TAMS 0x000000008b500000, 0x000000008b500000|
| 152|0x000000008b600000, 0x000000008b700000, 0x000000008b700000|100%| E|CS|TS  1|AC  0|TAMS 0x000000008b600000, 0x000000008b600000|
| 153|0x000000008b700000, 0x000000008b800000, 0x000000008b800000|100%| E|CS|TS  1|AC  0|TAMS 0x000000008b700000, 0x000000008b700000|

Card table byte_map: [0x0000017030420000,0x0000017030820000] byte_map_base: 0x0000017030011000

Marking Bits (Prev, Next): (CMBitMap*) 0x0000017034b83238, (CMBitMap*) 0x0000017034b83200
 Prev Bits: [0x0000017032bb0000, 0x0000017034b38000)
 Next Bits: [0x0000017030c20000, 0x0000017032ba8000)

Polling page: 0x0000017014220000

CodeHeap 'non-profiled nmethods': size=120000Kb used=4126Kb max_used=4126Kb free=115873Kb
 bounds [0x0000017027c70000, 0x0000017028080000, 0x000001702f1a0000]
CodeHeap 'profiled nmethods': size=120000Kb used=15465Kb max_used=15465Kb free=104534Kb
 bounds [0x0000017020740000, 0x0000017021660000, 0x0000017027c70000]
CodeHeap 'non-nmethods': size=5760Kb used=1368Kb max_used=1419Kb free=4392Kb
 bounds [0x00000170201a0000, 0x0000017020410000, 0x0000017020740000]
 total_blobs=7989 nmethods=5934 adapters=500
 compilation: enabled

Compilation events (10 events):
Event: 20.887 Thread 0x0000017037edf800 5986       2       jdk.internal.math.FDBigInteger::trimLeadingZeros (57 bytes)
Event: 20.887 Thread 0x0000017037edf800 nmethod 5986 0x0000017021659710 code [0x00000170216598c0, 0x0000017021659ad8]
Event: 20.888 Thread 0x0000017037edf800 5987       2       java.util.Calendar::isFieldSet (14 bytes)
Event: 20.888 Thread 0x0000017037edf800 nmethod 5987 0x0000017021659c10 code [0x0000017021659dc0, 0x0000017021659f18]
Event: 20.888 Thread 0x0000017037edf800 5988       2       java.util.Calendar::getBaseStyle (5 bytes)
Event: 20.888 Thread 0x0000017037edf800 nmethod 5988 0x0000017021659f90 code [0x000001702165a140, 0x000001702165a298]
Event: 20.888 Thread 0x0000017037edf800 5989       2       java.util.IdentityHashMap::init (11 bytes)
Event: 20.888 Thread 0x0000017037edf800 nmethod 5989 0x000001702165a310 code [0x000001702165a4c0, 0x000001702165a6f8]
Event: 20.908 Thread 0x0000017037ed7000 nmethod 5810 0x0000017028071b10 code [0x0000017028071f20, 0x0000017028075600]
Event: 20.908 Thread 0x0000017037ed7000 5873       4       org.springframework.core.BridgeMethodResolver::findBridgedMethod (106 bytes)

GC Heap History (10 events):
Event: 11.905 GC heap before
{Heap before GC invocations=8 (full 0):
 garbage-first heap   total 157696K, used 106426K [0x0000000081e00000, 0x0000000081f004d0, 0x0000000100000000)
  region size 1024K, 92 young (94208K), 7 survivors (7168K)
 Metaspace       used 39675K, capacity 41858K, committed 42108K, reserved 1085440K
  class space    used 4779K, capacity 5167K, committed 5244K, reserved 1048576K
}
Event: 11.920 GC heap after
{Heap after GC invocations=9 (full 0):
 garbage-first heap   total 157696K, used 26011K [0x0000000081e00000, 0x0000000081f004d0, 0x0000000100000000)
  region size 1024K, 12 young (12288K), 12 survivors (12288K)
 Metaspace       used 39675K, capacity 41858K, committed 42108K, reserved 1085440K
  class space    used 4779K, capacity 5167K, committed 5244K, reserved 1048576K
}
Event: 13.936 GC heap before
{Heap before GC invocations=9 (full 0):
 garbage-first heap   total 157696K, used 107931K [0x0000000081e00000, 0x0000000081f004d0, 0x0000000100000000)
  region size 1024K, 92 young (94208K), 12 survivors (12288K)
 Metaspace       used 48012K, capacity 50352K, committed 50812K, reserved 1093632K
  class space    used 6004K, capacity 6410K, committed 6524K, reserved 1048576K
}
Event: 13.957 GC heap after
{Heap after GC invocations=10 (full 0):
 garbage-first heap   total 157696K, used 32225K [0x0000000081e00000, 0x0000000081f004d0, 0x0000000100000000)
  region size 1024K, 10 young (10240K), 10 survivors (10240K)
 Metaspace       used 48012K, capacity 50352K, committed 50812K, reserved 1093632K
  class space    used 6004K, capacity 6410K, committed 6524K, reserved 1048576K
}
Event: 16.297 GC heap before
{Heap before GC invocations=10 (full 0):
 garbage-first heap   total 157696K, used 114145K [0x0000000081e00000, 0x0000000081f004d0, 0x0000000100000000)
  region size 1024K, 90 young (92160K), 10 survivors (10240K)
 Metaspace       used 56280K, capacity 58680K, committed 59004K, reserved 1099776K
  class space    used 7243K, capacity 7694K, committed 7804K, reserved 1048576K
}
Event: 16.319 GC heap after
{Heap after GC invocations=11 (full 0):
 garbage-first heap   total 157696K, used 35190K [0x0000000081e00000, 0x0000000081f004d0, 0x0000000100000000)
  region size 1024K, 9 young (9216K), 9 survivors (9216K)
 Metaspace       used 56280K, capacity 58680K, committed 59004K, reserved 1099776K
  class space    used 7243K, capacity 7694K, committed 7804K, reserved 1048576K
}
Event: 17.811 GC heap before
{Heap before GC invocations=11 (full 0):
 garbage-first heap   total 157696K, used 52598K [0x0000000081e00000, 0x0000000081f004d0, 0x0000000100000000)
  region size 1024K, 27 young (27648K), 9 survivors (9216K)
 Metaspace       used 57831K, capacity 60300K, committed 60508K, reserved 1101824K
  class space    used 7447K, capacity 7906K, committed 7932K, reserved 1048576K
}
Event: 17.819 GC heap after
{Heap after GC invocations=12 (full 0):
 garbage-first heap   total 157696K, used 30816K [0x0000000081e00000, 0x0000000081f004d0, 0x0000000100000000)
  region size 1024K, 3 young (3072K), 3 survivors (3072K)
 Metaspace       used 57831K, capacity 60300K, committed 60508K, reserved 1101824K
  class space    used 7447K, capacity 7906K, committed 7932K, reserved 1048576K
}
Event: 19.859 GC heap before
{Heap before GC invocations=13 (full 0):
 garbage-first heap   total 157696K, used 119904K [0x0000000081e00000, 0x0000000081f004d0, 0x0000000100000000)
  region size 1024K, 90 young (92160K), 3 survivors (3072K)
 Metaspace       used 63393K, capacity 66602K, committed 66760K, reserved 1107968K
  class space    used 8264K, capacity 8815K, committed 8904K, reserved 1048576K
}
Event: 19.874 GC heap after
{Heap after GC invocations=14 (full 0):
 garbage-first heap   total 157696K, used 36593K [0x0000000081e00000, 0x0000000081f004d0, 0x0000000100000000)
  region size 1024K, 9 young (9216K), 9 survivors (9216K)
 Metaspace       used 63393K, capacity 66602K, committed 66760K, reserved 1107968K
  class space    used 8264K, capacity 8815K, committed 8904K, reserved 1048576K
}

Deoptimization events (10 events):
Event: 19.432 Thread 0x0000017014294800 Uncommon trap: reason=unstable_if action=reinterpret pc=0x000001702800a9d8 method=org.springframework.core.annotation.AnnotatedElementUtils.searchWithFindSemantics(Ljava/lang/reflect/AnnotatedElement;Ljava/util/Set;Ljava/lang/String;Ljava/lang/Class;Lorg/
Event: 19.755 Thread 0x0000017014294800 Uncommon trap: reason=unstable_if action=reinterpret pc=0x0000017028055f4c method=org.springframework.beans.factory.support.AbstractBeanFactory.isTypeMatch(Ljava/lang/String;Lorg/springframework/core/ResolvableType;)Z @ 26 c2
Event: 20.111 Thread 0x0000017014294800 Uncommon trap: reason=class_check action=maybe_recompile pc=0x000001702804ba78 method=org.springframework.util.ReflectionUtils.doWithMethods(Ljava/lang/Class;Lorg/springframework/util/ReflectionUtils$MethodCallback;Lorg/springframework/util/ReflectionUtil
Event: 20.112 Thread 0x0000017014294800 Uncommon trap: reason=class_check action=maybe_recompile pc=0x000001702804ba78 method=org.springframework.util.ReflectionUtils.doWithMethods(Ljava/lang/Class;Lorg/springframework/util/ReflectionUtils$MethodCallback;Lorg/springframework/util/ReflectionUtil
Event: 20.112 Thread 0x0000017014294800 Uncommon trap: reason=class_check action=maybe_recompile pc=0x000001702804ba78 method=org.springframework.util.ReflectionUtils.doWithMethods(Ljava/lang/Class;Lorg/springframework/util/ReflectionUtils$MethodCallback;Lorg/springframework/util/ReflectionUtil
Event: 20.113 Thread 0x0000017014294800 Uncommon trap: reason=class_check action=maybe_recompile pc=0x000001702804ba78 method=org.springframework.util.ReflectionUtils.doWithMethods(Ljava/lang/Class;Lorg/springframework/util/ReflectionUtils$MethodCallback;Lorg/springframework/util/ReflectionUtil
Event: 20.216 Thread 0x0000017014294800 Uncommon trap: reason=class_check action=maybe_recompile pc=0x0000017027f4bffc method=org.springframework.core.annotation.AnnotationUtils.findAnnotation(Ljava/lang/Class;Ljava/lang/Class;Z)Ljava/lang/annotation/Annotation; @ 31 c2
Event: 20.745 Thread 0x0000017014294800 Uncommon trap: reason=unstable_if action=reinterpret pc=0x0000017027ea8a38 method=org.springframework.core.annotation.AnnotationUtils.findAnnotation(Ljava/lang/Class;Ljava/lang/Class;Ljava/util/Set;)Ljava/lang/annotation/Annotation; @ 77 c2
Event: 20.880 Thread 0x0000017014294800 Uncommon trap: reason=bimorphic_or_optimized_type_check action=maybe_recompile pc=0x0000017027ee1a10 method=java.util.Hashtable.get(Ljava/lang/Object;)Ljava/lang/Object; @ 6 c2
Event: 20.881 Thread 0x0000017014294800 Uncommon trap: reason=bimorphic_or_optimized_type_check action=maybe_recompile pc=0x0000017027ee1a10 method=java.util.Hashtable.get(Ljava/lang/Object;)Ljava/lang/Object; @ 6 c2

Classes redefined (0 events):
No events

Internal exceptions (10 events):
Event: 19.003 Thread 0x0000017014294800 Exception <a 'java/lang/ClassNotFoundException'{0x00000000885b7d90}: org/springframework/context/annotation/ImportAwareCustomizer> (0x00000000885b7d90) thrown at [t:/workspace/hotspot/src/share/vm/classfile/systemDictionary.cpp, line 218]
Event: 19.004 Thread 0x0000017014294800 Exception <a 'java/lang/ClassNotFoundException'{0x00000000885cb378}: org/springframework/beans/factory/AwareCustomizer> (0x00000000885cb378) thrown at [t:/workspace/hotspot/src/share/vm/classfile/systemDictionary.cpp, line 218]
Event: 19.005 Thread 0x0000017014294800 Exception <a 'java/lang/ClassNotFoundException'{0x00000000885e19f8}: org/springframework/beans/factory/BeanClassLoaderAwareCustomizer> (0x00000000885e19f8) thrown at [t:/workspace/hotspot/src/share/vm/classfile/systemDictionary.cpp, line 218]
Event: 19.005 Thread 0x0000017014294800 Exception <a 'java/lang/ClassNotFoundException'{0x00000000885f4ff0}: org/springframework/beans/factory/AwareCustomizer> (0x00000000885f4ff0) thrown at [t:/workspace/hotspot/src/share/vm/classfile/systemDictionary.cpp, line 218]
Event: 19.708 Thread 0x0000017014294800 Exception <a 'java/lang/NoSuchMethodError'{0x0000000086381ed8}: java.lang.invoke.DirectMethodHandle$Holder.invokeInterface(Ljava/lang/Object;Ljava/lang/Object;Ljava/lang/Object;Ljava/lang/Object;)Ljava/lang/Object;> (0x0000000086381ed8) thrown at [t:/work
Event: 20.073 Thread 0x0000017014294800 Exception <a 'java/lang/NoSuchMethodError'{0x000000008ad8a1e8}: java.lang.invoke.DirectMethodHandle$Holder.invokeVirtual(Ljava/lang/Object;Ljava/lang/Object;I)V> (0x000000008ad8a1e8) thrown at [t:/workspace/hotspot/src/share/vm/interpreter/linkResolver.cp
Event: 20.788 Thread 0x0000017014294800 Exception <a 'java/lang/NoSuchMethodError'{0x0000000089087cb0}: method resolution failed> (0x0000000089087cb0) thrown at [t:/workspace/hotspot/src/share/vm/prims/methodHandles.cpp, line 1256]
Event: 20.789 Thread 0x0000017014294800 Exception <a 'java/lang/NoSuchMethodError'{0x000000008908fbd0}: method resolution failed> (0x000000008908fbd0) thrown at [t:/workspace/hotspot/src/share/vm/prims/methodHandles.cpp, line 1256]
Event: 20.789 Thread 0x0000017014294800 Exception <a 'java/lang/NoSuchMethodError'{0x0000000089093aa8}: method resolution failed> (0x0000000089093aa8) thrown at [t:/workspace/hotspot/src/share/vm/prims/methodHandles.cpp, line 1256]
Event: 20.869 Thread 0x0000017014294800 Exception <a 'java/lang/NoSuchMethodError'{0x0000000088a09a78}: java.lang.invoke.DirectMethodHandle$Holder.invokeSpecial(Ljava/lang/Object;Ljava/lang/Object;)V> (0x0000000088a09a78) thrown at [t:/workspace/hotspot/src/share/vm/interpreter/linkResolver.cpp

Events (10 events):
Event: 20.884 loading class java/util/AbstractMap$1$1
Event: 20.884 loading class java/util/AbstractMap$1$1 done
Event: 20.884 loading class jdk/internal/math/FDBigInteger
Event: 20.885 loading class jdk/internal/math/FDBigInteger done
Event: 20.888 loading class org/springframework/boot/ApplicationRunner
Event: 20.888 loading class org/springframework/boot/ApplicationRunner done
Event: 20.889 loading class org/springframework/boot/CommandLineRunner
Event: 20.889 loading class org/springframework/boot/CommandLineRunner done
Event: 20.891 Thread 0x0000017014294800 Thread exited: 0x0000017014294800
Event: 20.892 Thread 0x000001703d71c000 Thread added: 0x000001703d71c000


Dynamic libraries:
0x00007ff6dc4f0000 - 0x00007ff6dc52e000 	C:\Program Files\Java\jdk-9.0.4\bin\java.exe
0x00007ff9b41e0000 - 0x00007ff9b43d0000 	C:\WINDOWS\SYSTEM32\ntdll.dll
0x00007ff9b3930000 - 0x00007ff9b39e2000 	C:\WINDOWS\System32\KERNEL32.DLL
0x00007ff9b1560000 - 0x00007ff9b1803000 	C:\WINDOWS\System32\KERNELBASE.dll
0x00007ff9b2580000 - 0x00007ff9b2623000 	C:\WINDOWS\System32\ADVAPI32.dll
0x00007ff9b23d0000 - 0x00007ff9b246e000 	C:\WINDOWS\System32\msvcrt.dll
0x00007ff9b24e0000 - 0x00007ff9b2577000 	C:\WINDOWS\System32\sechost.dll
0x00007ff9b4060000 - 0x00007ff9b4180000 	C:\WINDOWS\System32\RPCRT4.dll
0x00007ff9b3a60000 - 0x00007ff9b3bf3000 	C:\WINDOWS\System32\USER32.dll
0x00007ff9b1530000 - 0x00007ff9b1551000 	C:\WINDOWS\System32\win32u.dll
0x00007ff9b2be0000 - 0x00007ff9b2c06000 	C:\WINDOWS\System32\GDI32.dll
0x00007ff9b12c0000 - 0x00007ff9b1454000 	C:\WINDOWS\System32\gdi32full.dll
0x00007ff9b21f0000 - 0x00007ff9b228e000 	C:\WINDOWS\System32\msvcp_win.dll
0x00007ff9b1810000 - 0x00007ff9b190a000 	C:\WINDOWS\System32\ucrtbase.dll
0x00007ff9a2b40000 - 0x00007ff9a2dc5000 	C:\WINDOWS\WinSxS\amd64_microsoft.windows.common-controls_6595b64144ccf1df_6.0.18362.356_none_e6c4af7d130f27cc\COMCTL32.dll
0x00007ff9af750000 - 0x00007ff9af75a000 	C:\WINDOWS\SYSTEM32\VERSION.dll
0x00007ff9b3ca0000 - 0x00007ff9b3fd6000 	C:\WINDOWS\System32\combase.dll
0x00007ff9b1460000 - 0x00007ff9b14e0000 	C:\WINDOWS\System32\bcryptPrimitives.dll
0x00007ff9b3c10000 - 0x00007ff9b3c3e000 	C:\WINDOWS\System32\IMM32.DLL
0x00007ff97a8e0000 - 0x00007ff97a9cf000 	C:\Program Files\Java\jdk-9.0.4\bin\msvcr120.dll
0x00007ff97b230000 - 0x00007ff97b2d6000 	C:\Program Files\Java\jdk-9.0.4\bin\msvcp120.dll
0x0000000064910000 - 0x0000000065335000 	C:\Program Files\Java\jdk-9.0.4\bin\server\jvm.dll
0x00007ff9b3a50000 - 0x00007ff9b3a58000 	C:\WINDOWS\System32\PSAPI.DLL
0x00007ff9a1680000 - 0x00007ff9a1689000 	C:\WINDOWS\SYSTEM32\WSOCK32.dll
0x00007ff9aeeb0000 - 0x00007ff9aeed4000 	C:\WINDOWS\SYSTEM32\WINMM.dll
0x00007ff9b2e10000 - 0x00007ff9b2e7f000 	C:\WINDOWS\System32\WS2_32.dll
0x00007ff9ad7f0000 - 0x00007ff9ad81d000 	C:\WINDOWS\SYSTEM32\winmmbase.dll
0x00007ff9b1910000 - 0x00007ff9b195a000 	C:\WINDOWS\System32\cfgmgr32.dll
0x00007ff9af760000 - 0x00007ff9af76f000 	C:\Program Files\Java\jdk-9.0.4\bin\verify.dll
0x00007ff9a0610000 - 0x00007ff9a0637000 	C:\Program Files\Java\jdk-9.0.4\bin\java.dll
0x00007ff98d0e0000 - 0x00007ff98d10a000 	C:\Program Files\Java\jdk-9.0.4\bin\instrument.dll
0x00007ff9a6740000 - 0x00007ff9a6756000 	C:\Program Files\Java\jdk-9.0.4\bin\zip.dll
0x00007ff9abb70000 - 0x00007ff9abb7a000 	C:\Program Files\Java\jdk-9.0.4\bin\jimage.dll
0x00007ff9b3090000 - 0x00007ff9b3775000 	C:\WINDOWS\System32\SHELL32.dll
0x00007ff9b2630000 - 0x00007ff9b26d9000 	C:\WINDOWS\System32\shcore.dll
0x00007ff9b19c0000 - 0x00007ff9b213e000 	C:\WINDOWS\System32\windows.storage.dll
0x00007ff9b10c0000 - 0x00007ff9b10df000 	C:\WINDOWS\System32\profapi.dll
0x00007ff9b1120000 - 0x00007ff9b116a000 	C:\WINDOWS\System32\powrprof.dll
0x00007ff9b10b0000 - 0x00007ff9b10c0000 	C:\WINDOWS\System32\UMPDC.dll
0x00007ff9b3c40000 - 0x00007ff9b3c92000 	C:\WINDOWS\System32\shlwapi.dll
0x00007ff9b1100000 - 0x00007ff9b1111000 	C:\WINDOWS\System32\kernel.appcore.dll
0x00007ff9b1510000 - 0x00007ff9b1527000 	C:\WINDOWS\System32\cryptsp.dll
0x00007ff9a4ce0000 - 0x00007ff9a4cfa000 	C:\Program Files\Java\jdk-9.0.4\bin\net.dll
0x00007ff9a86f0000 - 0x00007ff9a87e0000 	C:\WINDOWS\SYSTEM32\WINHTTP.dll
0x00007ff9b08c0000 - 0x00007ff9b0927000 	C:\WINDOWS\system32\mswsock.dll
0x00007ff99f730000 - 0x00007ff99f741000 	C:\Program Files\Java\jdk-9.0.4\bin\nio.dll
0x00007ff991cb0000 - 0x00007ff991cca000 	C:\Program Files\JetBrains\IntelliJ IDEA Community Edition 2019.2.3\bin\breakgen64.dll
0x00007ff9ab270000 - 0x00007ff9ab279000 	C:\Program Files\Java\jdk-9.0.4\bin\management.dll
0x00007ff9ab220000 - 0x00007ff9ab22a000 	C:\Program Files\Java\jdk-9.0.4\bin\management_ext.dll
0x00007ff9a09d0000 - 0x00007ff9a09e6000 	C:\WINDOWS\system32\napinsp.dll
0x00007ff9a0a90000 - 0x00007ff9a0aaa000 	C:\WINDOWS\system32\pnrpnsp.dll
0x00007ff9b0610000 - 0x00007ff9b06da000 	C:\WINDOWS\SYSTEM32\DNSAPI.dll
0x00007ff9b2b50000 - 0x00007ff9b2b58000 	C:\WINDOWS\System32\NSI.dll
0x00007ff9b05d0000 - 0x00007ff9b060a000 	C:\WINDOWS\SYSTEM32\IPHLPAPI.DLL
0x00007ff9a0a60000 - 0x00007ff9a0a6e000 	C:\WINDOWS\System32\winrnr.dll
0x00007ff9abb50000 - 0x00007ff9abb6c000 	C:\WINDOWS\system32\NLAapi.dll
0x00007ff99fa80000 - 0x00007ff99fa95000 	C:\WINDOWS\system32\wshbth.dll
0x00007ff9a8450000 - 0x00007ff9a845a000 	C:\Windows\System32\rasadhlp.dll
0x00007ff9aa110000 - 0x00007ff9aa187000 	C:\WINDOWS\System32\fwpuclnt.dll
0x00007ff9b14e0000 - 0x00007ff9b1506000 	C:\WINDOWS\System32\bcrypt.dll
0x00007ff9b0430000 - 0x00007ff9b0463000 	C:\WINDOWS\system32\rsaenh.dll
0x00007ff9b0fd0000 - 0x00007ff9b0ff5000 	C:\WINDOWS\SYSTEM32\USERENV.dll
0x00007ff9b0a90000 - 0x00007ff9b0a9c000 	C:\WINDOWS\SYSTEM32\CRYPTBASE.dll
0x00007ff9aa5c0000 - 0x00007ff9aa5d6000 	C:\WINDOWS\SYSTEM32\dhcpcsvc6.DLL
0x00007ff9aa4f0000 - 0x00007ff9aa50c000 	C:\WINDOWS\SYSTEM32\dhcpcsvc.DLL
0x00007ff9a8d80000 - 0x00007ff9a8f74000 	C:\WINDOWS\SYSTEM32\dbghelp.dll

VM Arguments:
jvm_args: -javaagent:C:\Program Files\JetBrains\IntelliJ IDEA Community Edition 2019.2.3\lib\idea_rt.jar=63907:C:\Program Files\JetBrains\IntelliJ IDEA Community Edition 2019.2.3\bin -Dfile.encoding=UTF-8 
java_command: eu.execom.pomodoro.PomodoroApplication
java_class_path (initial): C:\Users\Arsenije\Desktop\pomodoro\PomodoroProject-master\target\classes;C:\Users\Arsenije\.m2\repository\org\springframework\boot\spring-boot-starter-web\2.1.4.RELEASE\spring-boot-starter-web-2.1.4.RELEASE.jar;C:\Users\Arsenije\.m2\repository\org\springframework\boot\spring-boot-starter\2.1.4.RELEASE\spring-boot-starter-2.1.4.RELEASE.jar;C:\Users\Arsenije\.m2\repository\org\springframework\boot\spring-boot\2.1.4.RELEASE\spring-boot-2.1.4.RELEASE.jar;C:\Users\Arsenije\.m2\repository\org\springframework\boot\spring-boot-autoconfigure\2.1.4.RELEASE\spring-boot-autoconfigure-2.1.4.RELEASE.jar;C:\Users\Arsenije\.m2\repository\org\springframework\boot\spring-boot-starter-logging\2.1.4.RELEASE\spring-boot-starter-logging-2.1.4.RELEASE.jar;C:\Users\Arsenije\.m2\repository\ch\qos\logback\logback-classic\1.2.3\logback-classic-1.2.3.jar;C:\Users\Arsenije\.m2\repository\ch\qos\logback\logback-core\1.2.3\logback-core-1.2.3.jar;C:\Users\Arsenije\.m2\repository\org\apache\logging\log4j\log4j-to-slf4j\2.11.2\log4j-to-slf4j-2.11.2.jar;C:\Users\Arsenije\.m2\repository\org\apache\logging\log4j\log4j-api\2.11.2\log4j-api-2.11.2.jar;C:\Users\Arsenije\.m2\repository\org\slf4j\jul-to-slf4j\1.7.26\jul-to-slf4j-1.7.26.jar;C:\Users\Arsenije\.m2\repository\javax\annotation\javax.annotation-api\1.3.2\javax.annotation-api-1.3.2.jar;C:\Users\Arsenije\.m2\repository\org\yaml\snakeyaml\1.23\snakeyaml-1.23.jar;C:\Users\Arsenije\.m2\repository\org\springframework\boot\spring-boot-starter-json\2.1.4.RELEASE\spring-boot-starter-json-2.1.4.RELEASE.jar;C:\Users\Arsenije\.m2\repository\com\fasterxml\jackson\datatype\jackson-datatype-jdk8\2.9.8\jackson-datatype-jdk8-2.9.8.jar;C:\Users\Arsenije\.m2\repository\com\fasterxml\jackson\datatype\jackson-datatype-jsr310\2.9.8\jackson-datatype-jsr310-2.9.8.jar;C:\Users\Arsenije\.m2\repository\com\fasterxml\jackson\module\jackson-module-parameter-names\2.9.8\jackson-module-parameter-names-2.9.8.jar;C:\Users\Arsenije\.m2\repository\org\
Launcher Type: SUN_STANDARD

Logging:
Log output configuration:
#0: stdout all=warning uptime,level,tags
#1: stderr all=off uptime,level,tags

Environment Variables:
JAVA_HOME=C:\Program Files\Java\jdk1.8.0_171
PATH=C:\Program Files\Docker\Docker\Resources\bin;C:\Program Files\Java\jdk-9.0.4\bin;C:\ProgramData\Oracle\Java\javapath;C:\WINDOWS\system32;C:\WINDOWS;C:\WINDOWS\System32\Wbem;C:\WINDOWS\System32\WindowsPowerShell\v1.0\;C:\Program Files (x86)\Microsoft SQL Server\Client SDK\ODBC\130\Tools\Binn\;C:\Program Files (x86)\Microsoft SQL Server\140\Tools\Binn\;C:\Program Files (x86)\Microsoft SQL Server\140\DTS\Binn\;C:\Program Files (x86)\Microsoft SQL Server\140\Tools\Binn\ManagementStudio\;D:\alati\command;C:\Program Files\MySQL\MySQL Utilities 1.6\;C:\WINDOWS\System32\OpenSSH\;C:\Program Files\Git\cmd;C:\Program Files\TortoiseGit\bin;C:\Program Files\dotnet\;C:\Program Files\Microsoft SQL Server\130\Tools\Binn\;D:\alati\Microsoft VS Code\bin;"C:\Program Files\Java\jdk1.8.0_171;C:\Program Files\Java\jre1.8.0_171;\bin;";"C:\Program Files\Java\jre1.8.0_171\bin;"C:\Program Files\Java\jdk1.8.0_171\bin;C:\Program Files\Microsoft SQL Server\Client SDK\ODBC\130\Tools\Binn\;C:\Program Files\Microsoft SQL Server\140\Tools\Binn\;C:\Program Files\Microsoft SQL Server\140\DTS\Binn\;C:\OpenSSL-Win64\bin;D:\alati\nodeJS\;C:\Users\Arsenije\AppData\Local\Programs\Python\Python36\Scripts\;C:\Users\Arsenije\AppData\Local\Programs\Python\Python36\;C:\Program Files\Java\jdk-9.0.4\bin;C:\Users\Arsenije\AppData\Local\Microsoft\WindowsApps;D:\alati\Microsoft VS Code\bin;C:\Program Files\Git\cmd;C:\Users\Arsenije\.dotnet\tools;C:\Program Files\apache-maven-3.6.0\bin;C:\Users\Arsenije\AppData\Local\Android\Sdk\platform-tools;;C:\Users\Arsenije\AppData\Local\Microsoft\WindowsApps;C:\Users\Arsenije\AppData\Roaming\npm
USERNAME=Arsenije
OS=Windows_NT
PROCESSOR_IDENTIFIER=Intel64 Family 6 Model 142 Stepping 10, GenuineIntel



---------------  S Y S T E M  ---------------

OS: Windows 10 , 64 bit Build 18362 (10.0.18362.329)

CPU:total 8 (initial active 8) (4 cores per cpu, 2 threads per core) family 6 model 142 stepping 10, cmov, cx8, fxsr, mmx, sse, sse2, sse3, ssse3, sse4.1, sse4.2, popcnt, avx, avx2, aes, clmul, erms, 3dnowpref, lzcnt, ht, tsc, tscinvbit, bmi1, bmi2, adx, fma

Memory: 4k page, physical 8261220k(1095696k free), swap 15839088k(7104k free)

vm_info: Java HotSpot(TM) 64-Bit Server VM (9.0.4+11) for windows-amd64 JRE (9.0.4+11), built on Dec 20 2017 02:18:54 by "mach5one" with MS VC++ 12.0 (VS2013)

END.
