#
# There is insufficient memory for the Java Runtime Environment to continue.
# Native memory allocation (malloc) failed to allocate 32744 bytes for ChunkPool::allocate
# Possible reasons:
#   The system is out of physical RAM or swap space
#   The process is running with CompressedOops enabled, and the Java Heap may be blocking the growth of the native heap
# Possible solutions:
#   Reduce memory load on the system
#   Increase physical memory or swap space
#   Check if swap backing store is full
#   Decrease Java heap size (-Xmx/-Xms)
#   Decrease number of Java threads
#   Decrease Java thread stack sizes (-Xss)
#   Set larger code cache with -XX:ReservedCodeCacheSize=
#   JVM is running with Unscaled Compressed Oops mode in which the Java heap is
#     placed in the first 4GB address space. The Java Heap base address is the
#     maximum limit for the native heap growth. Please use -XX:HeapBaseMinAddress
#     to set the Java Heap base and to place the Java Heap above 4GB virtual address.
# This output file may be truncated or incomplete.
#
#  Out of Memory Error (t:/workspace/hotspot/src/share/vm/memory/allocation.cpp:256), pid=18864, tid=4992
#
# JRE version: Java(TM) SE Runtime Environment (9.0+11) (build 9.0.4+11)
# Java VM: Java HotSpot(TM) 64-Bit Server VM (9.0.4+11, mixed mode, tiered, compressed oops, g1 gc, windows-amd64)
# No core dump will be written. Minidumps are not enabled by default on client versions of Windows
#

---------------  S U M M A R Y ------------

Command Line: -javaagent:C:\Program Files\JetBrains\IntelliJ IDEA Community Edition 2019.2.3\lib\idea_rt.jar=64236:C:\Program Files\JetBrains\IntelliJ IDEA Community Edition 2019.2.3\bin -Dfile.encoding=UTF-8 eu.execom.pomodoro.PomodoroApplication

Host: Intel(R) Core(TM) i5-8250U CPU @ 1.60GHz, 8 cores, 7G,  Windows 10 , 64 bit Build 18362 (10.0.18362.329)
Time: Sun Oct 13 17:16:45 2019 Central Europe Daylight Time elapsed time: 3 seconds (0d 0h 0m 3s)

---------------  T H R E A D  ---------------

Current thread (0x000002767bfc1000):  JavaThread "C2 CompilerThread2" daemon [_thread_in_native, id=4992, stack(0x000000c237800000,0x000000c237900000)]


Current CompileTask:
C2:   3844 2284       4       java.lang.invoke.MethodType::makeImpl (66 bytes)

Stack: [0x000000c237800000,0x000000c237900000]
Native frames: (J=compiled Java code, j=interpreted, Vv=VM code, C=native code)
V  [jvm.dll+0x587068]

[error occurred during error reporting (printing native stack), id 0xe0000001]


---------------  P R O C E S S  ---------------

Java Threads: ( => current thread )
  0x000002767d854800 JavaThread "background-preinit" [_thread_in_vm, id=16912, stack(0x000000c237f00000,0x000000c238000000)]
  0x000002767c558800 JavaThread "Service Thread" daemon [_thread_blocked, id=14268, stack(0x000000c237d00000,0x000000c237e00000)]
  0x000002767c52e000 JavaThread "Monitor Ctrl-Break" daemon [_thread_in_native, id=16888, stack(0x000000c237c00000,0x000000c237d00000)]
  0x000002767c2a1000 JavaThread "Common-Cleaner" daemon [_thread_blocked, id=6096, stack(0x000000c237b00000,0x000000c237c00000)]
  0x000002767bfd7800 JavaThread "Sweeper thread" daemon [_thread_blocked, id=19444, stack(0x000000c237a00000,0x000000c237b00000)]
  0x000002767bfc6800 JavaThread "C1 CompilerThread3" daemon [_thread_in_native, id=15324, stack(0x000000c237900000,0x000000c237a00000)]
=>0x000002767bfc1000 JavaThread "C2 CompilerThread2" daemon [_thread_in_native, id=4992, stack(0x000000c237800000,0x000000c237900000)]
  0x000002767bfad800 JavaThread "C2 CompilerThread1" daemon [_thread_in_native, id=9908, stack(0x000000c237700000,0x000000c237800000)]
  0x000002767bfad000 JavaThread "C2 CompilerThread0" daemon [_thread_in_native, id=15492, stack(0x000000c237600000,0x000000c237700000)]
  0x000002767bfa8000 JavaThread "Attach Listener" daemon [_thread_blocked, id=12864, stack(0x000000c237500000,0x000000c237600000)]
  0x000002767bfa7800 JavaThread "Signal Dispatcher" daemon [_thread_blocked, id=3808, stack(0x000000c237400000,0x000000c237500000)]
  0x000002767bf99800 JavaThread "Finalizer" daemon [_thread_blocked, id=16404, stack(0x000000c237300000,0x000000c237400000)]
  0x000002767bf4f000 JavaThread "Reference Handler" daemon [_thread_blocked, id=10820, stack(0x000000c237200000,0x000000c237300000)]
  0x0000027658374000 JavaThread "main" [_thread_in_vm, id=16276, stack(0x000000c235c00000,0x000000c235d00000)]

Other Threads:
  0x000002767bf48800 VMThread "VM Thread" [stack: 0x000000c237100000,0x000000c237200000] [id=15708]
  0x000002767c64d000 WatcherThread [stack: 0x000000c237e00000,0x000000c237f00000] [id=8156]
  0x000002765838b000 GCTaskThread "GC Thread#0" [stack: 0x000000c235d00000,0x000000c235e00000] [id=19040]
  0x000002765838c800 GCTaskThread "GC Thread#1" [stack: 0x000000c235e00000,0x000000c235f00000] [id=17656]
  0x000002765838e000 GCTaskThread "GC Thread#2" [stack: 0x000000c235f00000,0x000000c236000000] [id=1904]
  0x0000027658390800 GCTaskThread "GC Thread#3" [stack: 0x000000c236000000,0x000000c236100000] [id=12612]
  0x0000027658392000 GCTaskThread "GC Thread#4" [stack: 0x000000c236100000,0x000000c236200000] [id=13872]
  0x0000027658396000 GCTaskThread "GC Thread#5" [stack: 0x000000c236200000,0x000000c236300000] [id=7416]
  0x0000027658398800 GCTaskThread "GC Thread#6" [stack: 0x000000c236300000,0x000000c236400000] [id=13644]
  0x0000027658399800 GCTaskThread "GC Thread#7" [stack: 0x000000c236400000,0x000000c236500000] [id=10060]
  0x00000276583f1000 ConcurrentGCThread "G1 Main Marker" [stack: 0x000000c236e00000,0x000000c236f00000] [id=12344]
  0x00000276583f2000 ConcurrentGCThread "G1 Marker#0" [stack: 0x000000c236f00000,0x000000c237000000] [id=16448]
  0x00000276583f3800 ConcurrentGCThread "G1 Marker#1" [stack: 0x000000c237000000,0x000000c237100000] [id=8240]
  0x00000276583b0000 ConcurrentGCThread "G1 Refine#0" [stack: 0x000000c236c00000,0x000000c236d00000] [id=5612]
  0x00000276583ad000 ConcurrentGCThread "G1 Refine#1" [stack: 0x000000c236b00000,0x000000c236c00000] [id=16464]
  0x00000276583ac000 ConcurrentGCThread "G1 Refine#2" [stack: 0x000000c236a00000,0x000000c236b00000] [id=11720]
  0x00000276583ab800 ConcurrentGCThread "G1 Refine#3" [stack: 0x000000c236900000,0x000000c236a00000] [id=1964]
  0x00000276583a6800 ConcurrentGCThread "G1 Refine#4" [stack: 0x000000c236800000,0x000000c236900000] [id=18400]
  0x00000276583a3000 ConcurrentGCThread "G1 Refine#5" [stack: 0x000000c236700000,0x000000c236800000] [id=8148]
  0x00000276583a2000 ConcurrentGCThread "G1 Refine#6" [stack: 0x000000c236600000,0x000000c236700000] [id=18872]
  0x00000276583a1000 ConcurrentGCThread "G1 Refine#7" [stack: 0x000000c236500000,0x000000c236600000] [id=10724]
  0x00000276583b1000 ConcurrentGCThread "G1 Young RemSet Sampling" [stack: 0x000000c236d00000,0x000000c236e00000] [id=8208]

Threads with active compile tasks:
C1 CompilerThread32390       3       org.springframework.core.type.classreading.AnnotationAttributesReadingVisitor::<init> (28 bytes)
C2 CompilerThread22284       4       java.lang.invoke.MethodType::makeImpl (66 bytes)
C2 CompilerThread12176   !   4       jdk.internal.loader.BuiltinClassLoader::loadClassOrNull (143 bytes)
C2 CompilerThread02349       4       java.util.HashSet::add (20 bytes)

VM state:not at safepoint (normal execution)

VM Mutex/Monitor currently owned by a thread: None

Heap address: 0x0000000081e00000, size: 2018 MB, Compressed Oops mode: 32-bit
Narrow klass base: 0x0000000000000000, Narrow klass shift: 3
Compressed class space size: 1073741824 Address: 0x0000000100000000

Heap:
 garbage-first heap   total 131072K, used 72945K [0x0000000081e00000, 0x0000000081f00400, 0x0000000100000000)
  region size 1024K, 65 young (66560K), 7 survivors (7168K)
 Metaspace       used 27052K, capacity 28072K, committed 28284K, reserved 1075200K
  class space    used 3149K, capacity 3380K, committed 3452K, reserved 1048576K
Heap Regions: E=young(eden), S=young(survivor), O=old, HS=humongous(starts), HC=humongous(continues), CS=collection set, F=free, A=archive, TS=gc time stamp, AC=allocation context, TAMS=top-at-mark-start (previous, next)
|   0|0x0000000081e00000, 0x0000000081f00000, 0x0000000081f00000|100%|HS|  |TS  0|AC  0|TAMS 0x0000000081f00000, 0x0000000081f00000|
|   1|0x0000000081f00000, 0x0000000082000000, 0x0000000082000000|100%| O|  |TS  0|AC  0|TAMS 0x0000000082000000, 0x0000000082000000|
|   2|0x0000000082000000, 0x0000000082100000, 0x0000000082100000|100%| O|  |TS  0|AC  0|TAMS 0x0000000082100000, 0x0000000082100000|
|   3|0x0000000082100000, 0x0000000082200000, 0x0000000082200000|100%| O|  |TS  0|AC  0|TAMS 0x0000000082200000, 0x0000000082200000|
|   4|0x0000000082200000, 0x0000000082300000, 0x0000000082300000|100%| O|  |TS  0|AC  0|TAMS 0x0000000082300000, 0x0000000082300000|
|   5|0x0000000082300000, 0x0000000082400000, 0x0000000082400000|100%| O|  |TS  0|AC  0|TAMS 0x0000000082400000, 0x0000000082400000|
|   6|0x0000000082400000, 0x0000000082500000, 0x0000000082500000|100%| O|  |TS  0|AC  0|TAMS 0x0000000082500000, 0x0000000082500000|
|   7|0x0000000082500000, 0x00000000825f0600, 0x0000000082600000| 93%| O|  |TS  0|AC  0|TAMS 0x00000000825f0600, 0x00000000825f0600|
|   8|0x0000000082600000, 0x0000000082600000, 0x0000000082700000|  0%| F|  |TS  0|AC  0|TAMS 0x0000000082600000, 0x0000000082600000|
|   9|0x0000000082700000, 0x0000000082700000, 0x0000000082800000|  0%| F|  |TS  0|AC  0|TAMS 0x0000000082700000, 0x0000000082700000|
|  10|0x0000000082800000, 0x0000000082800000, 0x0000000082900000|  0%| F|  |TS  0|AC  0|TAMS 0x0000000082800000, 0x0000000082800000|
|  11|0x0000000082900000, 0x0000000082900000, 0x0000000082a00000|  0%| F|  |TS  0|AC  0|TAMS 0x0000000082900000, 0x0000000082900000|
|  12|0x0000000082a00000, 0x0000000082a00000, 0x0000000082b00000|  0%| F|  |TS  0|AC  0|TAMS 0x0000000082a00000, 0x0000000082a00000|
|  13|0x0000000082b00000, 0x0000000082b00000, 0x0000000082c00000|  0%| F|  |TS  0|AC  0|TAMS 0x0000000082b00000, 0x0000000082b00000|
|  14|0x0000000082c00000, 0x0000000082c00000, 0x0000000082d00000|  0%| F|  |TS  0|AC  0|TAMS 0x0000000082c00000, 0x0000000082c00000|
|  15|0x0000000082d00000, 0x0000000082d00000, 0x0000000082e00000|  0%| F|  |TS  0|AC  0|TAMS 0x0000000082d00000, 0x0000000082d00000|
|  16|0x0000000082e00000, 0x0000000082e00000, 0x0000000082f00000|  0%| F|  |TS  0|AC  0|TAMS 0x0000000082e00000, 0x0000000082e00000|
|  17|0x0000000082f00000, 0x0000000082f00000, 0x0000000083000000|  0%| F|  |TS  0|AC  0|TAMS 0x0000000082f00000, 0x0000000082f00000|
|  18|0x0000000083000000, 0x0000000083000000, 0x0000000083100000|  0%| F|  |TS  0|AC  0|TAMS 0x0000000083000000, 0x0000000083000000|
|  19|0x0000000083100000, 0x0000000083100000, 0x0000000083200000|  0%| F|  |TS  0|AC  0|TAMS 0x0000000083100000, 0x0000000083100000|
|  20|0x0000000083200000, 0x0000000083200000, 0x0000000083300000|  0%| F|  |TS  0|AC  0|TAMS 0x0000000083200000, 0x0000000083200000|
|  21|0x0000000083300000, 0x0000000083300000, 0x0000000083400000|  0%| F|  |TS  0|AC  0|TAMS 0x0000000083300000, 0x0000000083300000|
|  22|0x0000000083400000, 0x0000000083400000, 0x0000000083500000|  0%| F|  |TS  0|AC  0|TAMS 0x0000000083400000, 0x0000000083400000|
|  23|0x0000000083500000, 0x0000000083500000, 0x0000000083600000|  0%| F|  |TS  0|AC  0|TAMS 0x0000000083500000, 0x0000000083500000|
|  24|0x0000000083600000, 0x0000000083600000, 0x0000000083700000|  0%| F|  |TS  0|AC  0|TAMS 0x0000000083600000, 0x0000000083600000|
|  25|0x0000000083700000, 0x0000000083700000, 0x0000000083800000|  0%| F|  |TS  0|AC  0|TAMS 0x0000000083700000, 0x0000000083700000|
|  26|0x0000000083800000, 0x0000000083800000, 0x0000000083900000|  0%| F|  |TS  0|AC  0|TAMS 0x0000000083800000, 0x0000000083800000|
|  27|0x0000000083900000, 0x0000000083900000, 0x0000000083a00000|  0%| F|  |TS  0|AC  0|TAMS 0x0000000083900000, 0x0000000083900000|
|  28|0x0000000083a00000, 0x0000000083a00000, 0x0000000083b00000|  0%| F|  |TS  0|AC  0|TAMS 0x0000000083a00000, 0x0000000083a00000|
|  29|0x0000000083b00000, 0x0000000083b00000, 0x0000000083c00000|  0%| F|  |TS  0|AC  0|TAMS 0x0000000083b00000, 0x0000000083b00000|
|  30|0x0000000083c00000, 0x0000000083c00000, 0x0000000083d00000|  0%| F|  |TS  0|AC  0|TAMS 0x0000000083c00000, 0x0000000083c00000|
|  31|0x0000000083d00000, 0x0000000083d00000, 0x0000000083e00000|  0%| F|  |TS  0|AC  0|TAMS 0x0000000083d00000, 0x0000000083d00000|
|  32|0x0000000083e00000, 0x0000000083e00000, 0x0000000083f00000|  0%| F|  |TS  0|AC  0|TAMS 0x0000000083e00000, 0x0000000083e00000|
|  33|0x0000000083f00000, 0x0000000083f00000, 0x0000000084000000|  0%| F|  |TS  0|AC  0|TAMS 0x0000000083f00000, 0x0000000083f00000|
|  34|0x0000000084000000, 0x0000000084000000, 0x0000000084100000|  0%| F|  |TS  0|AC  0|TAMS 0x0000000084000000, 0x0000000084000000|
|  35|0x0000000084100000, 0x0000000084100000, 0x0000000084200000|  0%| F|  |TS  0|AC  0|TAMS 0x0000000084100000, 0x0000000084100000|
|  36|0x0000000084200000, 0x0000000084200000, 0x0000000084300000|  0%| F|  |TS  0|AC  0|TAMS 0x0000000084200000, 0x0000000084200000|
|  37|0x0000000084300000, 0x0000000084300000, 0x0000000084400000|  0%| F|  |TS  0|AC  0|TAMS 0x0000000084300000, 0x0000000084300000|
|  38|0x0000000084400000, 0x0000000084400000, 0x0000000084500000|  0%| F|  |TS  0|AC  0|TAMS 0x0000000084400000, 0x0000000084400000|
|  39|0x0000000084500000, 0x0000000084500000, 0x0000000084600000|  0%| F|  |TS  0|AC  0|TAMS 0x0000000084500000, 0x0000000084500000|
|  40|0x0000000084600000, 0x0000000084600000, 0x0000000084700000|  0%| F|  |TS  0|AC  0|TAMS 0x0000000084600000, 0x0000000084600000|
|  41|0x0000000084700000, 0x0000000084700000, 0x0000000084800000|  0%| F|  |TS  0|AC  0|TAMS 0x0000000084700000, 0x0000000084700000|
|  42|0x0000000084800000, 0x0000000084800000, 0x0000000084900000|  0%| F|  |TS  0|AC  0|TAMS 0x0000000084800000, 0x0000000084800000|
|  43|0x0000000084900000, 0x0000000084900000, 0x0000000084a00000|  0%| F|  |TS  0|AC  0|TAMS 0x0000000084900000, 0x0000000084900000|
|  44|0x0000000084a00000, 0x0000000084a00000, 0x0000000084b00000|  0%| F|  |TS  0|AC  0|TAMS 0x0000000084a00000, 0x0000000084a00000|
|  45|0x0000000084b00000, 0x0000000084b00000, 0x0000000084c00000|  0%| F|  |TS  0|AC  0|TAMS 0x0000000084b00000, 0x0000000084b00000|
|  46|0x0000000084c00000, 0x0000000084c00000, 0x0000000084d00000|  0%| F|  |TS  0|AC  0|TAMS 0x0000000084c00000, 0x0000000084c00000|
|  47|0x0000000084d00000, 0x0000000084d00000, 0x0000000084e00000|  0%| F|  |TS  0|AC  0|TAMS 0x0000000084d00000, 0x0000000084d00000|
|  48|0x0000000084e00000, 0x0000000084e00000, 0x0000000084f00000|  0%| F|  |TS  0|AC  0|TAMS 0x0000000084e00000, 0x0000000084e00000|
|  49|0x0000000084f00000, 0x0000000084f00000, 0x0000000085000000|  0%| F|  |TS  0|AC  0|TAMS 0x0000000084f00000, 0x0000000084f00000|
|  50|0x0000000085000000, 0x0000000085000000, 0x0000000085100000|  0%| F|  |TS  0|AC  0|TAMS 0x0000000085000000, 0x0000000085000000|
|  51|0x0000000085100000, 0x0000000085100000, 0x0000000085200000|  0%| F|  |TS  0|AC  0|TAMS 0x0000000085100000, 0x0000000085100000|
|  52|0x0000000085200000, 0x0000000085200000, 0x0000000085300000|  0%| F|  |TS  0|AC  0|TAMS 0x0000000085200000, 0x0000000085200000|
|  53|0x0000000085300000, 0x0000000085300000, 0x0000000085400000|  0%| F|  |TS  0|AC  0|TAMS 0x0000000085300000, 0x0000000085300000|
|  54|0x0000000085400000, 0x0000000085400000, 0x0000000085500000|  0%| F|  |TS  0|AC  0|TAMS 0x0000000085400000, 0x0000000085400000|
|  55|0x0000000085500000, 0x0000000085500000, 0x0000000085600000|  0%| F|  |TS  0|AC  0|TAMS 0x0000000085500000, 0x0000000085500000|
|  56|0x0000000085600000, 0x0000000085600000, 0x0000000085700000|  0%| F|  |TS  0|AC  0|TAMS 0x0000000085600000, 0x0000000085600000|
|  57|0x0000000085700000, 0x0000000085700000, 0x0000000085800000|  0%| F|  |TS  0|AC  0|TAMS 0x0000000085700000, 0x0000000085700000|
|  58|0x0000000085800000, 0x0000000085800000, 0x0000000085900000|  0%| F|  |TS  0|AC  0|TAMS 0x0000000085800000, 0x0000000085800000|
|  59|0x0000000085900000, 0x0000000085900000, 0x0000000085a00000|  0%| F|  |TS  0|AC  0|TAMS 0x0000000085900000, 0x0000000085900000|
|  60|0x0000000085a00000, 0x0000000085a00000, 0x0000000085b00000|  0%| F|  |TS  0|AC  0|TAMS 0x0000000085a00000, 0x0000000085a00000|
|  61|0x0000000085b00000, 0x0000000085b00000, 0x0000000085c00000|  0%| F|  |TS  0|AC  0|TAMS 0x0000000085b00000, 0x0000000085b00000|
|  62|0x0000000085c00000, 0x0000000085c00000, 0x0000000085d00000|  0%| F|  |TS  0|AC  0|TAMS 0x0000000085c00000, 0x0000000085c00000|
|  63|0x0000000085d00000, 0x0000000085e00000, 0x0000000085e00000|100%| E|  |TS  0|AC  0|TAMS 0x0000000085d00000, 0x0000000085d00000|
|  64|0x0000000085e00000, 0x0000000085f00000, 0x0000000085f00000|100%| E|CS|TS  0|AC  0|TAMS 0x0000000085e00000, 0x0000000085e00000|
|  65|0x0000000085f00000, 0x0000000086000000, 0x0000000086000000|100%| E|CS|TS  0|AC  0|TAMS 0x0000000085f00000, 0x0000000085f00000|
|  66|0x0000000086000000, 0x0000000086100000, 0x0000000086100000|100%| E|CS|TS  0|AC  0|TAMS 0x0000000086000000, 0x0000000086000000|
|  67|0x0000000086100000, 0x0000000086200000, 0x0000000086200000|100%| E|CS|TS  0|AC  0|TAMS 0x0000000086100000, 0x0000000086100000|
|  68|0x0000000086200000, 0x0000000086300000, 0x0000000086300000|100%| E|CS|TS  0|AC  0|TAMS 0x0000000086200000, 0x0000000086200000|
|  69|0x0000000086300000, 0x0000000086400000, 0x0000000086400000|100%| E|CS|TS  0|AC  0|TAMS 0x0000000086300000, 0x0000000086300000|
|  70|0x0000000086400000, 0x0000000086500000, 0x0000000086500000|100%| E|CS|TS  0|AC  0|TAMS 0x0000000086400000, 0x0000000086400000|
|  71|0x0000000086500000, 0x0000000086600000, 0x0000000086600000|100%| E|CS|TS  0|AC  0|TAMS 0x0000000086500000, 0x0000000086500000|
|  72|0x0000000086600000, 0x0000000086700000, 0x0000000086700000|100%| E|CS|TS  0|AC  0|TAMS 0x0000000086600000, 0x0000000086600000|
|  73|0x0000000086700000, 0x0000000086800000, 0x0000000086800000|100%| E|CS|TS  0|AC  0|TAMS 0x0000000086700000, 0x0000000086700000|
|  74|0x0000000086800000, 0x000000008684bee8, 0x0000000086900000| 29%| S|CS|TS  0|AC  0|TAMS 0x0000000086800000, 0x0000000086800000|
|  75|0x0000000086900000, 0x0000000086a00000, 0x0000000086a00000|100%| S|CS|TS  0|AC  0|TAMS 0x0000000086900000, 0x0000000086900000|
|  76|0x0000000086a00000, 0x0000000086b00000, 0x0000000086b00000|100%| S|CS|TS  0|AC  0|TAMS 0x0000000086a00000, 0x0000000086a00000|
|  77|0x0000000086b00000, 0x0000000086c00000, 0x0000000086c00000|100%| S|CS|TS  0|AC  0|TAMS 0x0000000086b00000, 0x0000000086b00000|
|  78|0x0000000086c00000, 0x0000000086d00000, 0x0000000086d00000|100%| S|CS|TS  0|AC  0|TAMS 0x0000000086c00000, 0x0000000086c00000|
|  79|0x0000000086d00000, 0x0000000086e00000, 0x0000000086e00000|100%| S|CS|TS  0|AC  0|TAMS 0x0000000086d00000, 0x0000000086d00000|
|  80|0x0000000086e00000, 0x0000000086f00000, 0x0000000086f00000|100%| S|CS|TS  0|AC  0|TAMS 0x0000000086e00000, 0x0000000086e00000|
|  81|0x0000000086f00000, 0x0000000087000000, 0x0000000087000000|100%| E|CS|TS  0|AC  0|TAMS 0x0000000086f00000, 0x0000000086f00000|
|  82|0x0000000087000000, 0x0000000087100000, 0x0000000087100000|100%| E|CS|TS  0|AC  0|TAMS 0x0000000087000000, 0x0000000087000000|
|  83|0x0000000087100000, 0x0000000087200000, 0x0000000087200000|100%| E|CS|TS  0|AC  0|TAMS 0x0000000087100000, 0x0000000087100000|
|  84|0x0000000087200000, 0x0000000087300000, 0x0000000087300000|100%| E|CS|TS  0|AC  0|TAMS 0x0000000087200000, 0x0000000087200000|
|  85|0x0000000087300000, 0x0000000087400000, 0x0000000087400000|100%| E|CS|TS  0|AC  0|TAMS 0x0000000087300000, 0x0000000087300000|
|  86|0x0000000087400000, 0x0000000087500000, 0x0000000087500000|100%| E|CS|TS  0|AC  0|TAMS 0x0000000087400000, 0x0000000087400000|
|  87|0x0000000087500000, 0x0000000087600000, 0x0000000087600000|100%| E|CS|TS  0|AC  0|TAMS 0x0000000087500000, 0x0000000087500000|
|  88|0x0000000087600000, 0x0000000087700000, 0x0000000087700000|100%| E|CS|TS  0|AC  0|TAMS 0x0000000087600000, 0x0000000087600000|
|  89|0x0000000087700000, 0x0000000087800000, 0x0000000087800000|100%| E|CS|TS  0|AC  0|TAMS 0x0000000087700000, 0x0000000087700000|
|  90|0x0000000087800000, 0x0000000087900000, 0x0000000087900000|100%| E|CS|TS  0|AC  0|TAMS 0x0000000087800000, 0x0000000087800000|
|  91|0x0000000087900000, 0x0000000087a00000, 0x0000000087a00000|100%| E|CS|TS  0|AC  0|TAMS 0x0000000087900000, 0x0000000087900000|
|  92|0x0000000087a00000, 0x0000000087b00000, 0x0000000087b00000|100%| E|CS|TS  0|AC  0|TAMS 0x0000000087a00000, 0x0000000087a00000|
|  93|0x0000000087b00000, 0x0000000087c00000, 0x0000000087c00000|100%| E|CS|TS  0|AC  0|TAMS 0x0000000087b00000, 0x0000000087b00000|
|  94|0x0000000087c00000, 0x0000000087d00000, 0x0000000087d00000|100%| E|CS|TS  0|AC  0|TAMS 0x0000000087c00000, 0x0000000087c00000|
|  95|0x0000000087d00000, 0x0000000087e00000, 0x0000000087e00000|100%| E|CS|TS  0|AC  0|TAMS 0x0000000087d00000, 0x0000000087d00000|
|  96|0x0000000087e00000, 0x0000000087f00000, 0x0000000087f00000|100%| E|CS|TS  0|AC  0|TAMS 0x0000000087e00000, 0x0000000087e00000|
|  97|0x0000000087f00000, 0x0000000088000000, 0x0000000088000000|100%| E|CS|TS  0|AC  0|TAMS 0x0000000087f00000, 0x0000000087f00000|
|  98|0x0000000088000000, 0x0000000088100000, 0x0000000088100000|100%| E|CS|TS  0|AC  0|TAMS 0x0000000088000000, 0x0000000088000000|
|  99|0x0000000088100000, 0x0000000088200000, 0x0000000088200000|100%| E|CS|TS  0|AC  0|TAMS 0x0000000088100000, 0x0000000088100000|
| 100|0x0000000088200000, 0x0000000088300000, 0x0000000088300000|100%| E|CS|TS  0|AC  0|TAMS 0x0000000088200000, 0x0000000088200000|
| 101|0x0000000088300000, 0x0000000088400000, 0x0000000088400000|100%| E|CS|TS  0|AC  0|TAMS 0x0000000088300000, 0x0000000088300000|
| 102|0x0000000088400000, 0x0000000088500000, 0x0000000088500000|100%| E|CS|TS  0|AC  0|TAMS 0x0000000088400000, 0x0000000088400000|
| 103|0x0000000088500000, 0x0000000088600000, 0x0000000088600000|100%| E|CS|TS  0|AC  0|TAMS 0x0000000088500000, 0x0000000088500000|
| 104|0x0000000088600000, 0x0000000088700000, 0x0000000088700000|100%| E|CS|TS  0|AC  0|TAMS 0x0000000088600000, 0x0000000088600000|
| 105|0x0000000088700000, 0x0000000088800000, 0x0000000088800000|100%| E|CS|TS  0|AC  0|TAMS 0x0000000088700000, 0x0000000088700000|
| 106|0x0000000088800000, 0x0000000088900000, 0x0000000088900000|100%| E|CS|TS  0|AC  0|TAMS 0x0000000088800000, 0x0000000088800000|
| 107|0x0000000088900000, 0x0000000088a00000, 0x0000000088a00000|100%| E|CS|TS  0|AC  0|TAMS 0x0000000088900000, 0x0000000088900000|
| 108|0x0000000088a00000, 0x0000000088b00000, 0x0000000088b00000|100%| E|CS|TS  0|AC  0|TAMS 0x0000000088a00000, 0x0000000088a00000|
| 109|0x0000000088b00000, 0x0000000088c00000, 0x0000000088c00000|100%| E|CS|TS  0|AC  0|TAMS 0x0000000088b00000, 0x0000000088b00000|
| 110|0x0000000088c00000, 0x0000000088d00000, 0x0000000088d00000|100%| E|CS|TS  0|AC  0|TAMS 0x0000000088c00000, 0x0000000088c00000|
| 111|0x0000000088d00000, 0x0000000088e00000, 0x0000000088e00000|100%| E|CS|TS  0|AC  0|TAMS 0x0000000088d00000, 0x0000000088d00000|
| 112|0x0000000088e00000, 0x0000000088f00000, 0x0000000088f00000|100%| E|CS|TS  0|AC  0|TAMS 0x0000000088e00000, 0x0000000088e00000|
| 113|0x0000000088f00000, 0x0000000089000000, 0x0000000089000000|100%| E|CS|TS  0|AC  0|TAMS 0x0000000088f00000, 0x0000000088f00000|
| 114|0x0000000089000000, 0x0000000089100000, 0x0000000089100000|100%| E|CS|TS  0|AC  0|TAMS 0x0000000089000000, 0x0000000089000000|
| 115|0x0000000089100000, 0x0000000089200000, 0x0000000089200000|100%| E|CS|TS  0|AC  0|TAMS 0x0000000089100000, 0x0000000089100000|
| 116|0x0000000089200000, 0x0000000089300000, 0x0000000089300000|100%| E|CS|TS  0|AC  0|TAMS 0x0000000089200000, 0x0000000089200000|
| 117|0x0000000089300000, 0x0000000089400000, 0x0000000089400000|100%| E|CS|TS  0|AC  0|TAMS 0x0000000089300000, 0x0000000089300000|
| 118|0x0000000089400000, 0x0000000089500000, 0x0000000089500000|100%| E|CS|TS  0|AC  0|TAMS 0x0000000089400000, 0x0000000089400000|
| 119|0x0000000089500000, 0x0000000089600000, 0x0000000089600000|100%| E|CS|TS  0|AC  0|TAMS 0x0000000089500000, 0x0000000089500000|
| 120|0x0000000089600000, 0x0000000089700000, 0x0000000089700000|100%| E|CS|TS  0|AC  0|TAMS 0x0000000089600000, 0x0000000089600000|
| 121|0x0000000089700000, 0x0000000089800000, 0x0000000089800000|100%| E|CS|TS  0|AC  0|TAMS 0x0000000089700000, 0x0000000089700000|
| 122|0x0000000089800000, 0x0000000089900000, 0x0000000089900000|100%| E|CS|TS  0|AC  0|TAMS 0x0000000089800000, 0x0000000089800000|
| 123|0x0000000089900000, 0x0000000089a00000, 0x0000000089a00000|100%| E|CS|TS  0|AC  0|TAMS 0x0000000089900000, 0x0000000089900000|
| 124|0x0000000089a00000, 0x0000000089b00000, 0x0000000089b00000|100%| E|CS|TS  0|AC  0|TAMS 0x0000000089a00000, 0x0000000089a00000|
| 125|0x0000000089b00000, 0x0000000089c00000, 0x0000000089c00000|100%| E|CS|TS  0|AC  0|TAMS 0x0000000089b00000, 0x0000000089b00000|
| 126|0x0000000089c00000, 0x0000000089d00000, 0x0000000089d00000|100%| E|CS|TS  0|AC  0|TAMS 0x0000000089c00000, 0x0000000089c00000|
| 127|0x0000000089d00000, 0x0000000089e00000, 0x0000000089e00000|100%| E|CS|TS  0|AC  0|TAMS 0x0000000089d00000, 0x0000000089d00000|

Card table byte_map: [0x0000027674510000,0x0000027674910000] byte_map_base: 0x0000027674101000

Marking Bits (Prev, Next): (CMBitMap*) 0x0000027678c74318, (CMBitMap*) 0x0000027678c742e0
 Prev Bits: [0x0000027676ca0000, 0x0000027678c28000)
 Next Bits: [0x0000027674d10000, 0x0000027676c98000)

Polling page: 0x0000027658310000

CodeHeap 'non-profiled nmethods': size=120000Kb used=1048Kb max_used=1048Kb free=118951Kb
 bounds [0x000002766bd60000, 0x000002766bfd0000, 0x0000027673290000]
CodeHeap 'profiled nmethods': size=120000Kb used=5542Kb max_used=5542Kb free=114457Kb
 bounds [0x0000027664830000, 0x0000027664da0000, 0x000002766bd60000]
CodeHeap 'non-nmethods': size=5760Kb used=1273Kb max_used=1306Kb free=4486Kb
 bounds [0x0000027664290000, 0x0000027664500000, 0x0000027664830000]
 total_blobs=3358 nmethods=2386 adapters=355
 compilation: enabled

Compilation events (10 events):
Event: 3.802 Thread 0x000002767bfc6800 nmethod 2324 0x0000027664d37590 code [0x0000027664d377c0, 0x0000027664d37fb0]
Event: 3.802 Thread 0x000002767bfc6800 2325       1       java.util.concurrent.locks.ReentrantReadWriteLock::writeLock (5 bytes)
Event: 3.803 Thread 0x000002767bfc6800 nmethod 2325 0x000002766be5fa10 code [0x000002766be5fbc0, 0x000002766be5fcd8]
Event: 3.807 Thread 0x000002767bfc6800 2328       3       com.sun.org.apache.xerces.internal.impl.XMLDocumentFragmentScannerImpl::scanStartElement (446 bytes)
Event: 3.812 Thread 0x000002767bfc6800 nmethod 2328 0x0000027664d38210 code [0x0000027664d38600, 0x0000027664d3a6c0]
Event: 3.813 Thread 0x000002767bfc6800 2329   !   3       com.sun.org.apache.xerces.internal.parsers.AbstractSAXParser::startElement (318 bytes)
Event: 3.815 Thread 0x000002767bfc6800 nmethod 2329 0x0000027664d3b090 code [0x0000027664d3b380, 0x0000027664d3c680]
Event: 3.816 Thread 0x000002767bfc6800 2331   !   3       org.apache.tomcat.util.digester.Digester::updateAttributes (112 bytes)
Event: 3.818 Thread 0x000002767bfc6800 nmethod 2331 0x0000027664d3d010 code [0x0000027664d3d320, 0x0000027664d3e680]
Event: 3.818 Thread 0x000002767bfc6800 2330   !   3       org.apache.tomcat.util.digester.Digester::startElement (426 bytes)

GC Heap History (6 events):
Event: 1.611 GC heap before
{Heap before GC invocations=0 (full 0):
 garbage-first heap   total 131072K, used 25600K [0x0000000081e00000, 0x0000000081f00400, 0x0000000100000000)
  region size 1024K, 24 young (24576K), 0 survivors (0K)
 Metaspace       used 11237K, capacity 11480K, committed 11776K, reserved 1060864K
  class space    used 1092K, capacity 1183K, committed 1280K, reserved 1048576K
}
Event: 1.621 GC heap after
{Heap after GC invocations=1 (full 0):
 garbage-first heap   total 131072K, used 8138K [0x0000000081e00000, 0x0000000081f00400, 0x0000000100000000)
  region size 1024K, 3 young (3072K), 3 survivors (3072K)
 Metaspace       used 11237K, capacity 11480K, committed 11776K, reserved 1060864K
  class space    used 1092K, capacity 1183K, committed 1280K, reserved 1048576K
}
Event: 2.012 GC heap before
{Heap before GC invocations=1 (full 0):
 garbage-first heap   total 131072K, used 28618K [0x0000000081e00000, 0x0000000081f00400, 0x0000000100000000)
  region size 1024K, 23 young (23552K), 3 survivors (3072K)
 Metaspace       used 14640K, capacity 15096K, committed 15232K, reserved 1062912K
  class space    used 1500K, capacity 1597K, committed 1664K, reserved 1048576K
}
Event: 2.021 GC heap after
{Heap after GC invocations=2 (full 0):
 garbage-first heap   total 131072K, used 10540K [0x0000000081e00000, 0x0000000081f00400, 0x0000000100000000)
  region size 1024K, 3 young (3072K), 3 survivors (3072K)
 Metaspace       used 14640K, capacity 15096K, committed 15232K, reserved 1062912K
  class space    used 1500K, capacity 1597K, committed 1664K, reserved 1048576K
}
Event: 2.724 GC heap before
{Heap before GC invocations=2 (full 0):
 garbage-first heap   total 131072K, used 54572K [0x0000000081e00000, 0x0000000081f00400, 0x0000000100000000)
  region size 1024K, 47 young (48128K), 3 survivors (3072K)
 Metaspace       used 20458K, capacity 21256K, committed 21296K, reserved 1069056K
  class space    used 2392K, capacity 2578K, committed 2608K, reserved 1048576K
}
Event: 2.738 GC heap after
{Heap after GC invocations=3 (full 0):
 garbage-first heap   total 131072K, used 14577K [0x0000000081e00000, 0x0000000081f00400, 0x0000000100000000)
  region size 1024K, 7 young (7168K), 7 survivors (7168K)
 Metaspace       used 20458K, capacity 21256K, committed 21296K, reserved 1069056K
  class space    used 2392K, capacity 2578K, committed 2608K, reserved 1048576K
}

Deoptimization events (10 events):
Event: 2.532 Thread 0x000002767d854800 Uncommon trap: reason=bimorphic_or_optimized_type_check action=maybe_recompile pc=0x000002766bdf8750 method=java.util.HashMap.putVal(ILjava/lang/Object;Ljava/lang/Object;ZZ)Ljava/lang/Object; @ 91 c2
Event: 2.532 Thread 0x000002767d854800 Uncommon trap: reason=bimorphic_or_optimized_type_check action=maybe_recompile pc=0x000002766bdf8750 method=java.util.HashMap.putVal(ILjava/lang/Object;Ljava/lang/Object;ZZ)Ljava/lang/Object; @ 91 c2
Event: 2.900 Thread 0x0000027658374000 Uncommon trap: reason=unstable_if action=reinterpret pc=0x000002766bd97a10 method=java.util.zip.ZipFile$Source.getEntryPos([BZ)I @ 156 c2
Event: 3.279 Thread 0x000002767d854800 Uncommon trap: reason=unstable_if action=reinterpret pc=0x000002766bdca530 method=jdk.internal.org.objectweb.asm.Type.getArgumentsAndReturnSizes(Ljava/lang/String;)I @ 47 c2
Event: 3.280 Thread 0x000002767d854800 Uncommon trap: reason=unstable_if action=reinterpret pc=0x000002766be28e5c method=jdk.internal.org.objectweb.asm.Frame.push(Ljdk/internal/org/objectweb/asm/ClassWriter;Ljava/lang/String;)V @ 18 c2
Event: 3.374 Thread 0x000002767d854800 Uncommon trap: reason=unstable_if action=reinterpret pc=0x000002766be30abc method=java.nio.Buffer.position(I)Ljava/nio/Buffer; @ 45 c2
Event: 3.377 Thread 0x000002767d854800 Uncommon trap: reason=unstable_if action=reinterpret pc=0x000002766be33310 method=java.util.LinkedHashMap.get(Ljava/lang/Object;)Ljava/lang/Object; @ 20 c2
Event: 3.389 Thread 0x000002767d854800 Uncommon trap: reason=unstable_if action=reinterpret pc=0x000002766bdd7cb8 method=java.nio.Buffer.position(I)Ljava/nio/Buffer; @ 45 c2
Event: 3.420 Thread 0x0000027658374000 Uncommon trap: reason=unstable_if action=reinterpret pc=0x000002766bdf48a8 method=java.lang.String.<init>([CIILjava/lang/Void;)V @ 5 c2
Event: 3.637 Thread 0x000002767d854800 Uncommon trap: reason=unstable_if action=reinterpret pc=0x000002766bddcc4c method=java.util.concurrent.ConcurrentHashMap.putVal(Ljava/lang/Object;Ljava/lang/Object;Z)Ljava/lang/Object; @ 231 c2

Classes redefined (0 events):
No events

Internal exceptions (10 events):
Event: 2.828 Thread 0x0000027658374000 Exception <a 'java/lang/ClassNotFoundException'{0x0000000089612e88}: org/springframework/beans/factory/AwareCustomizer> (0x0000000089612e88) thrown at [t:/workspace/hotspot/src/share/vm/classfile/systemDictionary.cpp, line 218]
Event: 2.904 Thread 0x0000027658374000 Exception <a 'java/lang/NoSuchMethodError'{0x000000008901dfe0}: java.lang.invoke.DirectMethodHandle$Holder.invokeStatic(Ljava/lang/Object;Ljava/lang/Object;Ljava/lang/Object;Ljava/lang/Object;)I> (0x000000008901dfe0) thrown at [t:/workspace/hotspot/src/sh
Event: 2.904 Thread 0x0000027658374000 Exception <a 'java/lang/NoSuchMethodError'{0x0000000089020d20}: java.lang.Object.lambda$comparing$77a9974f$1(Ljava/util/function/Function;Ljava/lang/Object;Ljava/lang/Object;)I> (0x0000000089020d20) thrown at [t:/workspace/hotspot/src/share/vm/interpreter
Event: 3.279 Thread 0x000002767d854800 Exception <a 'java/lang/NoSuchMethodError'{0x0000000087857fa0}: java.lang.invoke.DirectMethodHandle$Holder.invokeSpecial(Ljava/lang/Object;Ljava/lang/Object;)J> (0x0000000087857fa0) thrown at [t:/workspace/hotspot/src/share/vm/interpreter/linkResolver.cpp
Event: 3.284 Thread 0x000002767d854800 Exception <a 'java/lang/NoSuchMethodError'{0x0000000087862e38}: java.lang.invoke.DirectMethodHandle$Holder.invokeStatic(Ljava/lang/Object;Ljava/lang/Object;)J> (0x0000000087862e38) thrown at [t:/workspace/hotspot/src/share/vm/interpreter/linkResolver.cpp,
Event: 3.285 Thread 0x000002767d854800 Exception <a 'java/lang/NoSuchMethodError'{0x0000000087865cb8}: java.lang.invoke.DirectMethodHandle$Holder.invokeStaticInit(Ljava/lang/Object;Ljava/lang/Object;)J> (0x0000000087865cb8) thrown at [t:/workspace/hotspot/src/share/vm/interpreter/linkResolver.
Event: 3.289 Thread 0x000002767d854800 Exception <a 'java/lang/NoSuchMethodError'{0x0000000087872390}: java.lang.invoke.DirectMethodHandle$Holder.invokeInterface(Ljava/lang/Object;Ljava/lang/Object;)J> (0x0000000087872390) thrown at [t:/workspace/hotspot/src/share/vm/interpreter/linkResolver.c
Event: 3.289 Thread 0x000002767d854800 Exception <a 'java/lang/IncompatibleClassChangeError'{0x0000000087875180}: Found class java.lang.Object, but interface was expected> (0x0000000087875180) thrown at [t:/workspace/hotspot/src/share/vm/interpreter/linkResolver.cpp, line 793]
Event: 3.314 Thread 0x000002767d854800 Exception <a 'java/lang/NoSuchMethodError'{0x00000000876d0ac8}: java.lang.invoke.DirectMethodHandle$Holder.invokeVirtual(Ljava/lang/Object;Ljava/lang/Object;Ljava/lang/Object;Ljava/lang/Object;)Ljava/lang/Object;> (0x00000000876d0ac8) thrown at [t:/worksp
Event: 3.742 Thread 0x0000027658374000 Exception <a 'java/lang/IncompatibleClassChangeError'{0x000000008600cce0}: Found class java.lang.Object, but interface was expected> (0x000000008600cce0) thrown at [t:/workspace/hotspot/src/share/vm/interpreter/linkResolver.cpp, line 793]

Events (10 events):
Event: 3.787 loading class org/springframework/boot/autoconfigure/AutoConfigurationSorter$AutoConfigurationClasses
Event: 3.787 loading class org/springframework/boot/autoconfigure/AutoConfigurationSorter$AutoConfigurationClasses done
Event: 3.789 loading class org/springframework/boot/autoconfigure/AutoConfigurationSorter$AutoConfigurationClass
Event: 3.789 loading class org/springframework/boot/autoconfigure/AutoConfigurationSorter$AutoConfigurationClass done
Event: 3.792 loading class java/util/ComparableTimSort
Event: 3.793 loading class java/util/ComparableTimSort done
Event: 3.793 loading class org/springframework/boot/autoconfigure/AutoConfigurationSorter$AutoConfigurationClasses
Event: 3.793 loading class org/springframework/boot/autoconfigure/AutoConfigurationSorter$AutoConfigurationClasses done
Event: 3.794 loading class org/springframework/boot/autoconfigure/AutoConfigurationSorter$AutoConfigurationClasses
Event: 3.794 loading class org/springframework/boot/autoconfigure/AutoConfigurationSorter$AutoConfigurationClasses done


Dynamic libraries:
0x00007ff6dc4f0000 - 0x00007ff6dc52e000 	C:\Program Files\Java\jdk-9.0.4\bin\java.exe
0x00007ff9b41e0000 - 0x00007ff9b43d0000 	C:\WINDOWS\SYSTEM32\ntdll.dll
0x00007ff9b3930000 - 0x00007ff9b39e2000 	C:\WINDOWS\System32\KERNEL32.DLL
0x00007ff9b1560000 - 0x00007ff9b1803000 	C:\WINDOWS\System32\KERNELBASE.dll
0x00007ff9b2580000 - 0x00007ff9b2623000 	C:\WINDOWS\System32\ADVAPI32.dll
0x00007ff9b23d0000 - 0x00007ff9b246e000 	C:\WINDOWS\System32\msvcrt.dll
0x00007ff9b24e0000 - 0x00007ff9b2577000 	C:\WINDOWS\System32\sechost.dll
0x00007ff9b4060000 - 0x00007ff9b4180000 	C:\WINDOWS\System32\RPCRT4.dll
0x00007ff9b3a60000 - 0x00007ff9b3bf3000 	C:\WINDOWS\System32\USER32.dll
0x00007ff9b1530000 - 0x00007ff9b1551000 	C:\WINDOWS\System32\win32u.dll
0x00007ff9b2be0000 - 0x00007ff9b2c06000 	C:\WINDOWS\System32\GDI32.dll
0x00007ff9b12c0000 - 0x00007ff9b1454000 	C:\WINDOWS\System32\gdi32full.dll
0x00007ff9b21f0000 - 0x00007ff9b228e000 	C:\WINDOWS\System32\msvcp_win.dll
0x00007ff9b1810000 - 0x00007ff9b190a000 	C:\WINDOWS\System32\ucrtbase.dll
0x00007ff9a2b40000 - 0x00007ff9a2dc5000 	C:\WINDOWS\WinSxS\amd64_microsoft.windows.common-controls_6595b64144ccf1df_6.0.18362.356_none_e6c4af7d130f27cc\COMCTL32.dll
0x00007ff9b3ca0000 - 0x00007ff9b3fd6000 	C:\WINDOWS\System32\combase.dll
0x00007ff9af750000 - 0x00007ff9af75a000 	C:\WINDOWS\SYSTEM32\VERSION.dll
0x00007ff9b1460000 - 0x00007ff9b14e0000 	C:\WINDOWS\System32\bcryptPrimitives.dll
0x00007ff9b3c10000 - 0x00007ff9b3c3e000 	C:\WINDOWS\System32\IMM32.DLL
0x00007ff97a8e0000 - 0x00007ff97a9cf000 	C:\Program Files\Java\jdk-9.0.4\bin\msvcr120.dll
0x00007ff9866d0000 - 0x00007ff986776000 	C:\Program Files\Java\jdk-9.0.4\bin\msvcp120.dll
0x0000000064910000 - 0x0000000065335000 	C:\Program Files\Java\jdk-9.0.4\bin\server\jvm.dll
0x00007ff9b3a50000 - 0x00007ff9b3a58000 	C:\WINDOWS\System32\PSAPI.DLL
0x00007ff9a1680000 - 0x00007ff9a1689000 	C:\WINDOWS\SYSTEM32\WSOCK32.dll
0x00007ff9b2e10000 - 0x00007ff9b2e7f000 	C:\WINDOWS\System32\WS2_32.dll
0x00007ff9aeeb0000 - 0x00007ff9aeed4000 	C:\WINDOWS\SYSTEM32\WINMM.dll
0x00007ff9ad7f0000 - 0x00007ff9ad81d000 	C:\WINDOWS\SYSTEM32\winmmbase.dll
0x00007ff9b1910000 - 0x00007ff9b195a000 	C:\WINDOWS\System32\cfgmgr32.dll
0x00007ff9ad400000 - 0x00007ff9ad40f000 	C:\Program Files\Java\jdk-9.0.4\bin\verify.dll
0x00007ff99f850000 - 0x00007ff99f877000 	C:\Program Files\Java\jdk-9.0.4\bin\java.dll
0x00007ff99f7f0000 - 0x00007ff99f81a000 	C:\Program Files\Java\jdk-9.0.4\bin\instrument.dll
0x00007ff9a9d80000 - 0x00007ff9a9d96000 	C:\Program Files\Java\jdk-9.0.4\bin\zip.dll
0x00007ff9ac950000 - 0x00007ff9ac95a000 	C:\Program Files\Java\jdk-9.0.4\bin\jimage.dll
0x00007ff9b3090000 - 0x00007ff9b3775000 	C:\WINDOWS\System32\SHELL32.dll
0x00007ff9b2630000 - 0x00007ff9b26d9000 	C:\WINDOWS\System32\shcore.dll
0x00007ff9b19c0000 - 0x00007ff9b213e000 	C:\WINDOWS\System32\windows.storage.dll
0x00007ff9b10c0000 - 0x00007ff9b10df000 	C:\WINDOWS\System32\profapi.dll
0x00007ff9b1120000 - 0x00007ff9b116a000 	C:\WINDOWS\System32\powrprof.dll
0x00007ff9b10b0000 - 0x00007ff9b10c0000 	C:\WINDOWS\System32\UMPDC.dll
0x00007ff9b3c40000 - 0x00007ff9b3c92000 	C:\WINDOWS\System32\shlwapi.dll
0x00007ff9b1100000 - 0x00007ff9b1111000 	C:\WINDOWS\System32\kernel.appcore.dll
0x00007ff9b1510000 - 0x00007ff9b1527000 	C:\WINDOWS\System32\cryptsp.dll
0x00007ff9a90a0000 - 0x00007ff9a90ba000 	C:\Program Files\Java\jdk-9.0.4\bin\net.dll
0x00007ff9a86f0000 - 0x00007ff9a87e0000 	C:\WINDOWS\SYSTEM32\WINHTTP.dll
0x00007ff9b08c0000 - 0x00007ff9b0927000 	C:\WINDOWS\system32\mswsock.dll
0x00007ff9a6f50000 - 0x00007ff9a6f61000 	C:\Program Files\Java\jdk-9.0.4\bin\nio.dll
0x00007ff9ab230000 - 0x00007ff9ab24a000 	C:\Program Files\JetBrains\IntelliJ IDEA Community Edition 2019.2.3\bin\breakgen64.dll
0x00007ff9abf70000 - 0x00007ff9abf79000 	C:\Program Files\Java\jdk-9.0.4\bin\management.dll
0x00007ff9abb70000 - 0x00007ff9abb7a000 	C:\Program Files\Java\jdk-9.0.4\bin\management_ext.dll
0x00007ff9a09d0000 - 0x00007ff9a09e6000 	C:\WINDOWS\system32\napinsp.dll
0x00007ff9a0a90000 - 0x00007ff9a0aaa000 	C:\WINDOWS\system32\pnrpnsp.dll
0x00007ff9b0610000 - 0x00007ff9b06da000 	C:\WINDOWS\SYSTEM32\DNSAPI.dll
0x00007ff9b2b50000 - 0x00007ff9b2b58000 	C:\WINDOWS\System32\NSI.dll
0x00007ff9b05d0000 - 0x00007ff9b060a000 	C:\WINDOWS\SYSTEM32\IPHLPAPI.DLL
0x00007ff9a0a60000 - 0x00007ff9a0a6e000 	C:\WINDOWS\System32\winrnr.dll
0x00007ff9abb50000 - 0x00007ff9abb6c000 	C:\WINDOWS\system32\NLAapi.dll
0x00007ff99fa80000 - 0x00007ff99fa95000 	C:\WINDOWS\system32\wshbth.dll
0x00007ff9a8450000 - 0x00007ff9a845a000 	C:\Windows\System32\rasadhlp.dll
0x00007ff9aa110000 - 0x00007ff9aa187000 	C:\WINDOWS\System32\fwpuclnt.dll
0x00007ff9b14e0000 - 0x00007ff9b1506000 	C:\WINDOWS\System32\bcrypt.dll

VM Arguments:
jvm_args: -javaagent:C:\Program Files\JetBrains\IntelliJ IDEA Community Edition 2019.2.3\lib\idea_rt.jar=64236:C:\Program Files\JetBrains\IntelliJ IDEA Community Edition 2019.2.3\bin -Dfile.encoding=UTF-8 
java_command: eu.execom.pomodoro.PomodoroApplication
java_class_path (initial): C:\Users\Arsenije\Desktop\pomodoro\PomodoroProject-master\target\classes;C:\Users\Arsenije\.m2\repository\org\springframework\boot\spring-boot-starter-web\2.1.4.RELEASE\spring-boot-starter-web-2.1.4.RELEASE.jar;C:\Users\Arsenije\.m2\repository\org\springframework\boot\spring-boot-starter\2.1.4.RELEASE\spring-boot-starter-2.1.4.RELEASE.jar;C:\Users\Arsenije\.m2\repository\org\springframework\boot\spring-boot\2.1.4.RELEASE\spring-boot-2.1.4.RELEASE.jar;C:\Users\Arsenije\.m2\repository\org\springframework\boot\spring-boot-autoconfigure\2.1.4.RELEASE\spring-boot-autoconfigure-2.1.4.RELEASE.jar;C:\Users\Arsenije\.m2\repository\org\springframework\boot\spring-boot-starter-logging\2.1.4.RELEASE\spring-boot-starter-logging-2.1.4.RELEASE.jar;C:\Users\Arsenije\.m2\repository\ch\qos\logback\logback-classic\1.2.3\logback-classic-1.2.3.jar;C:\Users\Arsenije\.m2\repository\ch\qos\logback\logback-core\1.2.3\logback-core-1.2.3.jar;C:\Users\Arsenije\.m2\repository\org\apache\logging\log4j\log4j-to-slf4j\2.11.2\log4j-to-slf4j-2.11.2.jar;C:\Users\Arsenije\.m2\repository\org\apache\logging\log4j\log4j-api\2.11.2\log4j-api-2.11.2.jar;C:\Users\Arsenije\.m2\repository\org\slf4j\jul-to-slf4j\1.7.26\jul-to-slf4j-1.7.26.jar;C:\Users\Arsenije\.m2\repository\javax\annotation\javax.annotation-api\1.3.2\javax.annotation-api-1.3.2.jar;C:\Users\Arsenije\.m2\repository\org\yaml\snakeyaml\1.23\snakeyaml-1.23.jar;C:\Users\Arsenije\.m2\repository\org\springframework\boot\spring-boot-starter-json\2.1.4.RELEASE\spring-boot-starter-json-2.1.4.RELEASE.jar;C:\Users\Arsenije\.m2\repository\com\fasterxml\jackson\datatype\jackson-datatype-jdk8\2.9.8\jackson-datatype-jdk8-2.9.8.jar;C:\Users\Arsenije\.m2\repository\com\fasterxml\jackson\datatype\jackson-datatype-jsr310\2.9.8\jackson-datatype-jsr310-2.9.8.jar;C:\Users\Arsenije\.m2\repository\com\fasterxml\jackson\module\jackson-module-parameter-names\2.9.8\jackson-module-parameter-names-2.9.8.jar;C:\Users\Arsenije\.m2\repository\org\
Launcher Type: SUN_STANDARD

Logging:
Log output configuration:
#0: stdout all=warning uptime,level,tags
#1: stderr all=off uptime,level,tags

Environment Variables:
JAVA_HOME=C:\Program Files\Java\jdk1.8.0_171
PATH=C:\Program Files\Docker\Docker\Resources\bin;C:\Program Files\Java\jdk-9.0.4\bin;C:\ProgramData\Oracle\Java\javapath;C:\WINDOWS\system32;C:\WINDOWS;C:\WINDOWS\System32\Wbem;C:\WINDOWS\System32\WindowsPowerShell\v1.0\;C:\Program Files (x86)\Microsoft SQL Server\Client SDK\ODBC\130\Tools\Binn\;C:\Program Files (x86)\Microsoft SQL Server\140\Tools\Binn\;C:\Program Files (x86)\Microsoft SQL Server\140\DTS\Binn\;C:\Program Files (x86)\Microsoft SQL Server\140\Tools\Binn\ManagementStudio\;D:\alati\command;C:\Program Files\MySQL\MySQL Utilities 1.6\;C:\WINDOWS\System32\OpenSSH\;C:\Program Files\Git\cmd;C:\Program Files\TortoiseGit\bin;C:\Program Files\dotnet\;C:\Program Files\Microsoft SQL Server\130\Tools\Binn\;D:\alati\Microsoft VS Code\bin;"C:\Program Files\Java\jdk1.8.0_171;C:\Program Files\Java\jre1.8.0_171;\bin;";"C:\Program Files\Java\jre1.8.0_171\bin;"C:\Program Files\Java\jdk1.8.0_171\bin;C:\Program Files\Microsoft SQL Server\Client SDK\ODBC\130\Tools\Binn\;C:\Program Files\Microsoft SQL Server\140\Tools\Binn\;C:\Program Files\Microsoft SQL Server\140\DTS\Binn\;C:\OpenSSL-Win64\bin;D:\alati\nodeJS\;C:\Users\Arsenije\AppData\Local\Programs\Python\Python36\Scripts\;C:\Users\Arsenije\AppData\Local\Programs\Python\Python36\;C:\Program Files\Java\jdk-9.0.4\bin;C:\Users\Arsenije\AppData\Local\Microsoft\WindowsApps;D:\alati\Microsoft VS Code\bin;C:\Program Files\Git\cmd;C:\Users\Arsenije\.dotnet\tools;C:\Program Files\apache-maven-3.6.0\bin;C:\Users\Arsenije\AppData\Local\Android\Sdk\platform-tools;;C:\Users\Arsenije\AppData\Local\Microsoft\WindowsApps;C:\Users\Arsenije\AppData\Roaming\npm
USERNAME=Arsenije
OS=Windows_NT
PROCESSOR_IDENTIFIER=Intel64 Family 6 Model 142 Stepping 10, GenuineIntel



---------------  S Y S T E M  ---------------

OS: Windows 10 , 64 bit Build 18362 (10.0.18362.329)

CPU:total 8 (initial active 8) (4 cores per cpu, 2 threads per core) family 6 model 142 stepping 10, cmov, cx8, fxsr, mmx, sse, sse2, sse3, ssse3, sse4.1, sse4.2, popcnt, avx, avx2, aes, clmul, erms, 3dnowpref, lzcnt, ht, tsc, tscinvbit, bmi1, bmi2, adx, fma

Memory: 4k page, physical 8261220k(1327724k free), swap 15839088k(1560k free)

vm_info: Java HotSpot(TM) 64-Bit Server VM (9.0.4+11) for windows-amd64 JRE (9.0.4+11), built on Dec 20 2017 02:18:54 by "mach5one" with MS VC++ 12.0 (VS2013)

END.
