#
# There is insufficient memory for the Java Runtime Environment to continue.
# Native memory allocation (malloc) failed to allocate 2205616 bytes for Chunk::new
# Possible reasons:
#   The system is out of physical RAM or swap space
#   The process is running with CompressedOops enabled, and the Java Heap may be blocking the growth of the native heap
# Possible solutions:
#   Reduce memory load on the system
#   Increase physical memory or swap space
#   Check if swap backing store is full
#   Decrease Java heap size (-Xmx/-Xms)
#   Decrease number of Java threads
#   Decrease Java thread stack sizes (-Xss)
#   Set larger code cache with -XX:ReservedCodeCacheSize=
#   JVM is running with Unscaled Compressed Oops mode in which the Java heap is
#     placed in the first 4GB address space. The Java Heap base address is the
#     maximum limit for the native heap growth. Please use -XX:HeapBaseMinAddress
#     to set the Java Heap base and to place the Java Heap above 4GB virtual address.
# This output file may be truncated or incomplete.
#
#  Out of Memory Error (t:/workspace/hotspot/src/share/vm/memory/allocation.cpp:372), pid=13736, tid=7288
#
# JRE version: Java(TM) SE Runtime Environment (9.0+11) (build 9.0.4+11)
# Java VM: Java HotSpot(TM) 64-Bit Server VM (9.0.4+11, mixed mode, tiered, compressed oops, g1 gc, windows-amd64)
# No core dump will be written. Minidumps are not enabled by default on client versions of Windows
#

---------------  S U M M A R Y ------------

Command Line: -javaagent:C:\Program Files\JetBrains\IntelliJ IDEA Community Edition 2019.2.3\lib\idea_rt.jar=64106:C:\Program Files\JetBrains\IntelliJ IDEA Community Edition 2019.2.3\bin -Dfile.encoding=UTF-8 eu.execom.pomodoro.PomodoroApplication

Host: Intel(R) Core(TM) i5-8250U CPU @ 1.60GHz, 8 cores, 7G,  Windows 10 , 64 bit Build 18362 (10.0.18362.329)
Time: Sun Oct 13 17:13:20 2019 Central Europe Daylight Time elapsed time: 15 seconds (0d 0h 0m 15s)

---------------  T H R E A D  ---------------

Current thread (0x0000019bf89f3000):  JavaThread "C2 CompilerThread0" daemon [_thread_in_native, id=7288, stack(0x00000079f9100000,0x00000079f9200000)]


Current CompileTask:
C2:  15637 4877       4       jdk.internal.loader.ClassLoaders$AppClassLoader::defineOrCheckPackage (8 bytes)

Stack: [0x00000079f9100000,0x00000079f9200000]
Native frames: (J=compiled Java code, j=interpreted, Vv=VM code, C=native code)
V  [jvm.dll+0x587068]
V  [jvm.dll+0x69c25e]
V  [jvm.dll+0x69d17a]
V  [jvm.dll+0x69d7b3]
V  [jvm.dll+0x21d198]
V  [jvm.dll+0xa7aac]
V  [jvm.dll+0xa83ec]
V  [jvm.dll+0x320ef5]
V  [jvm.dll+0x17b8ac]
V  [jvm.dll+0x1e9bed]
V  [jvm.dll+0x1e8d86]
V  [jvm.dll+0x1691cb]
V  [jvm.dll+0x1f6570]
V  [jvm.dll+0x1f51f6]
V  [jvm.dll+0x66b44f]
V  [jvm.dll+0x586490]
C  [msvcr120.dll+0x24f7f]
C  [msvcr120.dll+0x25126]
C  [KERNEL32.DLL+0x17bd4]
C  [ntdll.dll+0x6cee1]


---------------  P R O C E S S  ---------------

Java Threads: ( => current thread )
  0x0000019bfbbf1000 JavaThread "HikariPool-1 connection adder" daemon [_thread_blocked, id=3640, stack(0x00000079f9d00000,0x00000079f9e00000)]
  0x0000019bfc4bf000 JavaThread "HikariPool-1 housekeeper" daemon [_thread_blocked, id=4928, stack(0x00000079f9c00000,0x00000079f9d00000)]
  0x0000019bfa4c8000 JavaThread "mysql-cj-abandoned-connection-cleanup" daemon [_thread_blocked, id=16552, stack(0x00000079f9a00000,0x00000079f9b00000)]
  0x0000019bf8f51000 JavaThread "Service Thread" daemon [_thread_blocked, id=17392, stack(0x00000079f9800000,0x00000079f9900000)]
  0x0000019bf8f42800 JavaThread "Monitor Ctrl-Break" daemon [_thread_in_native, id=10280, stack(0x00000079f9700000,0x00000079f9800000)]
  0x0000019bf8a6a800 JavaThread "Common-Cleaner" daemon [_thread_blocked, id=1392, stack(0x00000079f9600000,0x00000079f9700000)]
  0x0000019bf8a13000 JavaThread "Sweeper thread" daemon [_thread_blocked, id=13808, stack(0x00000079f9500000,0x00000079f9600000)]
  0x0000019bf89fc800 JavaThread "C1 CompilerThread3" daemon [_thread_blocked, id=17624, stack(0x00000079f9400000,0x00000079f9500000)]
  0x0000019bf89fe000 JavaThread "C2 CompilerThread2" daemon [_thread_blocked, id=11012, stack(0x00000079f9300000,0x00000079f9400000)]
  0x0000019bf89f6800 JavaThread "C2 CompilerThread1" daemon [_thread_in_native, id=2692, stack(0x00000079f9200000,0x00000079f9300000)]
=>0x0000019bf89f3000 JavaThread "C2 CompilerThread0" daemon [_thread_in_native, id=7288, stack(0x00000079f9100000,0x00000079f9200000)]
  0x0000019bf89f2800 JavaThread "Attach Listener" daemon [_thread_blocked, id=11216, stack(0x00000079f9000000,0x00000079f9100000)]
  0x0000019bf89ed800 JavaThread "Signal Dispatcher" daemon [_thread_blocked, id=8348, stack(0x00000079f8f00000,0x00000079f9000000)]
  0x0000019bf899f000 JavaThread "Finalizer" daemon [_thread_blocked, id=10476, stack(0x00000079f8e00000,0x00000079f8f00000)]
  0x0000019bf8996000 JavaThread "Reference Handler" daemon [_thread_blocked, id=13108, stack(0x00000079f8d00000,0x00000079f8e00000)]
  0x0000019bd4ce6800 JavaThread "main" [_thread_in_vm, id=10160, stack(0x00000079f7700000,0x00000079f7800000)]

Other Threads:
  0x0000019bf8987800 VMThread "VM Thread" [stack: 0x00000079f8c00000,0x00000079f8d00000] [id=18364]
  0x0000019bf918a000 WatcherThread [stack: 0x00000079f9900000,0x00000079f9a00000] [id=15620]
  0x0000019bd4cfe000 GCTaskThread "GC Thread#0" [stack: 0x00000079f7800000,0x00000079f7900000] [id=16376]
  0x0000019bd4cff800 GCTaskThread "GC Thread#1" [stack: 0x00000079f7900000,0x00000079f7a00000] [id=8392]
  0x0000019bd4d01800 GCTaskThread "GC Thread#2" [stack: 0x00000079f7a00000,0x00000079f7b00000] [id=13344]
  0x0000019bd4d08800 GCTaskThread "GC Thread#3" [stack: 0x00000079f7b00000,0x00000079f7c00000] [id=17752]
  0x0000019bd4d09800 GCTaskThread "GC Thread#4" [stack: 0x00000079f7c00000,0x00000079f7d00000] [id=15096]
  0x0000019bd4d0e800 GCTaskThread "GC Thread#5" [stack: 0x00000079f7d00000,0x00000079f7e00000] [id=19312]
  0x0000019bd4d10800 GCTaskThread "GC Thread#6" [stack: 0x00000079f7e00000,0x00000079f7f00000] [id=13800]
  0x0000019bd4d12000 GCTaskThread "GC Thread#7" [stack: 0x00000079f7f00000,0x00000079f8000000] [id=3500]
  0x0000019bf56a4800 ConcurrentGCThread "G1 Main Marker" [stack: 0x00000079f8900000,0x00000079f8a00000] [id=12300]
  0x0000019bd4d5d800 ConcurrentGCThread "G1 Marker#0" [stack: 0x00000079f8a00000,0x00000079f8b00000] [id=15044]
  0x0000019bd4d5f800 ConcurrentGCThread "G1 Marker#1" [stack: 0x00000079f8b00000,0x00000079f8c00000] [id=9996]
  0x0000019bd4d2d800 ConcurrentGCThread "G1 Refine#0" [stack: 0x00000079f8700000,0x00000079f8800000] [id=14048]
  0x0000019bd4d2a800 ConcurrentGCThread "G1 Refine#1" [stack: 0x00000079f8600000,0x00000079f8700000] [id=13824]
  0x0000019bd4d2a000 ConcurrentGCThread "G1 Refine#2" [stack: 0x00000079f8500000,0x00000079f8600000] [id=17956]
  0x0000019bd4d29000 ConcurrentGCThread "G1 Refine#3" [stack: 0x00000079f8400000,0x00000079f8500000] [id=1476]
  0x0000019bd4d22800 ConcurrentGCThread "G1 Refine#4" [stack: 0x00000079f8300000,0x00000079f8400000] [id=15260]
  0x0000019bd4d1f000 ConcurrentGCThread "G1 Refine#5" [stack: 0x00000079f8200000,0x00000079f8300000] [id=14436]
  0x0000019bd4d1e000 ConcurrentGCThread "G1 Refine#6" [stack: 0x00000079f8100000,0x00000079f8200000] [id=18292]
  0x0000019bd4d1d000 ConcurrentGCThread "G1 Refine#7" [stack: 0x00000079f8000000,0x00000079f8100000] [id=17832]
  0x0000019bd4d2f000 ConcurrentGCThread "G1 Young RemSet Sampling" [stack: 0x00000079f8800000,0x00000079f8900000] [id=4076]

Threads with active compile tasks:
C2 CompilerThread14873       4       jdk.internal.loader.BuiltinClassLoader::defineClass (121 bytes)
C2 CompilerThread04877       4       jdk.internal.loader.ClassLoaders$AppClassLoader::defineOrCheckPackage (8 bytes)

VM state:not at safepoint (normal execution)

VM Mutex/Monitor currently owned by a thread: None

Heap address: 0x0000000081e00000, size: 2018 MB, Compressed Oops mode: 32-bit
Narrow klass base: 0x0000000000000000, Narrow klass shift: 3
Compressed class space size: 1073741824 Address: 0x0000000100000000

Heap:
 garbage-first heap   total 157696K, used 106589K [0x0000000081e00000, 0x0000000081f004d0, 0x0000000100000000)
  region size 1024K, 83 young (84992K), 9 survivors (9216K)
 Metaspace       used 53345K, capacity 55688K, committed 56064K, reserved 1097728K
  class space    used 6718K, capacity 7134K, committed 7168K, reserved 1048576K
Heap Regions: E=young(eden), S=young(survivor), O=old, HS=humongous(starts), HC=humongous(continues), CS=collection set, F=free, A=archive, TS=gc time stamp, AC=allocation context, TAMS=top-at-mark-start (previous, next)
|   0|0x0000000081e00000, 0x0000000081f00000, 0x0000000081f00000|100%|HS|  |TS  0|AC  0|TAMS 0x0000000081f00000, 0x0000000081f00000|
|   1|0x0000000081f00000, 0x0000000082000000, 0x0000000082000000|100%| O|  |TS  0|AC  0|TAMS 0x0000000082000000, 0x0000000082000000|
|   2|0x0000000082000000, 0x0000000082100000, 0x0000000082100000|100%| O|  |TS  0|AC  0|TAMS 0x0000000082100000, 0x0000000082100000|
|   3|0x0000000082100000, 0x0000000082200000, 0x0000000082200000|100%| O|  |TS  0|AC  0|TAMS 0x0000000082200000, 0x0000000082200000|
|   4|0x0000000082200000, 0x0000000082300000, 0x0000000082300000|100%| O|  |TS  0|AC  0|TAMS 0x0000000082300000, 0x0000000082300000|
|   5|0x0000000082300000, 0x0000000082400000, 0x0000000082400000|100%| O|  |TS  0|AC  0|TAMS 0x0000000082400000, 0x0000000082400000|
|   6|0x0000000082400000, 0x0000000082500000, 0x0000000082500000|100%| O|  |TS  0|AC  0|TAMS 0x0000000082500000, 0x0000000082500000|
|   7|0x0000000082500000, 0x0000000082600000, 0x0000000082600000|100%| O|  |TS  0|AC  0|TAMS 0x0000000082600000, 0x0000000082600000|
|   8|0x0000000082600000, 0x0000000082700000, 0x0000000082700000|100%| O|  |TS  0|AC  0|TAMS 0x0000000082700000, 0x0000000082700000|
|   9|0x0000000082700000, 0x0000000082800000, 0x0000000082800000|100%| O|  |TS  0|AC  0|TAMS 0x0000000082800000, 0x0000000082800000|
|  10|0x0000000082800000, 0x0000000082900000, 0x0000000082900000|100%| O|  |TS  0|AC  0|TAMS 0x0000000082900000, 0x0000000082900000|
|  11|0x0000000082900000, 0x0000000082a00000, 0x0000000082a00000|100%| O|  |TS  0|AC  0|TAMS 0x0000000082a00000, 0x0000000082a00000|
|  12|0x0000000082a00000, 0x0000000082b00000, 0x0000000082b00000|100%| O|  |TS  1|AC  0|TAMS 0x0000000082a13400, 0x0000000082a13400|
|  13|0x0000000082b00000, 0x0000000082c00000, 0x0000000082c00000|100%| O|  |TS  1|AC  0|TAMS 0x0000000082b00000, 0x0000000082b00000|
|  14|0x0000000082c00000, 0x0000000082d00000, 0x0000000082d00000|100%| O|  |TS  3|AC  0|TAMS 0x0000000082c00000, 0x0000000082c00000|
|  15|0x0000000082d00000, 0x0000000082e00000, 0x0000000082e00000|100%| O|  |TS  3|AC  0|TAMS 0x0000000082d00000, 0x0000000082d00000|
|  16|0x0000000082e00000, 0x0000000082f00000, 0x0000000082f00000|100%| O|  |TS  3|AC  0|TAMS 0x0000000082e00000, 0x0000000082e00000|
|  17|0x0000000082f00000, 0x0000000083000000, 0x0000000083000000|100%| O|  |TS  3|AC  0|TAMS 0x0000000082f00000, 0x0000000082f00000|
|  18|0x0000000083000000, 0x0000000083100000, 0x0000000083100000|100%| O|  |TS  3|AC  0|TAMS 0x0000000083000000, 0x0000000083000000|
|  19|0x0000000083100000, 0x0000000083200000, 0x0000000083200000|100%| O|  |TS  3|AC  0|TAMS 0x0000000083100000, 0x0000000083100000|
|  20|0x0000000083200000, 0x0000000083300000, 0x0000000083300000|100%| O|  |TS  3|AC  0|TAMS 0x0000000083200000, 0x0000000083200000|
|  21|0x0000000083300000, 0x0000000083400000, 0x0000000083400000|100%| O|  |TS  3|AC  0|TAMS 0x0000000083300000, 0x0000000083300000|
|  22|0x0000000083400000, 0x00000000834ac800, 0x0000000083500000| 67%| O|  |TS  3|AC  0|TAMS 0x0000000083400000, 0x0000000083400000|
|  23|0x0000000083500000, 0x0000000083500000, 0x0000000083600000|  0%| F|  |TS  0|AC  0|TAMS 0x0000000083500000, 0x0000000083500000|
|  24|0x0000000083600000, 0x0000000083600000, 0x0000000083700000|  0%| F|  |TS  0|AC  0|TAMS 0x0000000083600000, 0x0000000083600000|
|  25|0x0000000083700000, 0x0000000083700000, 0x0000000083800000|  0%| F|  |TS  0|AC  0|TAMS 0x0000000083700000, 0x0000000083700000|
|  26|0x0000000083800000, 0x0000000083800000, 0x0000000083900000|  0%| F|  |TS  0|AC  0|TAMS 0x0000000083800000, 0x0000000083800000|
|  27|0x0000000083900000, 0x0000000083900000, 0x0000000083a00000|  0%| F|  |TS  0|AC  0|TAMS 0x0000000083900000, 0x0000000083900000|
|  28|0x0000000083a00000, 0x0000000083a00000, 0x0000000083b00000|  0%| F|  |TS  0|AC  0|TAMS 0x0000000083a00000, 0x0000000083a00000|
|  29|0x0000000083b00000, 0x0000000083b00000, 0x0000000083c00000|  0%| F|  |TS  0|AC  0|TAMS 0x0000000083b00000, 0x0000000083b00000|
|  30|0x0000000083c00000, 0x0000000083c00000, 0x0000000083d00000|  0%| F|  |TS  0|AC  0|TAMS 0x0000000083c00000, 0x0000000083c00000|
|  31|0x0000000083d00000, 0x0000000083d00000, 0x0000000083e00000|  0%| F|  |TS  0|AC  0|TAMS 0x0000000083d00000, 0x0000000083d00000|
|  32|0x0000000083e00000, 0x0000000083e00000, 0x0000000083f00000|  0%| F|  |TS  0|AC  0|TAMS 0x0000000083e00000, 0x0000000083e00000|
|  33|0x0000000083f00000, 0x0000000083f00000, 0x0000000084000000|  0%| F|  |TS  0|AC  0|TAMS 0x0000000083f00000, 0x0000000083f00000|
|  34|0x0000000084000000, 0x0000000084000000, 0x0000000084100000|  0%| F|  |TS  0|AC  0|TAMS 0x0000000084000000, 0x0000000084000000|
|  35|0x0000000084100000, 0x0000000084100000, 0x0000000084200000|  0%| F|  |TS  0|AC  0|TAMS 0x0000000084100000, 0x0000000084100000|
|  36|0x0000000084200000, 0x0000000084200000, 0x0000000084300000|  0%| F|  |TS  0|AC  0|TAMS 0x0000000084200000, 0x0000000084200000|
|  37|0x0000000084300000, 0x0000000084300000, 0x0000000084400000|  0%| F|  |TS  0|AC  0|TAMS 0x0000000084300000, 0x0000000084300000|
|  38|0x0000000084400000, 0x0000000084400000, 0x0000000084500000|  0%| F|  |TS  0|AC  0|TAMS 0x0000000084400000, 0x0000000084400000|
|  39|0x0000000084500000, 0x0000000084500000, 0x0000000084600000|  0%| F|  |TS  0|AC  0|TAMS 0x0000000084500000, 0x0000000084500000|
|  40|0x0000000084600000, 0x0000000084600000, 0x0000000084700000|  0%| F|  |TS  0|AC  0|TAMS 0x0000000084600000, 0x0000000084600000|
|  41|0x0000000084700000, 0x0000000084700000, 0x0000000084800000|  0%| F|  |TS  0|AC  0|TAMS 0x0000000084700000, 0x0000000084700000|
|  42|0x0000000084800000, 0x0000000084800000, 0x0000000084900000|  0%| F|  |TS  3|AC  0|TAMS 0x0000000084800000, 0x0000000084800000|
|  43|0x0000000084900000, 0x0000000084900000, 0x0000000084a00000|  0%| F|  |TS  3|AC  0|TAMS 0x0000000084900000, 0x0000000084900000|
|  44|0x0000000084a00000, 0x0000000084a00000, 0x0000000084b00000|  0%| F|  |TS  3|AC  0|TAMS 0x0000000084a00000, 0x0000000084a00000|
|  45|0x0000000084b00000, 0x0000000084b00000, 0x0000000084c00000|  0%| F|  |TS  3|AC  0|TAMS 0x0000000084b00000, 0x0000000084b00000|
|  46|0x0000000084c00000, 0x0000000084c00000, 0x0000000084d00000|  0%| F|  |TS  3|AC  0|TAMS 0x0000000084c00000, 0x0000000084c00000|
|  47|0x0000000084d00000, 0x0000000084d00000, 0x0000000084e00000|  0%| F|  |TS  3|AC  0|TAMS 0x0000000084d00000, 0x0000000084d00000|
|  48|0x0000000084e00000, 0x0000000084e00000, 0x0000000084f00000|  0%| F|  |TS  3|AC  0|TAMS 0x0000000084e00000, 0x0000000084e00000|
|  49|0x0000000084f00000, 0x0000000084f00000, 0x0000000085000000|  0%| F|  |TS  3|AC  0|TAMS 0x0000000084f00000, 0x0000000084f00000|
|  50|0x0000000085000000, 0x0000000085000000, 0x0000000085100000|  0%| F|  |TS  3|AC  0|TAMS 0x0000000085000000, 0x0000000085000000|
|  51|0x0000000085100000, 0x0000000085100000, 0x0000000085200000|  0%| F|  |TS  3|AC  0|TAMS 0x0000000085100000, 0x0000000085100000|
|  52|0x0000000085200000, 0x0000000085200000, 0x0000000085300000|  0%| F|  |TS  1|AC  0|TAMS 0x0000000085200000, 0x0000000085200000|
|  53|0x0000000085300000, 0x0000000085300000, 0x0000000085400000|  0%| F|  |TS  1|AC  0|TAMS 0x0000000085300000, 0x0000000085300000|
|  54|0x0000000085400000, 0x0000000085400000, 0x0000000085500000|  0%| F|  |TS  1|AC  0|TAMS 0x0000000085400000, 0x0000000085400000|
|  55|0x0000000085500000, 0x0000000085500000, 0x0000000085600000|  0%| F|  |TS  1|AC  0|TAMS 0x0000000085500000, 0x0000000085500000|
|  56|0x0000000085600000, 0x0000000085600000, 0x0000000085700000|  0%| F|  |TS  1|AC  0|TAMS 0x0000000085600000, 0x0000000085600000|
|  57|0x0000000085700000, 0x0000000085700000, 0x0000000085800000|  0%| F|  |TS  1|AC  0|TAMS 0x0000000085700000, 0x0000000085700000|
|  58|0x0000000085800000, 0x0000000085800000, 0x0000000085900000|  0%| F|  |TS  1|AC  0|TAMS 0x0000000085800000, 0x0000000085800000|
|  59|0x0000000085900000, 0x0000000085900000, 0x0000000085a00000|  0%| F|  |TS  1|AC  0|TAMS 0x0000000085900000, 0x0000000085900000|
|  60|0x0000000085a00000, 0x0000000085a00000, 0x0000000085b00000|  0%| F|  |TS  1|AC  0|TAMS 0x0000000085a00000, 0x0000000085a00000|
|  61|0x0000000085b00000, 0x0000000085b00000, 0x0000000085c00000|  0%| F|  |TS  1|AC  0|TAMS 0x0000000085b00000, 0x0000000085b00000|
|  62|0x0000000085c00000, 0x0000000085c00000, 0x0000000085d00000|  0%| F|  |TS  1|AC  0|TAMS 0x0000000085c00000, 0x0000000085c00000|
|  63|0x0000000085d00000, 0x0000000085d6ae68, 0x0000000085e00000| 41%| S|CS|TS  3|AC  0|TAMS 0x0000000085d00000, 0x0000000085d00000|
|  64|0x0000000085e00000, 0x0000000085f00000, 0x0000000085f00000|100%| S|CS|TS  3|AC  0|TAMS 0x0000000085e00000, 0x0000000085e00000|
|  65|0x0000000085f00000, 0x0000000086000000, 0x0000000086000000|100%| S|CS|TS  3|AC  0|TAMS 0x0000000085f00000, 0x0000000085f00000|
|  66|0x0000000086000000, 0x0000000086100000, 0x0000000086100000|100%| S|CS|TS  3|AC  0|TAMS 0x0000000086000000, 0x0000000086000000|
|  67|0x0000000086100000, 0x0000000086200000, 0x0000000086200000|100%| S|CS|TS  3|AC  0|TAMS 0x0000000086100000, 0x0000000086100000|
|  68|0x0000000086200000, 0x0000000086300000, 0x0000000086300000|100%| S|CS|TS  3|AC  0|TAMS 0x0000000086200000, 0x0000000086200000|
|  69|0x0000000086300000, 0x0000000086400000, 0x0000000086400000|100%| S|CS|TS  3|AC  0|TAMS 0x0000000086300000, 0x0000000086300000|
|  70|0x0000000086400000, 0x0000000086500000, 0x0000000086500000|100%| S|CS|TS  3|AC  0|TAMS 0x0000000086400000, 0x0000000086400000|
|  71|0x0000000086500000, 0x0000000086600000, 0x0000000086600000|100%| S|CS|TS  3|AC  0|TAMS 0x0000000086500000, 0x0000000086500000|
|  72|0x0000000086600000, 0x0000000086600000, 0x0000000086700000|  0%| F|  |TS  3|AC  0|TAMS 0x0000000086600000, 0x0000000086600000|
|  73|0x0000000086700000, 0x0000000086700000, 0x0000000086800000|  0%| F|  |TS  3|AC  0|TAMS 0x0000000086700000, 0x0000000086700000|
|  74|0x0000000086800000, 0x0000000086800000, 0x0000000086900000|  0%| F|  |TS  3|AC  0|TAMS 0x0000000086800000, 0x0000000086800000|
|  75|0x0000000086900000, 0x0000000086900000, 0x0000000086a00000|  0%| F|  |TS  3|AC  0|TAMS 0x0000000086900000, 0x0000000086900000|
|  76|0x0000000086a00000, 0x0000000086a00000, 0x0000000086b00000|  0%| F|  |TS  3|AC  0|TAMS 0x0000000086a00000, 0x0000000086a00000|
|  77|0x0000000086b00000, 0x0000000086b00000, 0x0000000086c00000|  0%| F|  |TS  3|AC  0|TAMS 0x0000000086b00000, 0x0000000086b00000|
|  78|0x0000000086c00000, 0x0000000086c00000, 0x0000000086d00000|  0%| F|  |TS  3|AC  0|TAMS 0x0000000086c00000, 0x0000000086c00000|
|  79|0x0000000086d00000, 0x0000000086d00000, 0x0000000086e00000|  0%| F|  |TS  3|AC  0|TAMS 0x0000000086d00000, 0x0000000086d00000|
|  80|0x0000000086e00000, 0x0000000086f00000, 0x0000000086f00000|100%| E|  |TS  3|AC  0|TAMS 0x0000000086e00000, 0x0000000086e00000|
|  81|0x0000000086f00000, 0x0000000087000000, 0x0000000087000000|100%| E|CS|TS  3|AC  0|TAMS 0x0000000086f00000, 0x0000000086f00000|
|  82|0x0000000087000000, 0x0000000087100000, 0x0000000087100000|100%| E|CS|TS  3|AC  0|TAMS 0x0000000087000000, 0x0000000087000000|
|  83|0x0000000087100000, 0x0000000087200000, 0x0000000087200000|100%| E|CS|TS  3|AC  0|TAMS 0x0000000087100000, 0x0000000087100000|
|  84|0x0000000087200000, 0x0000000087300000, 0x0000000087300000|100%| E|CS|TS  3|AC  0|TAMS 0x0000000087200000, 0x0000000087200000|
|  85|0x0000000087300000, 0x0000000087400000, 0x0000000087400000|100%| E|CS|TS  3|AC  0|TAMS 0x0000000087300000, 0x0000000087300000|
|  86|0x0000000087400000, 0x0000000087500000, 0x0000000087500000|100%| E|CS|TS  3|AC  0|TAMS 0x0000000087400000, 0x0000000087400000|
|  87|0x0000000087500000, 0x0000000087600000, 0x0000000087600000|100%| E|CS|TS  3|AC  0|TAMS 0x0000000087500000, 0x0000000087500000|
|  88|0x0000000087600000, 0x0000000087700000, 0x0000000087700000|100%| E|CS|TS  3|AC  0|TAMS 0x0000000087600000, 0x0000000087600000|
|  89|0x0000000087700000, 0x0000000087800000, 0x0000000087800000|100%| E|CS|TS  3|AC  0|TAMS 0x0000000087700000, 0x0000000087700000|
|  90|0x0000000087800000, 0x0000000087900000, 0x0000000087900000|100%| E|CS|TS  3|AC  0|TAMS 0x0000000087800000, 0x0000000087800000|
|  91|0x0000000087900000, 0x0000000087a00000, 0x0000000087a00000|100%| E|CS|TS  3|AC  0|TAMS 0x0000000087900000, 0x0000000087900000|
|  92|0x0000000087a00000, 0x0000000087b00000, 0x0000000087b00000|100%| E|CS|TS  3|AC  0|TAMS 0x0000000087a00000, 0x0000000087a00000|
|  93|0x0000000087b00000, 0x0000000087c00000, 0x0000000087c00000|100%| E|CS|TS  3|AC  0|TAMS 0x0000000087b00000, 0x0000000087b00000|
|  94|0x0000000087c00000, 0x0000000087d00000, 0x0000000087d00000|100%| E|CS|TS  3|AC  0|TAMS 0x0000000087c00000, 0x0000000087c00000|
|  95|0x0000000087d00000, 0x0000000087e00000, 0x0000000087e00000|100%| E|CS|TS  3|AC  0|TAMS 0x0000000087d00000, 0x0000000087d00000|
|  96|0x0000000087e00000, 0x0000000087f00000, 0x0000000087f00000|100%| E|CS|TS  3|AC  0|TAMS 0x0000000087e00000, 0x0000000087e00000|
|  97|0x0000000087f00000, 0x0000000088000000, 0x0000000088000000|100%| E|CS|TS  3|AC  0|TAMS 0x0000000087f00000, 0x0000000087f00000|
|  98|0x0000000088000000, 0x0000000088100000, 0x0000000088100000|100%| E|CS|TS  3|AC  0|TAMS 0x0000000088000000, 0x0000000088000000|
|  99|0x0000000088100000, 0x0000000088200000, 0x0000000088200000|100%| E|CS|TS  3|AC  0|TAMS 0x0000000088100000, 0x0000000088100000|
| 100|0x0000000088200000, 0x0000000088300000, 0x0000000088300000|100%| E|CS|TS  3|AC  0|TAMS 0x0000000088200000, 0x0000000088200000|
| 101|0x0000000088300000, 0x0000000088400000, 0x0000000088400000|100%| E|CS|TS  3|AC  0|TAMS 0x0000000088300000, 0x0000000088300000|
| 102|0x0000000088400000, 0x0000000088500000, 0x0000000088500000|100%| E|CS|TS  3|AC  0|TAMS 0x0000000088400000, 0x0000000088400000|
| 103|0x0000000088500000, 0x0000000088600000, 0x0000000088600000|100%| E|CS|TS  3|AC  0|TAMS 0x0000000088500000, 0x0000000088500000|
| 104|0x0000000088600000, 0x0000000088700000, 0x0000000088700000|100%| E|CS|TS  3|AC  0|TAMS 0x0000000088600000, 0x0000000088600000|
| 105|0x0000000088700000, 0x0000000088800000, 0x0000000088800000|100%| E|CS|TS  3|AC  0|TAMS 0x0000000088700000, 0x0000000088700000|
| 106|0x0000000088800000, 0x0000000088900000, 0x0000000088900000|100%| E|CS|TS  3|AC  0|TAMS 0x0000000088800000, 0x0000000088800000|
| 107|0x0000000088900000, 0x0000000088a00000, 0x0000000088a00000|100%| E|CS|TS  3|AC  0|TAMS 0x0000000088900000, 0x0000000088900000|
| 108|0x0000000088a00000, 0x0000000088b00000, 0x0000000088b00000|100%| E|CS|TS  3|AC  0|TAMS 0x0000000088a00000, 0x0000000088a00000|
| 109|0x0000000088b00000, 0x0000000088c00000, 0x0000000088c00000|100%| E|CS|TS  3|AC  0|TAMS 0x0000000088b00000, 0x0000000088b00000|
| 110|0x0000000088c00000, 0x0000000088d00000, 0x0000000088d00000|100%| E|CS|TS  3|AC  0|TAMS 0x0000000088c00000, 0x0000000088c00000|
| 111|0x0000000088d00000, 0x0000000088e00000, 0x0000000088e00000|100%| E|CS|TS  3|AC  0|TAMS 0x0000000088d00000, 0x0000000088d00000|
| 112|0x0000000088e00000, 0x0000000088f00000, 0x0000000088f00000|100%| E|CS|TS  3|AC  0|TAMS 0x0000000088e00000, 0x0000000088e00000|
| 113|0x0000000088f00000, 0x0000000089000000, 0x0000000089000000|100%| E|CS|TS  3|AC  0|TAMS 0x0000000088f00000, 0x0000000088f00000|
| 114|0x0000000089000000, 0x0000000089100000, 0x0000000089100000|100%| E|CS|TS  3|AC  0|TAMS 0x0000000089000000, 0x0000000089000000|
| 115|0x0000000089100000, 0x0000000089200000, 0x0000000089200000|100%| E|CS|TS  3|AC  0|TAMS 0x0000000089100000, 0x0000000089100000|
| 116|0x0000000089200000, 0x0000000089300000, 0x0000000089300000|100%| E|CS|TS  3|AC  0|TAMS 0x0000000089200000, 0x0000000089200000|
| 117|0x0000000089300000, 0x0000000089400000, 0x0000000089400000|100%| E|CS|TS  3|AC  0|TAMS 0x0000000089300000, 0x0000000089300000|
| 118|0x0000000089400000, 0x0000000089500000, 0x0000000089500000|100%| E|CS|TS  3|AC  0|TAMS 0x0000000089400000, 0x0000000089400000|
| 119|0x0000000089500000, 0x0000000089600000, 0x0000000089600000|100%| E|CS|TS  3|AC  0|TAMS 0x0000000089500000, 0x0000000089500000|
| 120|0x0000000089600000, 0x0000000089700000, 0x0000000089700000|100%| E|CS|TS  3|AC  0|TAMS 0x0000000089600000, 0x0000000089600000|
| 121|0x0000000089700000, 0x0000000089800000, 0x0000000089800000|100%| E|CS|TS  3|AC  0|TAMS 0x0000000089700000, 0x0000000089700000|
| 122|0x0000000089800000, 0x0000000089900000, 0x0000000089900000|100%| E|CS|TS  3|AC  0|TAMS 0x0000000089800000, 0x0000000089800000|
| 123|0x0000000089900000, 0x0000000089a00000, 0x0000000089a00000|100%| E|CS|TS  3|AC  0|TAMS 0x0000000089900000, 0x0000000089900000|
| 124|0x0000000089a00000, 0x0000000089b00000, 0x0000000089b00000|100%| E|CS|TS  3|AC  0|TAMS 0x0000000089a00000, 0x0000000089a00000|
| 125|0x0000000089b00000, 0x0000000089c00000, 0x0000000089c00000|100%| E|CS|TS  3|AC  0|TAMS 0x0000000089b00000, 0x0000000089b00000|
| 126|0x0000000089c00000, 0x0000000089d00000, 0x0000000089d00000|100%| E|CS|TS  3|AC  0|TAMS 0x0000000089c00000, 0x0000000089c00000|
| 127|0x0000000089d00000, 0x0000000089e00000, 0x0000000089e00000|100%| E|CS|TS  3|AC  0|TAMS 0x0000000089d00000, 0x0000000089d00000|
| 128|0x0000000089e00000, 0x0000000089f00000, 0x0000000089f00000|100%| E|CS|TS  3|AC  0|TAMS 0x0000000089e00000, 0x0000000089e00000|
| 129|0x0000000089f00000, 0x000000008a000000, 0x000000008a000000|100%| E|CS|TS  3|AC  0|TAMS 0x0000000089f00000, 0x0000000089f00000|
| 130|0x000000008a000000, 0x000000008a100000, 0x000000008a100000|100%| E|CS|TS  3|AC  0|TAMS 0x000000008a000000, 0x000000008a000000|
| 131|0x000000008a100000, 0x000000008a200000, 0x000000008a200000|100%| E|CS|TS  3|AC  0|TAMS 0x000000008a100000, 0x000000008a100000|
| 132|0x000000008a200000, 0x000000008a300000, 0x000000008a300000|100%| E|CS|TS  3|AC  0|TAMS 0x000000008a200000, 0x000000008a200000|
| 133|0x000000008a300000, 0x000000008a400000, 0x000000008a400000|100%| E|CS|TS  3|AC  0|TAMS 0x000000008a300000, 0x000000008a300000|
| 134|0x000000008a400000, 0x000000008a500000, 0x000000008a500000|100%| E|CS|TS  3|AC  0|TAMS 0x000000008a400000, 0x000000008a400000|
| 135|0x000000008a500000, 0x000000008a600000, 0x000000008a600000|100%| E|CS|TS  3|AC  0|TAMS 0x000000008a500000, 0x000000008a500000|
| 136|0x000000008a600000, 0x000000008a700000, 0x000000008a700000|100%| E|CS|TS  3|AC  0|TAMS 0x000000008a600000, 0x000000008a600000|
| 137|0x000000008a700000, 0x000000008a800000, 0x000000008a800000|100%| E|CS|TS  3|AC  0|TAMS 0x000000008a700000, 0x000000008a700000|
| 138|0x000000008a800000, 0x000000008a900000, 0x000000008a900000|100%| E|CS|TS  3|AC  0|TAMS 0x000000008a800000, 0x000000008a800000|
| 139|0x000000008a900000, 0x000000008aa00000, 0x000000008aa00000|100%| E|CS|TS  3|AC  0|TAMS 0x000000008a900000, 0x000000008a900000|
| 140|0x000000008aa00000, 0x000000008ab00000, 0x000000008ab00000|100%| E|CS|TS  3|AC  0|TAMS 0x000000008aa00000, 0x000000008aa00000|
| 141|0x000000008ab00000, 0x000000008ac00000, 0x000000008ac00000|100%| E|CS|TS  3|AC  0|TAMS 0x000000008ab00000, 0x000000008ab00000|
| 142|0x000000008ac00000, 0x000000008ad00000, 0x000000008ad00000|100%| E|CS|TS  3|AC  0|TAMS 0x000000008ac00000, 0x000000008ac00000|
| 143|0x000000008ad00000, 0x000000008ae00000, 0x000000008ae00000|100%| E|CS|TS  3|AC  0|TAMS 0x000000008ad00000, 0x000000008ad00000|
| 144|0x000000008ae00000, 0x000000008af00000, 0x000000008af00000|100%| E|CS|TS  3|AC  0|TAMS 0x000000008ae00000, 0x000000008ae00000|
| 145|0x000000008af00000, 0x000000008b000000, 0x000000008b000000|100%| E|CS|TS  3|AC  0|TAMS 0x000000008af00000, 0x000000008af00000|
| 146|0x000000008b000000, 0x000000008b100000, 0x000000008b100000|100%| E|CS|TS  3|AC  0|TAMS 0x000000008b000000, 0x000000008b000000|
| 147|0x000000008b100000, 0x000000008b200000, 0x000000008b200000|100%| E|CS|TS  3|AC  0|TAMS 0x000000008b100000, 0x000000008b100000|
| 148|0x000000008b200000, 0x000000008b300000, 0x000000008b300000|100%| E|CS|TS  3|AC  0|TAMS 0x000000008b200000, 0x000000008b200000|
| 149|0x000000008b300000, 0x000000008b400000, 0x000000008b400000|100%| E|CS|TS  3|AC  0|TAMS 0x000000008b300000, 0x000000008b300000|
| 150|0x000000008b400000, 0x000000008b500000, 0x000000008b500000|100%| E|CS|TS  3|AC  0|TAMS 0x000000008b400000, 0x000000008b400000|
| 151|0x000000008b500000, 0x000000008b600000, 0x000000008b600000|100%| E|CS|TS  3|AC  0|TAMS 0x000000008b500000, 0x000000008b500000|
| 152|0x000000008b600000, 0x000000008b700000, 0x000000008b700000|100%| E|CS|TS  3|AC  0|TAMS 0x000000008b600000, 0x000000008b600000|
| 153|0x000000008b700000, 0x000000008b800000, 0x000000008b800000|100%| E|CS|TS  3|AC  0|TAMS 0x000000008b700000, 0x000000008b700000|

Card table byte_map: [0x0000019bf0f40000,0x0000019bf1340000] byte_map_base: 0x0000019bf0b31000

Marking Bits (Prev, Next): (CMBitMap*) 0x0000019bd4d5a8e0, (CMBitMap*) 0x0000019bd4d5a918
 Prev Bits: [0x0000019bf1740000, 0x0000019bf36c8000)
 Next Bits: [0x0000019bf36d0000, 0x0000019bf5658000)

Polling page: 0x0000019bd4c70000

CodeHeap 'non-profiled nmethods': size=120000Kb used=3321Kb max_used=3321Kb free=116678Kb
 bounds [0x0000019be8790000, 0x0000019be8ad0000, 0x0000019befcc0000]
CodeHeap 'profiled nmethods': size=120000Kb used=12957Kb max_used=12957Kb free=107042Kb
 bounds [0x0000019be1260000, 0x0000019be1f10000, 0x0000019be8790000]
CodeHeap 'non-nmethods': size=5760Kb used=1349Kb max_used=1368Kb free=4410Kb
 bounds [0x0000019be0cc0000, 0x0000019be0f30000, 0x0000019be1260000]
 total_blobs=6901 nmethods=4988 adapters=473
 compilation: enabled

Compilation events (10 events):
Event: 15.553 Thread 0x0000019bf89fc800 nmethod 5029 0x0000019be1f05b10 code [0x0000019be1f05d40, 0x0000019be1f06570]
Event: 15.553 Thread 0x0000019bf89fc800 5030       3       java.util.HashSet::spliterator (16 bytes)
Event: 15.553 Thread 0x0000019bf89fc800 nmethod 5030 0x0000019be1f06810 code [0x0000019be1f069e0, 0x0000019be1f06c50]
Event: 15.553 Thread 0x0000019bf89fc800 5031       3       org.hibernate.validator.internal.util.CollectionHelper::toImmutableMap (77 bytes)
Event: 15.555 Thread 0x0000019bf89fc800 nmethod 5031 0x0000019be1f06d90 code [0x0000019be1f07020, 0x0000019be1f07cd0]
Event: 15.620 Thread 0x0000019bf89fe000 5032       4       java.util.concurrent.CopyOnWriteArrayList::get (9 bytes)
Event: 15.621 Thread 0x0000019bf89fe000 nmethod 5032 0x0000019be8acd790 code [0x0000019be8acd920, 0x0000019be8acd9b8]
Event: 15.630 Thread 0x0000019bf89fc800 5033       1       org.hibernate.service.spi.ServiceBinding::getService (5 bytes)
Event: 15.630 Thread 0x0000019bf89fc800 nmethod 5033 0x0000019be8acda90 code [0x0000019be8acdc40, 0x0000019be8acdd58]
Event: 15.631 Thread 0x0000019bf89fe000 5034       4       java.security.CodeSource::<init> (52 bytes)

GC Heap History (10 events):
Event: 5.524 GC heap before
{Heap before GC invocations=4 (full 0):
 garbage-first heap   total 131072K, used 84369K [0x0000000081e00000, 0x0000000081f00400, 0x0000000100000000)
  region size 1024K, 76 young (77824K), 7 survivors (7168K)
 Metaspace       used 28559K, capacity 29836K, committed 30080K, reserved 1075200K
  class space    used 3345K, capacity 3620K, committed 3712K, reserved 1048576K
}
Event: 5.545 GC heap after
{Heap after GC invocations=5 (full 0):
 garbage-first heap   total 131072K, used 18081K [0x0000000081e00000, 0x0000000081f00400, 0x0000000100000000)
  region size 1024K, 9 young (9216K), 9 survivors (9216K)
 Metaspace       used 28559K, capacity 29836K, committed 30080K, reserved 1075200K
  class space    used 3345K, capacity 3620K, committed 3712K, reserved 1048576K
}
Event: 6.838 GC heap before
{Heap before GC invocations=5 (full 0):
 garbage-first heap   total 131072K, used 82593K [0x0000000081e00000, 0x0000000081f00400, 0x0000000100000000)
  region size 1024K, 72 young (73728K), 9 survivors (9216K)
 Metaspace       used 30273K, capacity 31730K, committed 31872K, reserved 1077248K
  class space    used 3569K, capacity 3859K, committed 3968K, reserved 1048576K
}
Event: 6.848 GC heap after
{Heap after GC invocations=6 (full 0):
 garbage-first heap   total 131072K, used 16785K [0x0000000081e00000, 0x0000000081f00400, 0x0000000100000000)
  region size 1024K, 5 young (5120K), 5 survivors (5120K)
 Metaspace       used 30273K, capacity 31730K, committed 31872K, reserved 1077248K
  class space    used 3569K, capacity 3859K, committed 3968K, reserved 1048576K
}
Event: 8.406 GC heap before
{Heap before GC invocations=6 (full 0):
 garbage-first heap   total 131072K, used 66961K [0x0000000081e00000, 0x0000000081f00400, 0x0000000100000000)
  region size 1024K, 55 young (56320K), 5 survivors (5120K)
 Metaspace       used 34013K, capacity 35710K, committed 35840K, reserved 1081344K
  class space    used 4058K, capacity 4405K, committed 4480K, reserved 1048576K
}
Event: 8.419 GC heap after
{Heap after GC invocations=7 (full 0):
 garbage-first heap   total 131072K, used 19115K [0x0000000081e00000, 0x0000000081f00400, 0x0000000100000000)
  region size 1024K, 7 young (7168K), 7 survivors (7168K)
 Metaspace       used 34013K, capacity 35710K, committed 35840K, reserved 1081344K
  class space    used 4058K, capacity 4405K, committed 4480K, reserved 1048576K
}
Event: 11.246 GC heap before
{Heap before GC invocations=8 (full 0):
 garbage-first heap   total 131072K, used 89771K [0x0000000081e00000, 0x0000000081f00400, 0x0000000100000000)
  region size 1024K, 76 young (77824K), 7 survivors (7168K)
 Metaspace       used 39030K, capacity 41196K, committed 41472K, reserved 1085440K
  class space    used 4699K, capacity 5082K, committed 5120K, reserved 1048576K
}
Event: 11.262 GC heap after
{Heap after GC invocations=9 (full 0):
 garbage-first heap   total 157696K, used 25272K [0x0000000081e00000, 0x0000000081f004d0, 0x0000000100000000)
  region size 1024K, 10 young (10240K), 10 survivors (10240K)
 Metaspace       used 39030K, capacity 41196K, committed 41472K, reserved 1085440K
  class space    used 4699K, capacity 5082K, committed 5120K, reserved 1048576K
}
Event: 13.866 GC heap before
{Heap before GC invocations=9 (full 0):
 garbage-first heap   total 157696K, used 109240K [0x0000000081e00000, 0x0000000081f004d0, 0x0000000100000000)
  region size 1024K, 92 young (94208K), 10 survivors (10240K)
 Metaspace       used 45819K, capacity 48122K, committed 48256K, reserved 1091584K
  class space    used 5585K, capacity 6015K, committed 6016K, reserved 1048576K
}
Event: 13.887 GC heap after
{Heap after GC invocations=10 (full 0):
 garbage-first heap   total 157696K, used 31837K [0x0000000081e00000, 0x0000000081f004d0, 0x0000000100000000)
  region size 1024K, 9 young (9216K), 9 survivors (9216K)
 Metaspace       used 45819K, capacity 48122K, committed 48256K, reserved 1091584K
  class space    used 5585K, capacity 6015K, committed 6016K, reserved 1048576K
}

Deoptimization events (10 events):
Event: 13.243 Thread 0x0000019bd4ce6800 Uncommon trap: reason=unstable_if action=reinterpret pc=0x0000019be87bb128 method=java.lang.AbstractStringBuilder.append(Ljava/lang/String;)Ljava/lang/AbstractStringBuilder; @ 1 c2
Event: 14.053 Thread 0x0000019bd4ce6800 Uncommon trap: reason=bimorphic_or_optimized_type_check action=maybe_recompile pc=0x0000019be88c6e9c method=java.lang.ClassLoader.loadClass(Ljava/lang/String;)Ljava/lang/Class; @ 3 c2
Event: 14.055 Thread 0x0000019bd4ce6800 Uncommon trap: reason=bimorphic_or_optimized_type_check action=maybe_recompile pc=0x0000019be88c6e9c method=java.lang.ClassLoader.loadClass(Ljava/lang/String;)Ljava/lang/Class; @ 3 c2
Event: 14.524 Thread 0x0000019bd4ce6800 Uncommon trap: reason=bimorphic_or_optimized_type_check action=maybe_recompile pc=0x0000019be88c6e9c method=java.lang.ClassLoader.loadClass(Ljava/lang/String;)Ljava/lang/Class; @ 3 c2
Event: 14.709 Thread 0x0000019bd4ce6800 Uncommon trap: reason=unstable_if action=reinterpret pc=0x0000019be88f3604 method=java.lang.String.valueOf(Ljava/lang/Object;)Ljava/lang/String; @ 1 c2
Event: 14.805 Thread 0x0000019bd4ce6800 Uncommon trap: reason=bimorphic_or_optimized_type_check action=maybe_recompile pc=0x0000019be88c6e9c method=java.lang.ClassLoader.loadClass(Ljava/lang/String;)Ljava/lang/Class; @ 3 c2
Event: 14.924 Thread 0x0000019bd4ce6800 Uncommon trap: reason=class_check action=maybe_recompile pc=0x0000019be8a6e0a0 method=java.util.TreeMap.getEntry(Ljava/lang/Object;)Ljava/util/TreeMap$Entry; @ 26 c2
Event: 14.924 Thread 0x0000019bd4ce6800 Uncommon trap: reason=class_check action=maybe_recompile pc=0x0000019be8a6e0a0 method=java.util.TreeMap.getEntry(Ljava/lang/Object;)Ljava/util/TreeMap$Entry; @ 26 c2
Event: 15.037 Thread 0x0000019bd4ce6800 Uncommon trap: reason=class_check action=maybe_recompile pc=0x0000019be8a6e0a0 method=java.util.TreeMap.getEntry(Ljava/lang/Object;)Ljava/util/TreeMap$Entry; @ 26 c2
Event: 15.037 Thread 0x0000019bd4ce6800 Uncommon trap: reason=class_check action=maybe_recompile pc=0x0000019be8a6e0a0 method=java.util.TreeMap.getEntry(Ljava/lang/Object;)Ljava/util/TreeMap$Entry; @ 26 c2

Classes redefined (0 events):
No events

Internal exceptions (10 events):
Event: 12.262 Thread 0x0000019bd4ce6800 Exception <a 'java/lang/NullPointerException'{0x0000000089511f30}> (0x0000000089511f30) thrown at [t:/workspace/hotspot/src/share/vm/runtime/sharedRuntime.cpp, line 606]
Event: 12.262 Thread 0x0000019bd4ce6800 Implicit null exception at 0x0000019be1d62f15 to 0x0000019be1d63508
Event: 12.262 Thread 0x0000019bd4ce6800 Exception <a 'java/lang/NullPointerException'{0x0000000089513270}> (0x0000000089513270) thrown at [t:/workspace/hotspot/src/share/vm/runtime/sharedRuntime.cpp, line 606]
Event: 12.263 Thread 0x0000019bd4ce6800 Implicit null exception at 0x0000019be1d62f15 to 0x0000019be1d63508
Event: 12.263 Thread 0x0000019bd4ce6800 Exception <a 'java/lang/NullPointerException'{0x0000000089514618}> (0x0000000089514618) thrown at [t:/workspace/hotspot/src/share/vm/runtime/sharedRuntime.cpp, line 606]
Event: 12.263 Thread 0x0000019bd4ce6800 Implicit null exception at 0x0000019be1d62f15 to 0x0000019be1d63508
Event: 12.263 Thread 0x0000019bd4ce6800 Exception <a 'java/lang/NullPointerException'{0x0000000089515958}> (0x0000000089515958) thrown at [t:/workspace/hotspot/src/share/vm/runtime/sharedRuntime.cpp, line 606]
Event: 13.243 Thread 0x0000019bd4ce6800 Implicit null exception at 0x0000019be87ba177 to 0x0000019be87ba659
Event: 13.243 Thread 0x0000019bd4ce6800 Implicit null exception at 0x0000019be87babf4 to 0x0000019be87bb111
Event: 13.291 Thread 0x0000019bd4ce6800 Exception <a 'java/lang/NoSuchMethodError'{0x000000008808f170}: java.lang.invoke.DirectMethodHandle$Holder.invokeStaticInit(Ljava/lang/Object;Ljava/lang/Object;Ljava/lang/Object;Ljava/lang/Object;)Ljava/lang/Object;> (0x000000008808f170) thrown at [t:/wor

Events (10 events):
Event: 15.630 loading class org/hibernate/property/access/spi/PropertyAccessStrategy
Event: 15.630 loading class org/hibernate/property/access/spi/PropertyAccessStrategy done
Event: 15.631 loading class org/hibernate/property/access/spi/BuiltInPropertyAccessStrategies
Event: 15.631 loading class org/hibernate/property/access/spi/BuiltInPropertyAccessStrategies done
Event: 15.632 loading class org/hibernate/property/access/internal/PropertyAccessStrategyBasicImpl
Event: 15.632 loading class org/hibernate/property/access/internal/PropertyAccessStrategyBasicImpl done
Event: 15.632 loading class org/hibernate/property/access/spi/PropertyAccess
Event: 15.632 loading class org/hibernate/property/access/spi/PropertyAccess done
Event: 15.634 loading class org/hibernate/property/access/internal/PropertyAccessStrategyFieldImpl
Event: 15.634 loading class org/hibernate/property/access/internal/PropertyAccessStrategyFieldImpl done


Dynamic libraries:
0x00007ff6dc4f0000 - 0x00007ff6dc52e000 	C:\Program Files\Java\jdk-9.0.4\bin\java.exe
0x00007ff9b41e0000 - 0x00007ff9b43d0000 	C:\WINDOWS\SYSTEM32\ntdll.dll
0x00007ff9b3930000 - 0x00007ff9b39e2000 	C:\WINDOWS\System32\KERNEL32.DLL
0x00007ff9b1560000 - 0x00007ff9b1803000 	C:\WINDOWS\System32\KERNELBASE.dll
0x00007ff9b2580000 - 0x00007ff9b2623000 	C:\WINDOWS\System32\ADVAPI32.dll
0x00007ff9b23d0000 - 0x00007ff9b246e000 	C:\WINDOWS\System32\msvcrt.dll
0x00007ff9b24e0000 - 0x00007ff9b2577000 	C:\WINDOWS\System32\sechost.dll
0x00007ff9b4060000 - 0x00007ff9b4180000 	C:\WINDOWS\System32\RPCRT4.dll
0x00007ff9b3a60000 - 0x00007ff9b3bf3000 	C:\WINDOWS\System32\USER32.dll
0x00007ff9b1530000 - 0x00007ff9b1551000 	C:\WINDOWS\System32\win32u.dll
0x00007ff9b2be0000 - 0x00007ff9b2c06000 	C:\WINDOWS\System32\GDI32.dll
0x00007ff9b12c0000 - 0x00007ff9b1454000 	C:\WINDOWS\System32\gdi32full.dll
0x00007ff9b21f0000 - 0x00007ff9b228e000 	C:\WINDOWS\System32\msvcp_win.dll
0x00007ff9b1810000 - 0x00007ff9b190a000 	C:\WINDOWS\System32\ucrtbase.dll
0x00007ff9a2b40000 - 0x00007ff9a2dc5000 	C:\WINDOWS\WinSxS\amd64_microsoft.windows.common-controls_6595b64144ccf1df_6.0.18362.356_none_e6c4af7d130f27cc\COMCTL32.dll
0x00007ff9af750000 - 0x00007ff9af75a000 	C:\WINDOWS\SYSTEM32\VERSION.dll
0x00007ff9b3ca0000 - 0x00007ff9b3fd6000 	C:\WINDOWS\System32\combase.dll
0x00007ff9b1460000 - 0x00007ff9b14e0000 	C:\WINDOWS\System32\bcryptPrimitives.dll
0x00007ff9b3c10000 - 0x00007ff9b3c3e000 	C:\WINDOWS\System32\IMM32.DLL
0x00007ff97a8e0000 - 0x00007ff97a9cf000 	C:\Program Files\Java\jdk-9.0.4\bin\msvcr120.dll
0x00007ff9866d0000 - 0x00007ff986776000 	C:\Program Files\Java\jdk-9.0.4\bin\msvcp120.dll
0x0000000064910000 - 0x0000000065335000 	C:\Program Files\Java\jdk-9.0.4\bin\server\jvm.dll
0x00007ff9b3a50000 - 0x00007ff9b3a58000 	C:\WINDOWS\System32\PSAPI.DLL
0x00007ff9aeeb0000 - 0x00007ff9aeed4000 	C:\WINDOWS\SYSTEM32\WINMM.dll
0x00007ff9a1680000 - 0x00007ff9a1689000 	C:\WINDOWS\SYSTEM32\WSOCK32.dll
0x00007ff9b2e10000 - 0x00007ff9b2e7f000 	C:\WINDOWS\System32\WS2_32.dll
0x00007ff9ad7f0000 - 0x00007ff9ad81d000 	C:\WINDOWS\SYSTEM32\winmmbase.dll
0x00007ff9b1910000 - 0x00007ff9b195a000 	C:\WINDOWS\System32\cfgmgr32.dll
0x00007ff9ad400000 - 0x00007ff9ad40f000 	C:\Program Files\Java\jdk-9.0.4\bin\verify.dll
0x00007ff99f850000 - 0x00007ff99f877000 	C:\Program Files\Java\jdk-9.0.4\bin\java.dll
0x00007ff99f820000 - 0x00007ff99f84a000 	C:\Program Files\Java\jdk-9.0.4\bin\instrument.dll
0x00007ff9a9d80000 - 0x00007ff9a9d96000 	C:\Program Files\Java\jdk-9.0.4\bin\zip.dll
0x00007ff9ac950000 - 0x00007ff9ac95a000 	C:\Program Files\Java\jdk-9.0.4\bin\jimage.dll
0x00007ff9b3090000 - 0x00007ff9b3775000 	C:\WINDOWS\System32\SHELL32.dll
0x00007ff9b2630000 - 0x00007ff9b26d9000 	C:\WINDOWS\System32\shcore.dll
0x00007ff9b19c0000 - 0x00007ff9b213e000 	C:\WINDOWS\System32\windows.storage.dll
0x00007ff9b10c0000 - 0x00007ff9b10df000 	C:\WINDOWS\System32\profapi.dll
0x00007ff9b1120000 - 0x00007ff9b116a000 	C:\WINDOWS\System32\powrprof.dll
0x00007ff9b10b0000 - 0x00007ff9b10c0000 	C:\WINDOWS\System32\UMPDC.dll
0x00007ff9b3c40000 - 0x00007ff9b3c92000 	C:\WINDOWS\System32\shlwapi.dll
0x00007ff9b1100000 - 0x00007ff9b1111000 	C:\WINDOWS\System32\kernel.appcore.dll
0x00007ff9b1510000 - 0x00007ff9b1527000 	C:\WINDOWS\System32\cryptsp.dll
0x00007ff9a90a0000 - 0x00007ff9a90ba000 	C:\Program Files\Java\jdk-9.0.4\bin\net.dll
0x00007ff9a86f0000 - 0x00007ff9a87e0000 	C:\WINDOWS\SYSTEM32\WINHTTP.dll
0x00007ff9b08c0000 - 0x00007ff9b0927000 	C:\WINDOWS\system32\mswsock.dll
0x00007ff9a6f50000 - 0x00007ff9a6f61000 	C:\Program Files\Java\jdk-9.0.4\bin\nio.dll
0x00007ff9a4ce0000 - 0x00007ff9a4cfa000 	C:\Program Files\JetBrains\IntelliJ IDEA Community Edition 2019.2.3\bin\breakgen64.dll
0x00007ff9abf70000 - 0x00007ff9abf79000 	C:\Program Files\Java\jdk-9.0.4\bin\management.dll
0x00007ff9abb70000 - 0x00007ff9abb7a000 	C:\Program Files\Java\jdk-9.0.4\bin\management_ext.dll
0x00007ff9a09d0000 - 0x00007ff9a09e6000 	C:\WINDOWS\system32\napinsp.dll
0x00007ff9a0a90000 - 0x00007ff9a0aaa000 	C:\WINDOWS\system32\pnrpnsp.dll
0x00007ff9b0610000 - 0x00007ff9b06da000 	C:\WINDOWS\SYSTEM32\DNSAPI.dll
0x00007ff9b2b50000 - 0x00007ff9b2b58000 	C:\WINDOWS\System32\NSI.dll
0x00007ff9b05d0000 - 0x00007ff9b060a000 	C:\WINDOWS\SYSTEM32\IPHLPAPI.DLL
0x00007ff9a0a60000 - 0x00007ff9a0a6e000 	C:\WINDOWS\System32\winrnr.dll
0x00007ff9abb50000 - 0x00007ff9abb6c000 	C:\WINDOWS\system32\NLAapi.dll
0x00007ff99fa80000 - 0x00007ff99fa95000 	C:\WINDOWS\system32\wshbth.dll
0x00007ff9a8450000 - 0x00007ff9a845a000 	C:\Windows\System32\rasadhlp.dll
0x00007ff9aa110000 - 0x00007ff9aa187000 	C:\WINDOWS\System32\fwpuclnt.dll
0x00007ff9b14e0000 - 0x00007ff9b1506000 	C:\WINDOWS\System32\bcrypt.dll
0x00007ff9b0430000 - 0x00007ff9b0463000 	C:\WINDOWS\system32\rsaenh.dll
0x00007ff9b0fd0000 - 0x00007ff9b0ff5000 	C:\WINDOWS\SYSTEM32\USERENV.dll
0x00007ff9b0a90000 - 0x00007ff9b0a9c000 	C:\WINDOWS\SYSTEM32\CRYPTBASE.dll
0x00007ff9aa5c0000 - 0x00007ff9aa5d6000 	C:\WINDOWS\SYSTEM32\dhcpcsvc6.DLL
0x00007ff9aa4f0000 - 0x00007ff9aa50c000 	C:\WINDOWS\SYSTEM32\dhcpcsvc.DLL
0x00007ff9a8d80000 - 0x00007ff9a8f74000 	C:\WINDOWS\SYSTEM32\dbghelp.dll

VM Arguments:
jvm_args: -javaagent:C:\Program Files\JetBrains\IntelliJ IDEA Community Edition 2019.2.3\lib\idea_rt.jar=64106:C:\Program Files\JetBrains\IntelliJ IDEA Community Edition 2019.2.3\bin -Dfile.encoding=UTF-8 
java_command: eu.execom.pomodoro.PomodoroApplication
java_class_path (initial): C:\Users\Arsenije\Desktop\pomodoro\PomodoroProject-master\target\classes;C:\Users\Arsenije\.m2\repository\org\springframework\boot\spring-boot-starter-web\2.1.4.RELEASE\spring-boot-starter-web-2.1.4.RELEASE.jar;C:\Users\Arsenije\.m2\repository\org\springframework\boot\spring-boot-starter\2.1.4.RELEASE\spring-boot-starter-2.1.4.RELEASE.jar;C:\Users\Arsenije\.m2\repository\org\springframework\boot\spring-boot\2.1.4.RELEASE\spring-boot-2.1.4.RELEASE.jar;C:\Users\Arsenije\.m2\repository\org\springframework\boot\spring-boot-autoconfigure\2.1.4.RELEASE\spring-boot-autoconfigure-2.1.4.RELEASE.jar;C:\Users\Arsenije\.m2\repository\org\springframework\boot\spring-boot-starter-logging\2.1.4.RELEASE\spring-boot-starter-logging-2.1.4.RELEASE.jar;C:\Users\Arsenije\.m2\repository\ch\qos\logback\logback-classic\1.2.3\logback-classic-1.2.3.jar;C:\Users\Arsenije\.m2\repository\ch\qos\logback\logback-core\1.2.3\logback-core-1.2.3.jar;C:\Users\Arsenije\.m2\repository\org\apache\logging\log4j\log4j-to-slf4j\2.11.2\log4j-to-slf4j-2.11.2.jar;C:\Users\Arsenije\.m2\repository\org\apache\logging\log4j\log4j-api\2.11.2\log4j-api-2.11.2.jar;C:\Users\Arsenije\.m2\repository\org\slf4j\jul-to-slf4j\1.7.26\jul-to-slf4j-1.7.26.jar;C:\Users\Arsenije\.m2\repository\javax\annotation\javax.annotation-api\1.3.2\javax.annotation-api-1.3.2.jar;C:\Users\Arsenije\.m2\repository\org\yaml\snakeyaml\1.23\snakeyaml-1.23.jar;C:\Users\Arsenije\.m2\repository\org\springframework\boot\spring-boot-starter-json\2.1.4.RELEASE\spring-boot-starter-json-2.1.4.RELEASE.jar;C:\Users\Arsenije\.m2\repository\com\fasterxml\jackson\datatype\jackson-datatype-jdk8\2.9.8\jackson-datatype-jdk8-2.9.8.jar;C:\Users\Arsenije\.m2\repository\com\fasterxml\jackson\datatype\jackson-datatype-jsr310\2.9.8\jackson-datatype-jsr310-2.9.8.jar;C:\Users\Arsenije\.m2\repository\com\fasterxml\jackson\module\jackson-module-parameter-names\2.9.8\jackson-module-parameter-names-2.9.8.jar;C:\Users\Arsenije\.m2\repository\org\
Launcher Type: SUN_STANDARD

Logging:
Log output configuration:
#0: stdout all=warning uptime,level,tags
#1: stderr all=off uptime,level,tags

Environment Variables:
JAVA_HOME=C:\Program Files\Java\jdk1.8.0_171
PATH=C:\Program Files\Docker\Docker\Resources\bin;C:\Program Files\Java\jdk-9.0.4\bin;C:\ProgramData\Oracle\Java\javapath;C:\WINDOWS\system32;C:\WINDOWS;C:\WINDOWS\System32\Wbem;C:\WINDOWS\System32\WindowsPowerShell\v1.0\;C:\Program Files (x86)\Microsoft SQL Server\Client SDK\ODBC\130\Tools\Binn\;C:\Program Files (x86)\Microsoft SQL Server\140\Tools\Binn\;C:\Program Files (x86)\Microsoft SQL Server\140\DTS\Binn\;C:\Program Files (x86)\Microsoft SQL Server\140\Tools\Binn\ManagementStudio\;D:\alati\command;C:\Program Files\MySQL\MySQL Utilities 1.6\;C:\WINDOWS\System32\OpenSSH\;C:\Program Files\Git\cmd;C:\Program Files\TortoiseGit\bin;C:\Program Files\dotnet\;C:\Program Files\Microsoft SQL Server\130\Tools\Binn\;D:\alati\Microsoft VS Code\bin;"C:\Program Files\Java\jdk1.8.0_171;C:\Program Files\Java\jre1.8.0_171;\bin;";"C:\Program Files\Java\jre1.8.0_171\bin;"C:\Program Files\Java\jdk1.8.0_171\bin;C:\Program Files\Microsoft SQL Server\Client SDK\ODBC\130\Tools\Binn\;C:\Program Files\Microsoft SQL Server\140\Tools\Binn\;C:\Program Files\Microsoft SQL Server\140\DTS\Binn\;C:\OpenSSL-Win64\bin;D:\alati\nodeJS\;C:\Users\Arsenije\AppData\Local\Programs\Python\Python36\Scripts\;C:\Users\Arsenije\AppData\Local\Programs\Python\Python36\;C:\Program Files\Java\jdk-9.0.4\bin;C:\Users\Arsenije\AppData\Local\Microsoft\WindowsApps;D:\alati\Microsoft VS Code\bin;C:\Program Files\Git\cmd;C:\Users\Arsenije\.dotnet\tools;C:\Program Files\apache-maven-3.6.0\bin;C:\Users\Arsenije\AppData\Local\Android\Sdk\platform-tools;;C:\Users\Arsenije\AppData\Local\Microsoft\WindowsApps;C:\Users\Arsenije\AppData\Roaming\npm
USERNAME=Arsenije
OS=Windows_NT
PROCESSOR_IDENTIFIER=Intel64 Family 6 Model 142 Stepping 10, GenuineIntel



---------------  S Y S T E M  ---------------

OS: Windows 10 , 64 bit Build 18362 (10.0.18362.329)

CPU:total 8 (initial active 8) (4 cores per cpu, 2 threads per core) family 6 model 142 stepping 10, cmov, cx8, fxsr, mmx, sse, sse2, sse3, ssse3, sse4.1, sse4.2, popcnt, avx, avx2, aes, clmul, erms, 3dnowpref, lzcnt, ht, tsc, tscinvbit, bmi1, bmi2, adx, fma

Memory: 4k page, physical 8261220k(1311788k free), swap 15839088k(10692k free)

vm_info: Java HotSpot(TM) 64-Bit Server VM (9.0.4+11) for windows-amd64 JRE (9.0.4+11), built on Dec 20 2017 02:18:54 by "mach5one" with MS VC++ 12.0 (VS2013)

END.
